---------------------------------------------------------------
[ 2018-08-12T23:38:03+08:00 ] 114.24.12.89 GET /index/caiji/rouqilei_list/
[ sql ] [ DB ] CONNECT:[ UseTime:0.041506s ] mysql:host=127.0.0.1;dbname=fastadmin;charset=utf8
[ sql ] [ SQL ] SHOW COLUMNS FROM `fa_user_token` [ RunTime:0.005001s ]
[ sql ] [ SQL ] SELECT * FROM `fa_user_token` WHERE  `token` = 'd8aa945b8448d8a41ab99c04b04f9e522294b47c' LIMIT 1 [ RunTime:0.000500s ]
---------------------------------------------------------------
[ 2018-08-12T23:38:49+08:00 ] 114.24.12.89 POST /index/user/login.html
[ sql ] [ DB ] CONNECT:[ UseTime:0.013502s ] mysql:host=127.0.0.1;dbname=fastadmin;charset=utf8
[ sql ] [ SQL ] SHOW COLUMNS FROM `fa_user` [ RunTime:0.008501s ]
[ sql ] [ SQL ] SELECT * FROM `fa_user` WHERE  `username` = 'mchotdog' LIMIT 1 [ RunTime:0.002000s ]
---------------------------------------------------------------
[ 2018-08-12T23:38:58+08:00 ] 114.24.12.89 POST /index/user/login.html
[ sql ] [ DB ] CONNECT:[ UseTime:0.003001s ] mysql:host=127.0.0.1;dbname=fastadmin;charset=utf8
[ sql ] [ SQL ] SHOW COLUMNS FROM `fa_user` [ RunTime:0.004500s ]
[ sql ] [ SQL ] SELECT * FROM `fa_user` WHERE  `email` = '85281733@qq.com' LIMIT 1 [ RunTime:0.001000s ]
---------------------------------------------------------------
[ 2018-08-12T23:39:02+08:00 ] 114.24.12.89 POST /index/user/login.html
[ sql ] [ DB ] CONNECT:[ UseTime:0.004500s ] mysql:host=127.0.0.1;dbname=fastadmin;charset=utf8
[ sql ] [ SQL ] SHOW COLUMNS FROM `fa_user` [ RunTime:0.006500s ]
[ sql ] [ SQL ] SELECT * FROM `fa_user` WHERE  `email` = '85281733@qq.com' LIMIT 1 [ RunTime:0.001500s ]
[ sql ] [ SQL ] SELECT * FROM `fa_user` WHERE  `id` = 2 LIMIT 1 [ RunTime:0.001000s ]
[ sql ] [ SQL ] UPDATE `fa_user`  SET `logintime`=1534088342,`updatetime`=1534088342  WHERE  `id` = 2 [ RunTime:0.004500s ]
[ sql ] [ SQL ] SHOW COLUMNS FROM `fa_user_token` [ RunTime:0.005001s ]
[ sql ] [ SQL ] INSERT INTO `fa_user_token` (`token` , `user_id` , `createtime` , `expiretime`) VALUES ('7db707e8b4b047f8c395a08e8b6f3a7a7d04124a' , 2 , 1534088342 , 1536680342) [ RunTime:0.003001s ]
---------------------------------------------------------------
[ 2018-08-12T23:39:04+08:00 ] 114.24.12.89 GET /index/user/index.html
[ sql ] [ DB ] CONNECT:[ UseTime:0.011502s ] mysql:host=127.0.0.1;dbname=fastadmin;charset=utf8
[ sql ] [ SQL ] SHOW COLUMNS FROM `fa_user_token` [ RunTime:0.007001s ]
[ sql ] [ SQL ] SELECT * FROM `fa_user_token` WHERE  `token` = '7db707e8b4b047f8c395a08e8b6f3a7a7d04124a' LIMIT 1 [ RunTime:0.000500s ]
[ sql ] [ SQL ] SHOW COLUMNS FROM `fa_user` [ RunTime:0.005501s ]
[ sql ] [ SQL ] SELECT * FROM `fa_user` WHERE  `id` = 2 LIMIT 1 [ RunTime:0.001000s ]
---------------------------------------------------------------
[ 2018-08-12T23:39:04+08:00 ] 114.24.12.89 GET /index/ajax/lang?callback=define&controllername=user&v=1.0.1
[ sql ] [ DB ] CONNECT:[ UseTime:0.003500s ] mysql:host=127.0.0.1;dbname=fastadmin;charset=utf8
[ sql ] [ SQL ] SHOW COLUMNS FROM `fa_user_token` [ RunTime:0.004001s ]
[ sql ] [ SQL ] SELECT * FROM `fa_user_token` WHERE  `token` = '7db707e8b4b047f8c395a08e8b6f3a7a7d04124a' LIMIT 1 [ RunTime:0.000500s ]
[ sql ] [ SQL ] SHOW COLUMNS FROM `fa_user` [ RunTime:0.004001s ]
[ sql ] [ SQL ] SELECT * FROM `fa_user` WHERE  `id` = 2 LIMIT 1 [ RunTime:0.001000s ]
---------------------------------------------------------------
[ 2018-08-12T23:39:30+08:00 ] 114.24.12.89 GET /index/caiji/rouqilei/
[ error ] [1]Class 'QL\QueryList' not found
---------------------------------------------------------------
[ 2018-08-12T23:39:43+08:00 ] 114.24.12.89 GET /index/caiji/rouqilei/
[ error ] [1]Class 'QL\QueryList' not found
---------------------------------------------------------------
[ 2018-08-12T23:39:44+08:00 ] 114.24.12.89 GET /index/caiji/rouqilei/
[ error ] [1]Class 'QL\QueryList' not found
---------------------------------------------------------------
[ 2018-08-12T23:39:44+08:00 ] 114.24.12.89 GET /index/caiji/rouqilei/
[ error ] [1]Class 'QL\QueryList' not found
---------------------------------------------------------------
[ 2018-08-12T23:39:44+08:00 ] 114.24.12.89 GET /index/caiji/rouqilei/
[ error ] [1]Class 'QL\QueryList' not found
---------------------------------------------------------------
[ 2018-08-12T23:39:44+08:00 ] 114.24.12.89 GET /index/caiji/rouqilei/
[ error ] [1]Class 'QL\QueryList' not found
---------------------------------------------------------------
[ 2018-08-12T23:39:44+08:00 ] 114.24.12.89 GET /index/caiji/rouqilei/
[ error ] [1]Class 'QL\QueryList' not found
---------------------------------------------------------------
[ 2018-08-12T23:39:45+08:00 ] 114.24.12.89 GET /index/caiji/rouqilei/
[ error ] [1]Class 'QL\QueryList' not found
---------------------------------------------------------------
[ 2018-08-12T23:39:45+08:00 ] 114.24.12.89 GET /index/caiji/rouqilei/
[ error ] [1]Class 'QL\QueryList' not found
---------------------------------------------------------------
[ 2018-08-12T23:39:45+08:00 ] 114.24.12.89 GET /index/caiji/rouqilei/
[ error ] [1]Class 'QL\QueryList' not found
---------------------------------------------------------------
[ 2018-08-12T23:39:45+08:00 ] 114.24.12.89 GET /index/caiji/rouqilei/
[ error ] [1]Class 'QL\QueryList' not found
---------------------------------------------------------------
[ 2018-08-12T23:39:45+08:00 ] 114.24.12.89 GET /index/caiji/rouqilei/
[ error ] [1]Class 'QL\QueryList' not found
---------------------------------------------------------------
[ 2018-08-12T23:39:46+08:00 ] 114.24.12.89 GET /index/caiji/rouqilei/
[ error ] [1]Class 'QL\QueryList' not found
---------------------------------------------------------------
[ 2018-08-12T23:39:46+08:00 ] 114.24.12.89 GET /index/caiji/rouqilei/
[ error ] [1]Class 'QL\QueryList' not found
---------------------------------------------------------------
[ 2018-08-12T23:39:46+08:00 ] 114.24.12.89 GET /index/caiji/rouqilei/
[ error ] [1]Class 'QL\QueryList' not found
---------------------------------------------------------------
[ 2018-08-12T23:39:47+08:00 ] 114.24.12.89 GET /index/caiji/rouqilei/
[ error ] [1]Class 'QL\QueryList' not found
---------------------------------------------------------------
[ 2018-08-12T23:41:02+08:00 ] 114.24.12.89 GET /index/caiji/
[ error ] [1]Class 'QL\QueryList' not found
---------------------------------------------------------------
[ 2018-08-12T23:41:26+08:00 ] 114.24.12.89 GET /index/caiji/
[ error ] [1]Class 'QL\QueryList' not found
---------------------------------------------------------------
[ 2018-08-12T23:41:27+08:00 ] 114.24.12.89 GET /index/caiji/
[ error ] [1]Class 'QL\QueryList' not found
---------------------------------------------------------------
[ 2018-08-12T23:41:27+08:00 ] 114.24.12.89 GET /index/caiji/
[ error ] [1]Class 'QL\QueryList' not found
---------------------------------------------------------------
[ 2018-08-12T23:41:27+08:00 ] 114.24.12.89 GET /index/caiji/
[ error ] [1]Class 'QL\QueryList' not found
---------------------------------------------------------------
[ 2018-08-12T23:41:27+08:00 ] 114.24.12.89 GET /index/caiji/
[ error ] [1]Class 'QL\QueryList' not found
---------------------------------------------------------------
[ 2018-08-12T23:43:18+08:00 ] 114.24.12.89 GET /index/caiji/
[ error ] [1]Class 'QL\QueryList' not found
---------------------------------------------------------------
[ 2018-08-12T23:43:19+08:00 ] 114.24.12.89 GET /index/caiji/
[ error ] [1]Class 'QL\QueryList' not found
---------------------------------------------------------------
[ 2018-08-12T23:44:19+08:00 ] 114.24.12.89 GET /index/caiji/
[ info ] www.meishiheavn.loc/index/caiji/ [运行时间：0.105513s][吞吐率：9.48req/s] [内存消耗：2,241.16kb] [文件加载：56]
[ info ] [ BEHAVIOR ] Run Closure @app_init [ RunTime:0.000000s ]
[ info ] [ CACHE ] INIT File
[ info ] [ BEHAVIOR ] Run Closure @app_init [ RunTime:0.006001s ]
[ info ] [ LANG ] E:\wamp\www\meishiheavn\thinkphp\lang\zh-cn.php
[ info ] [ ROUTE ] array (
  'type' => 'module',
  'module' => 
  array (
    0 => 'index',
    1 => 'caiji',
    2 => NULL,
  ),
)
[ info ] [ HEADER ] array (
  'host' => 'www.meishiheavn.loc',
  'connection' => 'keep-alive',
  'cache-control' => 'max-age=0',
  'upgrade-insecure-requests' => '1',
  'user-agent' => 'Mozilla/5.0 (Windows NT 6.1; Win64; x64) AppleWebKit/537.36 (KHTML, like Gecko) Chrome/65.0.3325.181 Safari/537.36',
  'accept' => 'text/html,application/xhtml+xml,application/xml;q=0.9,image/webp,image/apng,*/*;q=0.8',
  'accept-encoding' => 'gzip, deflate',
  'accept-language' => 'zh-CN,zh;q=0.9',
  'cookie' => 'Hm_lvt_f8d0a8c400404989e195270b0bbf060a=1534084210; Hm_lpvt_f8d0a8c400404989e195270b0bbf060a=1534088255; PHPSESSID=vb2329qej4pn69raj8ekiu6r72; uid=2; token=823d45c1-7550-4a42-8b84-e9e43435dd86',
  'x-forwarded-for' => '114.24.12.89',
)
[ info ] [ PARAM ] array (
)
[ info ] [ LANG ] E:\wamp\www\meishiheavn\public/../application/index\lang\zh-cn.php
[ info ] [ BEHAVIOR ] Run app\common\behavior\Common @module_init [ RunTime:0.003500s ]
[ info ] [ RUN ] app\index\controller\Caiji->index[ E:\wamp\www\meishiheavn\application\index\controller\Caiji.php ]
[ info ] [ LOG ] INIT File
[ error ] [1]Class 'QL\QueryList' not found[E:\wamp\www\meishiheavn\application\index\controller\Caiji.php:42]
---------------------------------------------------------------
[ 2018-08-12T23:45:36+08:00 ] 114.24.12.89 GET /index/caiji/
[ info ] www.meishiheavn.loc/index/caiji/ [运行时间：0.110014s][吞吐率：9.09req/s] [内存消耗：2,241.43kb] [文件加载：56]
[ info ] [ BEHAVIOR ] Run Closure @app_init [ RunTime:0.000000s ]
[ info ] [ CACHE ] INIT File
[ info ] [ BEHAVIOR ] Run Closure @app_init [ RunTime:0.007001s ]
[ info ] [ LANG ] E:\wamp\www\meishiheavn\thinkphp\lang\zh-cn.php
[ info ] [ ROUTE ] array (
  'type' => 'module',
  'module' => 
  array (
    0 => 'index',
    1 => 'caiji',
    2 => NULL,
  ),
)
[ info ] [ HEADER ] array (
  'host' => 'www.meishiheavn.loc',
  'connection' => 'keep-alive',
  'cache-control' => 'max-age=0',
  'upgrade-insecure-requests' => '1',
  'user-agent' => 'Mozilla/5.0 (Windows NT 6.1; Win64; x64) AppleWebKit/537.36 (KHTML, like Gecko) Chrome/65.0.3325.181 Safari/537.36',
  'accept' => 'text/html,application/xhtml+xml,application/xml;q=0.9,image/webp,image/apng,*/*;q=0.8',
  'accept-encoding' => 'gzip, deflate',
  'accept-language' => 'zh-CN,zh;q=0.9',
  'cookie' => 'thinkphp_show_page_trace=0|0; Hm_lvt_f8d0a8c400404989e195270b0bbf060a=1534084210; Hm_lpvt_f8d0a8c400404989e195270b0bbf060a=1534088255; PHPSESSID=vb2329qej4pn69raj8ekiu6r72; uid=2; token=823d45c1-7550-4a42-8b84-e9e43435dd86',
  'x-forwarded-for' => '114.24.12.89',
)
[ info ] [ PARAM ] array (
)
[ info ] [ LANG ] E:\wamp\www\meishiheavn\public/../application/index\lang\zh-cn.php
[ info ] [ BEHAVIOR ] Run app\common\behavior\Common @module_init [ RunTime:0.004000s ]
[ info ] [ RUN ] app\index\controller\Caiji->index[ E:\wamp\www\meishiheavn\application\index\controller\Caiji.php ]
[ info ] [ LOG ] INIT File
[ error ] [1]Class 'vendor\querylist\QueryList' not found[E:\wamp\www\meishiheavn\application\index\controller\Caiji.php:42]
---------------------------------------------------------------
[ 2018-08-12T23:46:40+08:00 ] 114.24.12.89 GET /index/caiji/
[ info ] www.meishiheavn.loc/index/caiji/ [运行时间：0.104514s][吞吐率：9.57req/s] [内存消耗：2,241.35kb] [文件加载：56]
[ info ] [ BEHAVIOR ] Run Closure @app_init [ RunTime:0.000000s ]
[ info ] [ CACHE ] INIT File
[ info ] [ BEHAVIOR ] Run Closure @app_init [ RunTime:0.005500s ]
[ info ] [ LANG ] E:\wamp\www\meishiheavn\thinkphp\lang\zh-cn.php
[ info ] [ ROUTE ] array (
  'type' => 'module',
  'module' => 
  array (
    0 => 'index',
    1 => 'caiji',
    2 => NULL,
  ),
)
[ info ] [ HEADER ] array (
  'host' => 'www.meishiheavn.loc',
  'connection' => 'keep-alive',
  'cache-control' => 'max-age=0',
  'upgrade-insecure-requests' => '1',
  'user-agent' => 'Mozilla/5.0 (Windows NT 6.1; Win64; x64) AppleWebKit/537.36 (KHTML, like Gecko) Chrome/65.0.3325.181 Safari/537.36',
  'accept' => 'text/html,application/xhtml+xml,application/xml;q=0.9,image/webp,image/apng,*/*;q=0.8',
  'accept-encoding' => 'gzip, deflate',
  'accept-language' => 'zh-CN,zh;q=0.9',
  'cookie' => 'thinkphp_show_page_trace=0|0; Hm_lvt_f8d0a8c400404989e195270b0bbf060a=1534084210; Hm_lpvt_f8d0a8c400404989e195270b0bbf060a=1534088255; PHPSESSID=vb2329qej4pn69raj8ekiu6r72; uid=2; token=823d45c1-7550-4a42-8b84-e9e43435dd86',
  'x-forwarded-for' => '114.24.12.89',
)
[ info ] [ PARAM ] array (
)
[ info ] [ LANG ] E:\wamp\www\meishiheavn\public/../application/index\lang\zh-cn.php
[ info ] [ BEHAVIOR ] Run app\common\behavior\Common @module_init [ RunTime:0.003500s ]
[ info ] [ RUN ] app\index\controller\Caiji->index[ E:\wamp\www\meishiheavn\application\index\controller\Caiji.php ]
[ info ] [ LOG ] INIT File
[ error ] [1]Class 'vendor\querylist\QL\QueryList' not found[E:\wamp\www\meishiheavn\application\index\controller\Caiji.php:42]
---------------------------------------------------------------
[ 2018-08-12T23:46:41+08:00 ] 114.24.12.89 GET /index/caiji/
[ info ] www.meishiheavn.loc/index/caiji/ [运行时间：0.109014s][吞吐率：9.17req/s] [内存消耗：2,241.35kb] [文件加载：56]
[ info ] [ BEHAVIOR ] Run Closure @app_init [ RunTime:0.000500s ]
[ info ] [ CACHE ] INIT File
[ info ] [ BEHAVIOR ] Run Closure @app_init [ RunTime:0.007001s ]
[ info ] [ LANG ] E:\wamp\www\meishiheavn\thinkphp\lang\zh-cn.php
[ info ] [ ROUTE ] array (
  'type' => 'module',
  'module' => 
  array (
    0 => 'index',
    1 => 'caiji',
    2 => NULL,
  ),
)
[ info ] [ HEADER ] array (
  'host' => 'www.meishiheavn.loc',
  'connection' => 'keep-alive',
  'cache-control' => 'max-age=0',
  'upgrade-insecure-requests' => '1',
  'user-agent' => 'Mozilla/5.0 (Windows NT 6.1; Win64; x64) AppleWebKit/537.36 (KHTML, like Gecko) Chrome/65.0.3325.181 Safari/537.36',
  'accept' => 'text/html,application/xhtml+xml,application/xml;q=0.9,image/webp,image/apng,*/*;q=0.8',
  'accept-encoding' => 'gzip, deflate',
  'accept-language' => 'zh-CN,zh;q=0.9',
  'cookie' => 'thinkphp_show_page_trace=0|0; Hm_lvt_f8d0a8c400404989e195270b0bbf060a=1534084210; Hm_lpvt_f8d0a8c400404989e195270b0bbf060a=1534088255; PHPSESSID=vb2329qej4pn69raj8ekiu6r72; uid=2; token=823d45c1-7550-4a42-8b84-e9e43435dd86',
  'x-forwarded-for' => '114.24.12.89',
)
[ info ] [ PARAM ] array (
)
[ info ] [ LANG ] E:\wamp\www\meishiheavn\public/../application/index\lang\zh-cn.php
[ info ] [ BEHAVIOR ] Run app\common\behavior\Common @module_init [ RunTime:0.003500s ]
[ info ] [ RUN ] app\index\controller\Caiji->index[ E:\wamp\www\meishiheavn\application\index\controller\Caiji.php ]
[ info ] [ LOG ] INIT File
[ error ] [1]Class 'vendor\querylist\QL\QueryList' not found[E:\wamp\www\meishiheavn\application\index\controller\Caiji.php:42]
---------------------------------------------------------------
[ 2018-08-12T23:46:41+08:00 ] 114.24.12.89 GET /index/caiji/
[ info ] www.meishiheavn.loc/index/caiji/ [运行时间：0.107514s][吞吐率：9.30req/s] [内存消耗：2,241.35kb] [文件加载：56]
[ info ] [ BEHAVIOR ] Run Closure @app_init [ RunTime:0.000000s ]
[ info ] [ CACHE ] INIT File
[ info ] [ BEHAVIOR ] Run Closure @app_init [ RunTime:0.006001s ]
[ info ] [ LANG ] E:\wamp\www\meishiheavn\thinkphp\lang\zh-cn.php
[ info ] [ ROUTE ] array (
  'type' => 'module',
  'module' => 
  array (
    0 => 'index',
    1 => 'caiji',
    2 => NULL,
  ),
)
[ info ] [ HEADER ] array (
  'host' => 'www.meishiheavn.loc',
  'connection' => 'keep-alive',
  'cache-control' => 'max-age=0',
  'upgrade-insecure-requests' => '1',
  'user-agent' => 'Mozilla/5.0 (Windows NT 6.1; Win64; x64) AppleWebKit/537.36 (KHTML, like Gecko) Chrome/65.0.3325.181 Safari/537.36',
  'accept' => 'text/html,application/xhtml+xml,application/xml;q=0.9,image/webp,image/apng,*/*;q=0.8',
  'accept-encoding' => 'gzip, deflate',
  'accept-language' => 'zh-CN,zh;q=0.9',
  'cookie' => 'thinkphp_show_page_trace=0|0; Hm_lvt_f8d0a8c400404989e195270b0bbf060a=1534084210; Hm_lpvt_f8d0a8c400404989e195270b0bbf060a=1534088255; PHPSESSID=vb2329qej4pn69raj8ekiu6r72; uid=2; token=823d45c1-7550-4a42-8b84-e9e43435dd86',
  'x-forwarded-for' => '114.24.12.89',
)
[ info ] [ PARAM ] array (
)
[ info ] [ LANG ] E:\wamp\www\meishiheavn\public/../application/index\lang\zh-cn.php
[ info ] [ BEHAVIOR ] Run app\common\behavior\Common @module_init [ RunTime:0.004500s ]
[ info ] [ RUN ] app\index\controller\Caiji->index[ E:\wamp\www\meishiheavn\application\index\controller\Caiji.php ]
[ info ] [ LOG ] INIT File
[ error ] [1]Class 'vendor\querylist\QL\QueryList' not found[E:\wamp\www\meishiheavn\application\index\controller\Caiji.php:42]
---------------------------------------------------------------
[ 2018-08-12T23:46:42+08:00 ] 114.24.12.89 GET /index/caiji/
[ info ] www.meishiheavn.loc/index/caiji/ [运行时间：0.107513s][吞吐率：9.30req/s] [内存消耗：2,241.35kb] [文件加载：56]
[ info ] [ BEHAVIOR ] Run Closure @app_init [ RunTime:0.000000s ]
[ info ] [ CACHE ] INIT File
[ info ] [ BEHAVIOR ] Run Closure @app_init [ RunTime:0.006001s ]
[ info ] [ LANG ] E:\wamp\www\meishiheavn\thinkphp\lang\zh-cn.php
[ info ] [ ROUTE ] array (
  'type' => 'module',
  'module' => 
  array (
    0 => 'index',
    1 => 'caiji',
    2 => NULL,
  ),
)
[ info ] [ HEADER ] array (
  'host' => 'www.meishiheavn.loc',
  'connection' => 'keep-alive',
  'cache-control' => 'max-age=0',
  'upgrade-insecure-requests' => '1',
  'user-agent' => 'Mozilla/5.0 (Windows NT 6.1; Win64; x64) AppleWebKit/537.36 (KHTML, like Gecko) Chrome/65.0.3325.181 Safari/537.36',
  'accept' => 'text/html,application/xhtml+xml,application/xml;q=0.9,image/webp,image/apng,*/*;q=0.8',
  'accept-encoding' => 'gzip, deflate',
  'accept-language' => 'zh-CN,zh;q=0.9',
  'cookie' => 'thinkphp_show_page_trace=0|0; Hm_lvt_f8d0a8c400404989e195270b0bbf060a=1534084210; Hm_lpvt_f8d0a8c400404989e195270b0bbf060a=1534088255; PHPSESSID=vb2329qej4pn69raj8ekiu6r72; uid=2; token=823d45c1-7550-4a42-8b84-e9e43435dd86',
  'x-forwarded-for' => '114.24.12.89',
)
[ info ] [ PARAM ] array (
)
[ info ] [ LANG ] E:\wamp\www\meishiheavn\public/../application/index\lang\zh-cn.php
[ info ] [ BEHAVIOR ] Run app\common\behavior\Common @module_init [ RunTime:0.006000s ]
[ info ] [ RUN ] app\index\controller\Caiji->index[ E:\wamp\www\meishiheavn\application\index\controller\Caiji.php ]
[ info ] [ LOG ] INIT File
[ error ] [1]Class 'vendor\querylist\QL\QueryList' not found[E:\wamp\www\meishiheavn\application\index\controller\Caiji.php:42]
---------------------------------------------------------------
[ 2018-08-12T23:46:42+08:00 ] 114.24.12.89 GET /index/caiji/
[ info ] www.meishiheavn.loc/index/caiji/ [运行时间：0.097013s][吞吐率：10.31req/s] [内存消耗：2,241.35kb] [文件加载：56]
[ info ] [ BEHAVIOR ] Run Closure @app_init [ RunTime:0.000000s ]
[ info ] [ CACHE ] INIT File
[ info ] [ BEHAVIOR ] Run Closure @app_init [ RunTime:0.006001s ]
[ info ] [ LANG ] E:\wamp\www\meishiheavn\thinkphp\lang\zh-cn.php
[ info ] [ ROUTE ] array (
  'type' => 'module',
  'module' => 
  array (
    0 => 'index',
    1 => 'caiji',
    2 => NULL,
  ),
)
[ info ] [ HEADER ] array (
  'host' => 'www.meishiheavn.loc',
  'connection' => 'keep-alive',
  'cache-control' => 'max-age=0',
  'upgrade-insecure-requests' => '1',
  'user-agent' => 'Mozilla/5.0 (Windows NT 6.1; Win64; x64) AppleWebKit/537.36 (KHTML, like Gecko) Chrome/65.0.3325.181 Safari/537.36',
  'accept' => 'text/html,application/xhtml+xml,application/xml;q=0.9,image/webp,image/apng,*/*;q=0.8',
  'accept-encoding' => 'gzip, deflate',
  'accept-language' => 'zh-CN,zh;q=0.9',
  'cookie' => 'thinkphp_show_page_trace=0|0; Hm_lvt_f8d0a8c400404989e195270b0bbf060a=1534084210; Hm_lpvt_f8d0a8c400404989e195270b0bbf060a=1534088255; PHPSESSID=vb2329qej4pn69raj8ekiu6r72; uid=2; token=823d45c1-7550-4a42-8b84-e9e43435dd86',
  'x-forwarded-for' => '114.24.12.89',
)
[ info ] [ PARAM ] array (
)
[ info ] [ LANG ] E:\wamp\www\meishiheavn\public/../application/index\lang\zh-cn.php
[ info ] [ BEHAVIOR ] Run app\common\behavior\Common @module_init [ RunTime:0.003000s ]
[ info ] [ RUN ] app\index\controller\Caiji->index[ E:\wamp\www\meishiheavn\application\index\controller\Caiji.php ]
[ info ] [ LOG ] INIT File
[ error ] [1]Class 'vendor\querylist\QL\QueryList' not found[E:\wamp\www\meishiheavn\application\index\controller\Caiji.php:42]
---------------------------------------------------------------
[ 2018-08-12T23:46:42+08:00 ] 114.24.12.89 GET /index/caiji/
[ info ] www.meishiheavn.loc/index/caiji/ [运行时间：0.103014s][吞吐率：9.71req/s] [内存消耗：2,241.35kb] [文件加载：56]
[ info ] [ BEHAVIOR ] Run Closure @app_init [ RunTime:0.000000s ]
[ info ] [ CACHE ] INIT File
[ info ] [ BEHAVIOR ] Run Closure @app_init [ RunTime:0.005500s ]
[ info ] [ LANG ] E:\wamp\www\meishiheavn\thinkphp\lang\zh-cn.php
[ info ] [ ROUTE ] array (
  'type' => 'module',
  'module' => 
  array (
    0 => 'index',
    1 => 'caiji',
    2 => NULL,
  ),
)
[ info ] [ HEADER ] array (
  'host' => 'www.meishiheavn.loc',
  'connection' => 'keep-alive',
  'cache-control' => 'max-age=0',
  'upgrade-insecure-requests' => '1',
  'user-agent' => 'Mozilla/5.0 (Windows NT 6.1; Win64; x64) AppleWebKit/537.36 (KHTML, like Gecko) Chrome/65.0.3325.181 Safari/537.36',
  'accept' => 'text/html,application/xhtml+xml,application/xml;q=0.9,image/webp,image/apng,*/*;q=0.8',
  'accept-encoding' => 'gzip, deflate',
  'accept-language' => 'zh-CN,zh;q=0.9',
  'cookie' => 'thinkphp_show_page_trace=0|0; Hm_lvt_f8d0a8c400404989e195270b0bbf060a=1534084210; Hm_lpvt_f8d0a8c400404989e195270b0bbf060a=1534088255; PHPSESSID=vb2329qej4pn69raj8ekiu6r72; uid=2; token=823d45c1-7550-4a42-8b84-e9e43435dd86',
  'x-forwarded-for' => '114.24.12.89',
)
[ info ] [ PARAM ] array (
)
[ info ] [ LANG ] E:\wamp\www\meishiheavn\public/../application/index\lang\zh-cn.php
[ info ] [ BEHAVIOR ] Run app\common\behavior\Common @module_init [ RunTime:0.003500s ]
[ info ] [ RUN ] app\index\controller\Caiji->index[ E:\wamp\www\meishiheavn\application\index\controller\Caiji.php ]
[ info ] [ LOG ] INIT File
[ error ] [1]Class 'vendor\querylist\QL\QueryList' not found[E:\wamp\www\meishiheavn\application\index\controller\Caiji.php:42]
---------------------------------------------------------------
[ 2018-08-12T23:46:43+08:00 ] 114.24.12.89 GET /index/caiji/
[ info ] www.meishiheavn.loc/index/caiji/ [运行时间：0.099513s][吞吐率：10.05req/s] [内存消耗：2,241.35kb] [文件加载：56]
[ info ] [ BEHAVIOR ] Run Closure @app_init [ RunTime:0.000500s ]
[ info ] [ CACHE ] INIT File
[ info ] [ BEHAVIOR ] Run Closure @app_init [ RunTime:0.006001s ]
[ info ] [ LANG ] E:\wamp\www\meishiheavn\thinkphp\lang\zh-cn.php
[ info ] [ ROUTE ] array (
  'type' => 'module',
  'module' => 
  array (
    0 => 'index',
    1 => 'caiji',
    2 => NULL,
  ),
)
[ info ] [ HEADER ] array (
  'host' => 'www.meishiheavn.loc',
  'connection' => 'keep-alive',
  'cache-control' => 'max-age=0',
  'upgrade-insecure-requests' => '1',
  'user-agent' => 'Mozilla/5.0 (Windows NT 6.1; Win64; x64) AppleWebKit/537.36 (KHTML, like Gecko) Chrome/65.0.3325.181 Safari/537.36',
  'accept' => 'text/html,application/xhtml+xml,application/xml;q=0.9,image/webp,image/apng,*/*;q=0.8',
  'accept-encoding' => 'gzip, deflate',
  'accept-language' => 'zh-CN,zh;q=0.9',
  'cookie' => 'thinkphp_show_page_trace=0|0; Hm_lvt_f8d0a8c400404989e195270b0bbf060a=1534084210; Hm_lpvt_f8d0a8c400404989e195270b0bbf060a=1534088255; PHPSESSID=vb2329qej4pn69raj8ekiu6r72; uid=2; token=823d45c1-7550-4a42-8b84-e9e43435dd86',
  'x-forwarded-for' => '114.24.12.89',
)
[ info ] [ PARAM ] array (
)
[ info ] [ LANG ] E:\wamp\www\meishiheavn\public/../application/index\lang\zh-cn.php
[ info ] [ BEHAVIOR ] Run app\common\behavior\Common @module_init [ RunTime:0.003501s ]
[ info ] [ RUN ] app\index\controller\Caiji->index[ E:\wamp\www\meishiheavn\application\index\controller\Caiji.php ]
[ info ] [ LOG ] INIT File
[ error ] [1]Class 'vendor\querylist\QL\QueryList' not found[E:\wamp\www\meishiheavn\application\index\controller\Caiji.php:42]
---------------------------------------------------------------
[ 2018-08-12T23:46:43+08:00 ] 114.24.12.89 GET /index/caiji/
[ info ] www.meishiheavn.loc/index/caiji/ [运行时间：0.104014s][吞吐率：9.61req/s] [内存消耗：2,241.35kb] [文件加载：56]
[ info ] [ BEHAVIOR ] Run Closure @app_init [ RunTime:0.000500s ]
[ info ] [ CACHE ] INIT File
[ info ] [ BEHAVIOR ] Run Closure @app_init [ RunTime:0.005501s ]
[ info ] [ LANG ] E:\wamp\www\meishiheavn\thinkphp\lang\zh-cn.php
[ info ] [ ROUTE ] array (
  'type' => 'module',
  'module' => 
  array (
    0 => 'index',
    1 => 'caiji',
    2 => NULL,
  ),
)
[ info ] [ HEADER ] array (
  'host' => 'www.meishiheavn.loc',
  'connection' => 'keep-alive',
  'cache-control' => 'max-age=0',
  'upgrade-insecure-requests' => '1',
  'user-agent' => 'Mozilla/5.0 (Windows NT 6.1; Win64; x64) AppleWebKit/537.36 (KHTML, like Gecko) Chrome/65.0.3325.181 Safari/537.36',
  'accept' => 'text/html,application/xhtml+xml,application/xml;q=0.9,image/webp,image/apng,*/*;q=0.8',
  'accept-encoding' => 'gzip, deflate',
  'accept-language' => 'zh-CN,zh;q=0.9',
  'cookie' => 'thinkphp_show_page_trace=0|0; Hm_lvt_f8d0a8c400404989e195270b0bbf060a=1534084210; Hm_lpvt_f8d0a8c400404989e195270b0bbf060a=1534088255; PHPSESSID=vb2329qej4pn69raj8ekiu6r72; uid=2; token=823d45c1-7550-4a42-8b84-e9e43435dd86',
  'x-forwarded-for' => '114.24.12.89',
)
[ info ] [ PARAM ] array (
)
[ info ] [ LANG ] E:\wamp\www\meishiheavn\public/../application/index\lang\zh-cn.php
[ info ] [ BEHAVIOR ] Run app\common\behavior\Common @module_init [ RunTime:0.003500s ]
[ info ] [ RUN ] app\index\controller\Caiji->index[ E:\wamp\www\meishiheavn\application\index\controller\Caiji.php ]
[ info ] [ LOG ] INIT File
[ error ] [1]Class 'vendor\querylist\QL\QueryList' not found[E:\wamp\www\meishiheavn\application\index\controller\Caiji.php:42]
---------------------------------------------------------------
[ 2018-08-12T23:46:43+08:00 ] 114.24.12.89 GET /index/caiji/
[ info ] www.meishiheavn.loc/index/caiji/ [运行时间：0.093511s][吞吐率：10.69req/s] [内存消耗：2,241.35kb] [文件加载：56]
[ info ] [ BEHAVIOR ] Run Closure @app_init [ RunTime:0.000500s ]
[ info ] [ CACHE ] INIT File
[ info ] [ BEHAVIOR ] Run Closure @app_init [ RunTime:0.006001s ]
[ info ] [ LANG ] E:\wamp\www\meishiheavn\thinkphp\lang\zh-cn.php
[ info ] [ ROUTE ] array (
  'type' => 'module',
  'module' => 
  array (
    0 => 'index',
    1 => 'caiji',
    2 => NULL,
  ),
)
[ info ] [ HEADER ] array (
  'host' => 'www.meishiheavn.loc',
  'connection' => 'keep-alive',
  'cache-control' => 'max-age=0',
  'upgrade-insecure-requests' => '1',
  'user-agent' => 'Mozilla/5.0 (Windows NT 6.1; Win64; x64) AppleWebKit/537.36 (KHTML, like Gecko) Chrome/65.0.3325.181 Safari/537.36',
  'accept' => 'text/html,application/xhtml+xml,application/xml;q=0.9,image/webp,image/apng,*/*;q=0.8',
  'accept-encoding' => 'gzip, deflate',
  'accept-language' => 'zh-CN,zh;q=0.9',
  'cookie' => 'thinkphp_show_page_trace=0|0; Hm_lvt_f8d0a8c400404989e195270b0bbf060a=1534084210; Hm_lpvt_f8d0a8c400404989e195270b0bbf060a=1534088255; PHPSESSID=vb2329qej4pn69raj8ekiu6r72; uid=2; token=823d45c1-7550-4a42-8b84-e9e43435dd86',
  'x-forwarded-for' => '114.24.12.89',
)
[ info ] [ PARAM ] array (
)
[ info ] [ LANG ] E:\wamp\www\meishiheavn\public/../application/index\lang\zh-cn.php
[ info ] [ BEHAVIOR ] Run app\common\behavior\Common @module_init [ RunTime:0.003000s ]
[ info ] [ RUN ] app\index\controller\Caiji->index[ E:\wamp\www\meishiheavn\application\index\controller\Caiji.php ]
[ info ] [ LOG ] INIT File
[ error ] [1]Class 'vendor\querylist\QL\QueryList' not found[E:\wamp\www\meishiheavn\application\index\controller\Caiji.php:42]
---------------------------------------------------------------
[ 2018-08-12T23:51:20+08:00 ] 114.24.12.89 GET /index/caiji/
[ info ] www.meishiheavn.loc/index/caiji/ [运行时间：0.094012s][吞吐率：10.64req/s] [内存消耗：2,241.35kb] [文件加载：56]
[ info ] [ BEHAVIOR ] Run Closure @app_init [ RunTime:0.000000s ]
[ info ] [ CACHE ] INIT File
[ info ] [ BEHAVIOR ] Run Closure @app_init [ RunTime:0.005001s ]
[ info ] [ LANG ] E:\wamp\www\meishiheavn\thinkphp\lang\zh-cn.php
[ info ] [ ROUTE ] array (
  'type' => 'module',
  'module' => 
  array (
    0 => 'index',
    1 => 'caiji',
    2 => NULL,
  ),
)
[ info ] [ HEADER ] array (
  'host' => 'www.meishiheavn.loc',
  'connection' => 'keep-alive',
  'cache-control' => 'max-age=0',
  'upgrade-insecure-requests' => '1',
  'user-agent' => 'Mozilla/5.0 (Windows NT 6.1; Win64; x64) AppleWebKit/537.36 (KHTML, like Gecko) Chrome/65.0.3325.181 Safari/537.36',
  'accept' => 'text/html,application/xhtml+xml,application/xml;q=0.9,image/webp,image/apng,*/*;q=0.8',
  'accept-encoding' => 'gzip, deflate',
  'accept-language' => 'zh-CN,zh;q=0.9',
  'cookie' => 'thinkphp_show_page_trace=0|0; Hm_lvt_f8d0a8c400404989e195270b0bbf060a=1534084210; Hm_lpvt_f8d0a8c400404989e195270b0bbf060a=1534088255; PHPSESSID=vb2329qej4pn69raj8ekiu6r72; uid=2; token=823d45c1-7550-4a42-8b84-e9e43435dd86',
  'x-forwarded-for' => '114.24.12.89',
)
[ info ] [ PARAM ] array (
)
[ info ] [ LANG ] E:\wamp\www\meishiheavn\public/../application/index\lang\zh-cn.php
[ info ] [ BEHAVIOR ] Run app\common\behavior\Common @module_init [ RunTime:0.004501s ]
[ info ] [ RUN ] app\index\controller\Caiji->index[ E:\wamp\www\meishiheavn\application\index\controller\Caiji.php ]
[ info ] [ LOG ] INIT File
[ error ] [1]Class 'vendor\querylist\QL\QueryList' not found[E:\wamp\www\meishiheavn\application\index\controller\Caiji.php:42]
---------------------------------------------------------------
[ 2018-08-12T23:51:20+08:00 ] 114.24.12.89 GET /index/caiji/
[ info ] www.meishiheavn.loc/index/caiji/ [运行时间：0.085011s][吞吐率：11.76req/s] [内存消耗：2,241.35kb] [文件加载：56]
[ info ] [ BEHAVIOR ] Run Closure @app_init [ RunTime:0.000000s ]
[ info ] [ CACHE ] INIT File
[ info ] [ BEHAVIOR ] Run Closure @app_init [ RunTime:0.005001s ]
[ info ] [ LANG ] E:\wamp\www\meishiheavn\thinkphp\lang\zh-cn.php
[ info ] [ ROUTE ] array (
  'type' => 'module',
  'module' => 
  array (
    0 => 'index',
    1 => 'caiji',
    2 => NULL,
  ),
)
[ info ] [ HEADER ] array (
  'host' => 'www.meishiheavn.loc',
  'connection' => 'keep-alive',
  'cache-control' => 'max-age=0',
  'upgrade-insecure-requests' => '1',
  'user-agent' => 'Mozilla/5.0 (Windows NT 6.1; Win64; x64) AppleWebKit/537.36 (KHTML, like Gecko) Chrome/65.0.3325.181 Safari/537.36',
  'accept' => 'text/html,application/xhtml+xml,application/xml;q=0.9,image/webp,image/apng,*/*;q=0.8',
  'accept-encoding' => 'gzip, deflate',
  'accept-language' => 'zh-CN,zh;q=0.9',
  'cookie' => 'thinkphp_show_page_trace=0|0; Hm_lvt_f8d0a8c400404989e195270b0bbf060a=1534084210; Hm_lpvt_f8d0a8c400404989e195270b0bbf060a=1534088255; PHPSESSID=vb2329qej4pn69raj8ekiu6r72; uid=2; token=823d45c1-7550-4a42-8b84-e9e43435dd86',
  'x-forwarded-for' => '114.24.12.89',
)
[ info ] [ PARAM ] array (
)
[ info ] [ LANG ] E:\wamp\www\meishiheavn\public/../application/index\lang\zh-cn.php
[ info ] [ BEHAVIOR ] Run app\common\behavior\Common @module_init [ RunTime:0.004000s ]
[ info ] [ RUN ] app\index\controller\Caiji->index[ E:\wamp\www\meishiheavn\application\index\controller\Caiji.php ]
[ info ] [ LOG ] INIT File
[ error ] [1]Class 'vendor\querylist\QL\QueryList' not found[E:\wamp\www\meishiheavn\application\index\controller\Caiji.php:42]
---------------------------------------------------------------
[ 2018-08-12T23:51:21+08:00 ] 114.24.12.89 GET /index/caiji/
[ info ] www.meishiheavn.loc/index/caiji/ [运行时间：0.090011s][吞吐率：11.11req/s] [内存消耗：2,241.35kb] [文件加载：56]
[ info ] [ BEHAVIOR ] Run Closure @app_init [ RunTime:0.000500s ]
[ info ] [ CACHE ] INIT File
[ info ] [ BEHAVIOR ] Run Closure @app_init [ RunTime:0.006501s ]
[ info ] [ LANG ] E:\wamp\www\meishiheavn\thinkphp\lang\zh-cn.php
[ info ] [ ROUTE ] array (
  'type' => 'module',
  'module' => 
  array (
    0 => 'index',
    1 => 'caiji',
    2 => NULL,
  ),
)
[ info ] [ HEADER ] array (
  'host' => 'www.meishiheavn.loc',
  'connection' => 'keep-alive',
  'cache-control' => 'max-age=0',
  'upgrade-insecure-requests' => '1',
  'user-agent' => 'Mozilla/5.0 (Windows NT 6.1; Win64; x64) AppleWebKit/537.36 (KHTML, like Gecko) Chrome/65.0.3325.181 Safari/537.36',
  'accept' => 'text/html,application/xhtml+xml,application/xml;q=0.9,image/webp,image/apng,*/*;q=0.8',
  'accept-encoding' => 'gzip, deflate',
  'accept-language' => 'zh-CN,zh;q=0.9',
  'cookie' => 'thinkphp_show_page_trace=0|0; Hm_lvt_f8d0a8c400404989e195270b0bbf060a=1534084210; Hm_lpvt_f8d0a8c400404989e195270b0bbf060a=1534088255; PHPSESSID=vb2329qej4pn69raj8ekiu6r72; uid=2; token=823d45c1-7550-4a42-8b84-e9e43435dd86',
  'x-forwarded-for' => '114.24.12.89',
)
[ info ] [ PARAM ] array (
)
[ info ] [ LANG ] E:\wamp\www\meishiheavn\public/../application/index\lang\zh-cn.php
[ info ] [ BEHAVIOR ] Run app\common\behavior\Common @module_init [ RunTime:0.006000s ]
[ info ] [ RUN ] app\index\controller\Caiji->index[ E:\wamp\www\meishiheavn\application\index\controller\Caiji.php ]
[ info ] [ LOG ] INIT File
[ error ] [1]Class 'vendor\querylist\QL\QueryList' not found[E:\wamp\www\meishiheavn\application\index\controller\Caiji.php:42]
---------------------------------------------------------------
[ 2018-08-12T23:51:21+08:00 ] 114.24.12.89 GET /index/caiji/
[ info ] www.meishiheavn.loc/index/caiji/ [运行时间：0.081011s][吞吐率：12.34req/s] [内存消耗：2,241.35kb] [文件加载：56]
[ info ] [ BEHAVIOR ] Run Closure @app_init [ RunTime:0.000000s ]
[ info ] [ CACHE ] INIT File
[ info ] [ BEHAVIOR ] Run Closure @app_init [ RunTime:0.003501s ]
[ info ] [ LANG ] E:\wamp\www\meishiheavn\thinkphp\lang\zh-cn.php
[ info ] [ ROUTE ] array (
  'type' => 'module',
  'module' => 
  array (
    0 => 'index',
    1 => 'caiji',
    2 => NULL,
  ),
)
[ info ] [ HEADER ] array (
  'host' => 'www.meishiheavn.loc',
  'connection' => 'keep-alive',
  'cache-control' => 'max-age=0',
  'upgrade-insecure-requests' => '1',
  'user-agent' => 'Mozilla/5.0 (Windows NT 6.1; Win64; x64) AppleWebKit/537.36 (KHTML, like Gecko) Chrome/65.0.3325.181 Safari/537.36',
  'accept' => 'text/html,application/xhtml+xml,application/xml;q=0.9,image/webp,image/apng,*/*;q=0.8',
  'accept-encoding' => 'gzip, deflate',
  'accept-language' => 'zh-CN,zh;q=0.9',
  'cookie' => 'thinkphp_show_page_trace=0|0; Hm_lvt_f8d0a8c400404989e195270b0bbf060a=1534084210; Hm_lpvt_f8d0a8c400404989e195270b0bbf060a=1534088255; PHPSESSID=vb2329qej4pn69raj8ekiu6r72; uid=2; token=823d45c1-7550-4a42-8b84-e9e43435dd86',
  'x-forwarded-for' => '114.24.12.89',
)
[ info ] [ PARAM ] array (
)
[ info ] [ LANG ] E:\wamp\www\meishiheavn\public/../application/index\lang\zh-cn.php
[ info ] [ BEHAVIOR ] Run app\common\behavior\Common @module_init [ RunTime:0.003501s ]
[ info ] [ RUN ] app\index\controller\Caiji->index[ E:\wamp\www\meishiheavn\application\index\controller\Caiji.php ]
[ info ] [ LOG ] INIT File
[ error ] [1]Class 'vendor\querylist\QL\QueryList' not found[E:\wamp\www\meishiheavn\application\index\controller\Caiji.php:42]
---------------------------------------------------------------
[ 2018-08-12T23:51:21+08:00 ] 114.24.12.89 GET /index/caiji/
[ info ] www.meishiheavn.loc/index/caiji/ [运行时间：0.083511s][吞吐率：11.97req/s] [内存消耗：2,241.35kb] [文件加载：56]
[ info ] [ BEHAVIOR ] Run Closure @app_init [ RunTime:0.000000s ]
[ info ] [ CACHE ] INIT File
[ info ] [ BEHAVIOR ] Run Closure @app_init [ RunTime:0.004001s ]
[ info ] [ LANG ] E:\wamp\www\meishiheavn\thinkphp\lang\zh-cn.php
[ info ] [ ROUTE ] array (
  'type' => 'module',
  'module' => 
  array (
    0 => 'index',
    1 => 'caiji',
    2 => NULL,
  ),
)
[ info ] [ HEADER ] array (
  'host' => 'www.meishiheavn.loc',
  'connection' => 'keep-alive',
  'cache-control' => 'max-age=0',
  'upgrade-insecure-requests' => '1',
  'user-agent' => 'Mozilla/5.0 (Windows NT 6.1; Win64; x64) AppleWebKit/537.36 (KHTML, like Gecko) Chrome/65.0.3325.181 Safari/537.36',
  'accept' => 'text/html,application/xhtml+xml,application/xml;q=0.9,image/webp,image/apng,*/*;q=0.8',
  'accept-encoding' => 'gzip, deflate',
  'accept-language' => 'zh-CN,zh;q=0.9',
  'cookie' => 'thinkphp_show_page_trace=0|0; Hm_lvt_f8d0a8c400404989e195270b0bbf060a=1534084210; Hm_lpvt_f8d0a8c400404989e195270b0bbf060a=1534088255; PHPSESSID=vb2329qej4pn69raj8ekiu6r72; uid=2; token=823d45c1-7550-4a42-8b84-e9e43435dd86',
  'x-forwarded-for' => '114.24.12.89',
)
[ info ] [ PARAM ] array (
)
[ info ] [ LANG ] E:\wamp\www\meishiheavn\public/../application/index\lang\zh-cn.php
[ info ] [ BEHAVIOR ] Run app\common\behavior\Common @module_init [ RunTime:0.003001s ]
[ info ] [ RUN ] app\index\controller\Caiji->index[ E:\wamp\www\meishiheavn\application\index\controller\Caiji.php ]
[ info ] [ LOG ] INIT File
[ error ] [1]Class 'vendor\querylist\QL\QueryList' not found[E:\wamp\www\meishiheavn\application\index\controller\Caiji.php:42]
---------------------------------------------------------------
[ 2018-08-12T23:51:21+08:00 ] 114.24.12.89 GET /index/caiji/
[ info ] www.meishiheavn.loc/index/caiji/ [运行时间：0.085010s][吞吐率：11.76req/s] [内存消耗：2,241.35kb] [文件加载：56]
[ info ] [ BEHAVIOR ] Run Closure @app_init [ RunTime:0.000500s ]
[ info ] [ CACHE ] INIT File
[ info ] [ BEHAVIOR ] Run Closure @app_init [ RunTime:0.004001s ]
[ info ] [ LANG ] E:\wamp\www\meishiheavn\thinkphp\lang\zh-cn.php
[ info ] [ ROUTE ] array (
  'type' => 'module',
  'module' => 
  array (
    0 => 'index',
    1 => 'caiji',
    2 => NULL,
  ),
)
[ info ] [ HEADER ] array (
  'host' => 'www.meishiheavn.loc',
  'connection' => 'keep-alive',
  'cache-control' => 'max-age=0',
  'upgrade-insecure-requests' => '1',
  'user-agent' => 'Mozilla/5.0 (Windows NT 6.1; Win64; x64) AppleWebKit/537.36 (KHTML, like Gecko) Chrome/65.0.3325.181 Safari/537.36',
  'accept' => 'text/html,application/xhtml+xml,application/xml;q=0.9,image/webp,image/apng,*/*;q=0.8',
  'accept-encoding' => 'gzip, deflate',
  'accept-language' => 'zh-CN,zh;q=0.9',
  'cookie' => 'thinkphp_show_page_trace=0|0; Hm_lvt_f8d0a8c400404989e195270b0bbf060a=1534084210; Hm_lpvt_f8d0a8c400404989e195270b0bbf060a=1534088255; PHPSESSID=vb2329qej4pn69raj8ekiu6r72; uid=2; token=823d45c1-7550-4a42-8b84-e9e43435dd86',
  'x-forwarded-for' => '114.24.12.89',
)
[ info ] [ PARAM ] array (
)
[ info ] [ LANG ] E:\wamp\www\meishiheavn\public/../application/index\lang\zh-cn.php
[ info ] [ BEHAVIOR ] Run app\common\behavior\Common @module_init [ RunTime:0.003001s ]
[ info ] [ RUN ] app\index\controller\Caiji->index[ E:\wamp\www\meishiheavn\application\index\controller\Caiji.php ]
[ info ] [ LOG ] INIT File
[ error ] [1]Class 'vendor\querylist\QL\QueryList' not found[E:\wamp\www\meishiheavn\application\index\controller\Caiji.php:42]
---------------------------------------------------------------
[ 2018-08-12T23:51:21+08:00 ] 114.24.12.89 GET /index/caiji/
[ info ] www.meishiheavn.loc/index/caiji/ [运行时间：0.083010s][吞吐率：12.05req/s] [内存消耗：2,241.35kb] [文件加载：56]
[ info ] [ BEHAVIOR ] Run Closure @app_init [ RunTime:0.000500s ]
[ info ] [ CACHE ] INIT File
[ info ] [ BEHAVIOR ] Run Closure @app_init [ RunTime:0.004000s ]
[ info ] [ LANG ] E:\wamp\www\meishiheavn\thinkphp\lang\zh-cn.php
[ info ] [ ROUTE ] array (
  'type' => 'module',
  'module' => 
  array (
    0 => 'index',
    1 => 'caiji',
    2 => NULL,
  ),
)
[ info ] [ HEADER ] array (
  'host' => 'www.meishiheavn.loc',
  'connection' => 'keep-alive',
  'cache-control' => 'max-age=0',
  'upgrade-insecure-requests' => '1',
  'user-agent' => 'Mozilla/5.0 (Windows NT 6.1; Win64; x64) AppleWebKit/537.36 (KHTML, like Gecko) Chrome/65.0.3325.181 Safari/537.36',
  'accept' => 'text/html,application/xhtml+xml,application/xml;q=0.9,image/webp,image/apng,*/*;q=0.8',
  'accept-encoding' => 'gzip, deflate',
  'accept-language' => 'zh-CN,zh;q=0.9',
  'cookie' => 'thinkphp_show_page_trace=0|0; Hm_lvt_f8d0a8c400404989e195270b0bbf060a=1534084210; Hm_lpvt_f8d0a8c400404989e195270b0bbf060a=1534088255; PHPSESSID=vb2329qej4pn69raj8ekiu6r72; uid=2; token=823d45c1-7550-4a42-8b84-e9e43435dd86',
  'x-forwarded-for' => '114.24.12.89',
)
[ info ] [ PARAM ] array (
)
[ info ] [ LANG ] E:\wamp\www\meishiheavn\public/../application/index\lang\zh-cn.php
[ info ] [ BEHAVIOR ] Run app\common\behavior\Common @module_init [ RunTime:0.003000s ]
[ info ] [ RUN ] app\index\controller\Caiji->index[ E:\wamp\www\meishiheavn\application\index\controller\Caiji.php ]
[ info ] [ LOG ] INIT File
[ error ] [1]Class 'vendor\querylist\QL\QueryList' not found[E:\wamp\www\meishiheavn\application\index\controller\Caiji.php:42]
---------------------------------------------------------------
[ 2018-08-12T23:51:22+08:00 ] 114.24.12.89 GET /index/caiji/
[ info ] www.meishiheavn.loc/index/caiji/ [运行时间：0.081011s][吞吐率：12.34req/s] [内存消耗：2,241.35kb] [文件加载：56]
[ info ] [ BEHAVIOR ] Run Closure @app_init [ RunTime:0.000000s ]
[ info ] [ CACHE ] INIT File
[ info ] [ BEHAVIOR ] Run Closure @app_init [ RunTime:0.004001s ]
[ info ] [ LANG ] E:\wamp\www\meishiheavn\thinkphp\lang\zh-cn.php
[ info ] [ ROUTE ] array (
  'type' => 'module',
  'module' => 
  array (
    0 => 'index',
    1 => 'caiji',
    2 => NULL,
  ),
)
[ info ] [ HEADER ] array (
  'host' => 'www.meishiheavn.loc',
  'connection' => 'keep-alive',
  'cache-control' => 'max-age=0',
  'upgrade-insecure-requests' => '1',
  'user-agent' => 'Mozilla/5.0 (Windows NT 6.1; Win64; x64) AppleWebKit/537.36 (KHTML, like Gecko) Chrome/65.0.3325.181 Safari/537.36',
  'accept' => 'text/html,application/xhtml+xml,application/xml;q=0.9,image/webp,image/apng,*/*;q=0.8',
  'accept-encoding' => 'gzip, deflate',
  'accept-language' => 'zh-CN,zh;q=0.9',
  'cookie' => 'thinkphp_show_page_trace=0|0; Hm_lvt_f8d0a8c400404989e195270b0bbf060a=1534084210; Hm_lpvt_f8d0a8c400404989e195270b0bbf060a=1534088255; PHPSESSID=vb2329qej4pn69raj8ekiu6r72; uid=2; token=823d45c1-7550-4a42-8b84-e9e43435dd86',
  'x-forwarded-for' => '114.24.12.89',
)
[ info ] [ PARAM ] array (
)
[ info ] [ LANG ] E:\wamp\www\meishiheavn\public/../application/index\lang\zh-cn.php
[ info ] [ BEHAVIOR ] Run app\common\behavior\Common @module_init [ RunTime:0.003001s ]
[ info ] [ RUN ] app\index\controller\Caiji->index[ E:\wamp\www\meishiheavn\application\index\controller\Caiji.php ]
[ info ] [ LOG ] INIT File
[ error ] [1]Class 'vendor\querylist\QL\QueryList' not found[E:\wamp\www\meishiheavn\application\index\controller\Caiji.php:42]
---------------------------------------------------------------
[ 2018-08-12T23:51:22+08:00 ] 114.24.12.89 GET /index/caiji/
[ info ] www.meishiheavn.loc/index/caiji/ [运行时间：0.083010s][吞吐率：12.05req/s] [内存消耗：2,241.35kb] [文件加载：56]
[ info ] [ BEHAVIOR ] Run Closure @app_init [ RunTime:0.000500s ]
[ info ] [ CACHE ] INIT File
[ info ] [ BEHAVIOR ] Run Closure @app_init [ RunTime:0.004001s ]
[ info ] [ LANG ] E:\wamp\www\meishiheavn\thinkphp\lang\zh-cn.php
[ info ] [ ROUTE ] array (
  'type' => 'module',
  'module' => 
  array (
    0 => 'index',
    1 => 'caiji',
    2 => NULL,
  ),
)
[ info ] [ HEADER ] array (
  'host' => 'www.meishiheavn.loc',
  'connection' => 'keep-alive',
  'cache-control' => 'max-age=0',
  'upgrade-insecure-requests' => '1',
  'user-agent' => 'Mozilla/5.0 (Windows NT 6.1; Win64; x64) AppleWebKit/537.36 (KHTML, like Gecko) Chrome/65.0.3325.181 Safari/537.36',
  'accept' => 'text/html,application/xhtml+xml,application/xml;q=0.9,image/webp,image/apng,*/*;q=0.8',
  'accept-encoding' => 'gzip, deflate',
  'accept-language' => 'zh-CN,zh;q=0.9',
  'cookie' => 'thinkphp_show_page_trace=0|0; Hm_lvt_f8d0a8c400404989e195270b0bbf060a=1534084210; Hm_lpvt_f8d0a8c400404989e195270b0bbf060a=1534088255; PHPSESSID=vb2329qej4pn69raj8ekiu6r72; uid=2; token=823d45c1-7550-4a42-8b84-e9e43435dd86',
  'x-forwarded-for' => '114.24.12.89',
)
[ info ] [ PARAM ] array (
)
[ info ] [ LANG ] E:\wamp\www\meishiheavn\public/../application/index\lang\zh-cn.php
[ info ] [ BEHAVIOR ] Run app\common\behavior\Common @module_init [ RunTime:0.003501s ]
[ info ] [ RUN ] app\index\controller\Caiji->index[ E:\wamp\www\meishiheavn\application\index\controller\Caiji.php ]
[ info ] [ LOG ] INIT File
[ error ] [1]Class 'vendor\querylist\QL\QueryList' not found[E:\wamp\www\meishiheavn\application\index\controller\Caiji.php:42]
---------------------------------------------------------------
[ 2018-08-12T23:51:23+08:00 ] 114.24.12.89 GET /index/caiji/
[ info ] www.meishiheavn.loc/index/caiji/ [运行时间：0.082011s][吞吐率：12.19req/s] [内存消耗：2,241.35kb] [文件加载：56]
[ info ] [ BEHAVIOR ] Run Closure @app_init [ RunTime:0.000000s ]
[ info ] [ CACHE ] INIT File
[ info ] [ BEHAVIOR ] Run Closure @app_init [ RunTime:0.004001s ]
[ info ] [ LANG ] E:\wamp\www\meishiheavn\thinkphp\lang\zh-cn.php
[ info ] [ ROUTE ] array (
  'type' => 'module',
  'module' => 
  array (
    0 => 'index',
    1 => 'caiji',
    2 => NULL,
  ),
)
[ info ] [ HEADER ] array (
  'host' => 'www.meishiheavn.loc',
  'connection' => 'keep-alive',
  'cache-control' => 'max-age=0',
  'upgrade-insecure-requests' => '1',
  'user-agent' => 'Mozilla/5.0 (Windows NT 6.1; Win64; x64) AppleWebKit/537.36 (KHTML, like Gecko) Chrome/65.0.3325.181 Safari/537.36',
  'accept' => 'text/html,application/xhtml+xml,application/xml;q=0.9,image/webp,image/apng,*/*;q=0.8',
  'accept-encoding' => 'gzip, deflate',
  'accept-language' => 'zh-CN,zh;q=0.9',
  'cookie' => 'thinkphp_show_page_trace=0|0; Hm_lvt_f8d0a8c400404989e195270b0bbf060a=1534084210; Hm_lpvt_f8d0a8c400404989e195270b0bbf060a=1534088255; PHPSESSID=vb2329qej4pn69raj8ekiu6r72; uid=2; token=823d45c1-7550-4a42-8b84-e9e43435dd86',
  'x-forwarded-for' => '114.24.12.89',
)
[ info ] [ PARAM ] array (
)
[ info ] [ LANG ] E:\wamp\www\meishiheavn\public/../application/index\lang\zh-cn.php
[ info ] [ BEHAVIOR ] Run app\common\behavior\Common @module_init [ RunTime:0.003501s ]
[ info ] [ RUN ] app\index\controller\Caiji->index[ E:\wamp\www\meishiheavn\application\index\controller\Caiji.php ]
[ info ] [ LOG ] INIT File
[ error ] [1]Class 'vendor\querylist\QL\QueryList' not found[E:\wamp\www\meishiheavn\application\index\controller\Caiji.php:42]
---------------------------------------------------------------
[ 2018-08-12T23:51:23+08:00 ] 114.24.12.89 GET /index/caiji/
[ info ] www.meishiheavn.loc/index/caiji/ [运行时间：0.088012s][吞吐率：11.36req/s] [内存消耗：2,241.35kb] [文件加载：56]
[ info ] [ BEHAVIOR ] Run Closure @app_init [ RunTime:0.000500s ]
[ info ] [ CACHE ] INIT File
[ info ] [ BEHAVIOR ] Run Closure @app_init [ RunTime:0.004001s ]
[ info ] [ LANG ] E:\wamp\www\meishiheavn\thinkphp\lang\zh-cn.php
[ info ] [ ROUTE ] array (
  'type' => 'module',
  'module' => 
  array (
    0 => 'index',
    1 => 'caiji',
    2 => NULL,
  ),
)
[ info ] [ HEADER ] array (
  'host' => 'www.meishiheavn.loc',
  'connection' => 'keep-alive',
  'cache-control' => 'max-age=0',
  'upgrade-insecure-requests' => '1',
  'user-agent' => 'Mozilla/5.0 (Windows NT 6.1; Win64; x64) AppleWebKit/537.36 (KHTML, like Gecko) Chrome/65.0.3325.181 Safari/537.36',
  'accept' => 'text/html,application/xhtml+xml,application/xml;q=0.9,image/webp,image/apng,*/*;q=0.8',
  'accept-encoding' => 'gzip, deflate',
  'accept-language' => 'zh-CN,zh;q=0.9',
  'cookie' => 'thinkphp_show_page_trace=0|0; Hm_lvt_f8d0a8c400404989e195270b0bbf060a=1534084210; Hm_lpvt_f8d0a8c400404989e195270b0bbf060a=1534088255; PHPSESSID=vb2329qej4pn69raj8ekiu6r72; uid=2; token=823d45c1-7550-4a42-8b84-e9e43435dd86',
  'x-forwarded-for' => '114.24.12.89',
)
[ info ] [ PARAM ] array (
)
[ info ] [ LANG ] E:\wamp\www\meishiheavn\public/../application/index\lang\zh-cn.php
[ info ] [ BEHAVIOR ] Run app\common\behavior\Common @module_init [ RunTime:0.003501s ]
[ info ] [ RUN ] app\index\controller\Caiji->index[ E:\wamp\www\meishiheavn\application\index\controller\Caiji.php ]
[ info ] [ LOG ] INIT File
[ error ] [1]Class 'vendor\querylist\QL\QueryList' not found[E:\wamp\www\meishiheavn\application\index\controller\Caiji.php:42]
---------------------------------------------------------------
[ 2018-08-12T23:52:00+08:00 ] 114.24.12.89 GET /index/caiji/
[ info ] www.meishiheavn.loc/index/caiji/ [运行时间：0.087511s][吞吐率：11.43req/s] [内存消耗：2,241.39kb] [文件加载：56]
[ info ] [ BEHAVIOR ] Run Closure @app_init [ RunTime:0.000500s ]
[ info ] [ CACHE ] INIT File
[ info ] [ BEHAVIOR ] Run Closure @app_init [ RunTime:0.004000s ]
[ info ] [ LANG ] E:\wamp\www\meishiheavn\thinkphp\lang\zh-cn.php
[ info ] [ ROUTE ] array (
  'type' => 'module',
  'module' => 
  array (
    0 => 'index',
    1 => 'caiji',
    2 => NULL,
  ),
)
[ info ] [ HEADER ] array (
  'host' => 'www.meishiheavn.loc',
  'connection' => 'keep-alive',
  'cache-control' => 'max-age=0',
  'upgrade-insecure-requests' => '1',
  'user-agent' => 'Mozilla/5.0 (Windows NT 6.1; Win64; x64) AppleWebKit/537.36 (KHTML, like Gecko) Chrome/65.0.3325.181 Safari/537.36',
  'accept' => 'text/html,application/xhtml+xml,application/xml;q=0.9,image/webp,image/apng,*/*;q=0.8',
  'accept-encoding' => 'gzip, deflate',
  'accept-language' => 'zh-CN,zh;q=0.9',
  'cookie' => 'thinkphp_show_page_trace=0|0; Hm_lvt_f8d0a8c400404989e195270b0bbf060a=1534084210; Hm_lpvt_f8d0a8c400404989e195270b0bbf060a=1534088255; PHPSESSID=vb2329qej4pn69raj8ekiu6r72; uid=2; token=823d45c1-7550-4a42-8b84-e9e43435dd86',
  'x-forwarded-for' => '114.24.12.89',
)
[ info ] [ PARAM ] array (
)
[ info ] [ LANG ] E:\wamp\www\meishiheavn\public/../application/index\lang\zh-cn.php
[ info ] [ BEHAVIOR ] Run app\common\behavior\Common @module_init [ RunTime:0.003000s ]
[ info ] [ RUN ] app\index\controller\Caiji->index[ E:\wamp\www\meishiheavn\application\index\controller\Caiji.php ]
[ info ] [ LOG ] INIT File
[ error ] [1]Class 'app\index\controller\QueryList' not found[E:\wamp\www\meishiheavn\application\index\controller\Caiji.php:40]
---------------------------------------------------------------
[ 2018-08-12T23:55:51+08:00 ] 114.24.12.89 GET /index/caiji/
[ info ] www.meishiheavn.loc/index/caiji/ [运行时间：0.114015s][吞吐率：8.77req/s] [内存消耗：2,235.73kb] [文件加载：55]
[ info ] [ BEHAVIOR ] Run Closure @app_init [ RunTime:0.000500s ]
[ info ] [ CACHE ] INIT File
[ info ] [ BEHAVIOR ] Run Closure @app_init [ RunTime:0.007001s ]
[ info ] [ LANG ] E:\wamp\www\meishiheavn\thinkphp\lang\zh-cn.php
[ info ] [ ROUTE ] array (
  'type' => 'module',
  'module' => 
  array (
    0 => 'index',
    1 => 'caiji',
    2 => NULL,
  ),
)
[ info ] [ HEADER ] array (
  'host' => 'www.meishiheavn.loc',
  'connection' => 'keep-alive',
  'cache-control' => 'max-age=0',
  'upgrade-insecure-requests' => '1',
  'user-agent' => 'Mozilla/5.0 (Windows NT 6.1; Win64; x64) AppleWebKit/537.36 (KHTML, like Gecko) Chrome/65.0.3325.181 Safari/537.36',
  'accept' => 'text/html,application/xhtml+xml,application/xml;q=0.9,image/webp,image/apng,*/*;q=0.8',
  'accept-encoding' => 'gzip, deflate',
  'accept-language' => 'zh-CN,zh;q=0.9',
  'cookie' => 'thinkphp_show_page_trace=0|0; Hm_lvt_f8d0a8c400404989e195270b0bbf060a=1534084210; Hm_lpvt_f8d0a8c400404989e195270b0bbf060a=1534088255; PHPSESSID=vb2329qej4pn69raj8ekiu6r72; uid=2; token=823d45c1-7550-4a42-8b84-e9e43435dd86',
  'x-forwarded-for' => '114.24.12.89',
)
[ info ] [ PARAM ] array (
)
[ info ] [ LANG ] E:\wamp\www\meishiheavn\public/../application/index\lang\zh-cn.php
[ info ] [ BEHAVIOR ] Run app\common\behavior\Common @module_init [ RunTime:0.005000s ]
[ info ] [ LOG ] INIT File
[ error ] [4]语法错误: unexpected 'class' (T_CLASS), expecting ',' or ';'[E:\wamp\www\meishiheavn\application\index\controller\Caiji.php:21]
---------------------------------------------------------------
[ 2018-08-12T23:56:00+08:00 ] 114.24.12.89 GET /index/caiji/
[ info ] www.meishiheavn.loc/index/caiji/ [运行时间：0.099513s][吞吐率：10.05req/s] [内存消耗：2,241.30kb] [文件加载：56]
[ info ] [ BEHAVIOR ] Run Closure @app_init [ RunTime:0.000000s ]
[ info ] [ CACHE ] INIT File
[ info ] [ BEHAVIOR ] Run Closure @app_init [ RunTime:0.006501s ]
[ info ] [ LANG ] E:\wamp\www\meishiheavn\thinkphp\lang\zh-cn.php
[ info ] [ ROUTE ] array (
  'type' => 'module',
  'module' => 
  array (
    0 => 'index',
    1 => 'caiji',
    2 => NULL,
  ),
)
[ info ] [ HEADER ] array (
  'host' => 'www.meishiheavn.loc',
  'connection' => 'keep-alive',
  'cache-control' => 'max-age=0',
  'upgrade-insecure-requests' => '1',
  'user-agent' => 'Mozilla/5.0 (Windows NT 6.1; Win64; x64) AppleWebKit/537.36 (KHTML, like Gecko) Chrome/65.0.3325.181 Safari/537.36',
  'accept' => 'text/html,application/xhtml+xml,application/xml;q=0.9,image/webp,image/apng,*/*;q=0.8',
  'accept-encoding' => 'gzip, deflate',
  'accept-language' => 'zh-CN,zh;q=0.9',
  'cookie' => 'thinkphp_show_page_trace=0|0; Hm_lvt_f8d0a8c400404989e195270b0bbf060a=1534084210; Hm_lpvt_f8d0a8c400404989e195270b0bbf060a=1534088255; PHPSESSID=vb2329qej4pn69raj8ekiu6r72; uid=2; token=823d45c1-7550-4a42-8b84-e9e43435dd86',
  'x-forwarded-for' => '114.24.12.89',
)
[ info ] [ PARAM ] array (
)
[ info ] [ LANG ] E:\wamp\www\meishiheavn\public/../application/index\lang\zh-cn.php
[ info ] [ BEHAVIOR ] Run app\common\behavior\Common @module_init [ RunTime:0.003000s ]
[ info ] [ RUN ] app\index\controller\Caiji->index[ E:\wamp\www\meishiheavn\application\index\controller\Caiji.php ]
[ info ] [ LOG ] INIT File
[ error ] [1]Class 'extend\QL\QueryList' not found[E:\wamp\www\meishiheavn\application\index\controller\Caiji.php:41]
---------------------------------------------------------------
[ 2018-08-12T23:56:24+08:00 ] 114.24.12.89 GET /index/caiji/
[ info ] www.meishiheavn.loc/index/caiji/ [运行时间：0.099012s][吞吐率：10.10req/s] [内存消耗：2,241.25kb] [文件加载：56]
[ info ] [ BEHAVIOR ] Run Closure @app_init [ RunTime:0.000000s ]
[ info ] [ CACHE ] INIT File
[ info ] [ BEHAVIOR ] Run Closure @app_init [ RunTime:0.006001s ]
[ info ] [ LANG ] E:\wamp\www\meishiheavn\thinkphp\lang\zh-cn.php
[ info ] [ ROUTE ] array (
  'type' => 'module',
  'module' => 
  array (
    0 => 'index',
    1 => 'caiji',
    2 => NULL,
  ),
)
[ info ] [ HEADER ] array (
  'host' => 'www.meishiheavn.loc',
  'connection' => 'keep-alive',
  'cache-control' => 'max-age=0',
  'upgrade-insecure-requests' => '1',
  'user-agent' => 'Mozilla/5.0 (Windows NT 6.1; Win64; x64) AppleWebKit/537.36 (KHTML, like Gecko) Chrome/65.0.3325.181 Safari/537.36',
  'accept' => 'text/html,application/xhtml+xml,application/xml;q=0.9,image/webp,image/apng,*/*;q=0.8',
  'accept-encoding' => 'gzip, deflate',
  'accept-language' => 'zh-CN,zh;q=0.9',
  'cookie' => 'thinkphp_show_page_trace=0|0; Hm_lvt_f8d0a8c400404989e195270b0bbf060a=1534084210; Hm_lpvt_f8d0a8c400404989e195270b0bbf060a=1534088255; PHPSESSID=vb2329qej4pn69raj8ekiu6r72; uid=2; token=823d45c1-7550-4a42-8b84-e9e43435dd86',
  'x-forwarded-for' => '114.24.12.89',
)
[ info ] [ PARAM ] array (
)
[ info ] [ LANG ] E:\wamp\www\meishiheavn\public/../application/index\lang\zh-cn.php
[ info ] [ BEHAVIOR ] Run app\common\behavior\Common @module_init [ RunTime:0.003000s ]
[ info ] [ RUN ] app\index\controller\Caiji->index[ E:\wamp\www\meishiheavn\application\index\controller\Caiji.php ]
[ info ] [ LOG ] INIT File
[ error ] [1]Class 'QueryList' not found[E:\wamp\www\meishiheavn\application\index\controller\Caiji.php:41]
