---------------------------------------------------------------
[ 2018-09-02T23:54:11+08:00 ] 127.0.0.1 GET /index/category/foodCategory/page/1/category/1
[ info ] www.meishiheavn.loc/index/category/foodCategory/page/1/category/1 [运行时间：0.309018s][吞吐率：3.24req/s] [内存消耗：3,881.23kb] [文件加载：87]
[ info ] [ BEHAVIOR ] Run Closure @app_init [ RunTime:0.001000s ]
[ info ] [ CACHE ] INIT File
[ info ] [ BEHAVIOR ] Run Closure @app_init [ RunTime:0.009000s ]
[ info ] [ LANG ] E:\wamp\www\ms\thinkphp\lang\zh-cn.php
[ info ] [ ROUTE ] array (
  'type' => 'module',
  'module' => 
  array (
    0 => 'index',
    1 => 'category',
    2 => 'foodCategory',
  ),
)
[ info ] [ HEADER ] array (
  'host' => 'www.meishiheavn.loc',
  'connection' => 'keep-alive',
  'upgrade-insecure-requests' => '1',
  'user-agent' => 'Mozilla/5.0 (Windows NT 6.1; Win64; x64) AppleWebKit/537.36 (KHTML, like Gecko) Chrome/68.0.3440.106 Safari/537.36',
  'accept' => 'text/html,application/xhtml+xml,application/xml;q=0.9,image/webp,image/apng,*/*;q=0.8',
  'accept-encoding' => 'gzip, deflate',
  'accept-language' => 'zh-CN,zh;q=0.9',
  'cookie' => 'uid=2; token=823d45c1-7550-4a42-8b84-e9e43435dd86; Hm_lvt_f8d0a8c400404989e195270b0bbf060a=1534084210,1534174584; Hm_lvt_fb9cd9dcdda23cee0c7357db9be24acb=1535555566; __gads=ID=187858b611d2f16e:T=1535555563:S=ALNI_MZENzWjVYMsVIZM4bstTQXe9oGFmg',
)
[ info ] [ PARAM ] array (
  'page' => '1',
  'category' => '1',
)
[ info ] [ LANG ] E:\wamp\www\ms\public/../application/index\lang\zh-cn.php
[ info ] [ BEHAVIOR ] Run app\common\behavior\Common @module_init [ RunTime:0.005000s ]
[ info ] [ RUN ] app\index\controller\Category->foodCategory[ E:\wamp\www\ms\application\index\controller\Category.php ]
[ info ] [ DB ] INIT mysql
[ info ] [ LOG ] INIT File
[ sql ] [ DB ] CONNECT:[ UseTime:0.045002s ] mysql:host=127.0.0.1;dbname=msheavn;charset=utf8
[ sql ] [ SQL ] SHOW COLUMNS FROM `ms_food_list` [ RunTime:0.006001s ]
[ error ] [10501]SQLSTATE[42S22]: Column not found: 1054 Unknown column 'a.status' in 'on clause'[E:\wamp\www\ms\thinkphp\library\think\db\Connection.php:390]
---------------------------------------------------------------
[ 2018-09-02T23:54:12+08:00 ] 127.0.0.1 GET /favicon.ico
[ info ] www.meishiheavn.loc/favicon.ico [运行时间：0.126007s][吞吐率：7.94req/s] [内存消耗：2,522.56kb] [文件加载：69]
[ info ] [ BEHAVIOR ] Run Closure @app_init [ RunTime:0.000000s ]
[ info ] [ CACHE ] INIT File
[ info ] [ BEHAVIOR ] Run Closure @app_init [ RunTime:0.009001s ]
[ info ] [ LANG ] E:\wamp\www\ms\thinkphp\lang\zh-cn.php
[ info ] [ ROUTE ] array (
  'type' => 'module',
  'module' => 
  array (
    0 => 'favicon.ico',
    1 => NULL,
    2 => NULL,
  ),
)
[ info ] [ HEADER ] array (
  'host' => 'www.meishiheavn.loc',
  'connection' => 'keep-alive',
  'user-agent' => 'Mozilla/5.0 (Windows NT 6.1; Win64; x64) AppleWebKit/537.36 (KHTML, like Gecko) Chrome/68.0.3440.106 Safari/537.36',
  'accept' => 'image/webp,image/apng,image/*,*/*;q=0.8',
  'referer' => 'http://www.meishiheavn.loc/index/category/foodCategory/page/1/category/1',
  'accept-encoding' => 'gzip, deflate',
  'accept-language' => 'zh-CN,zh;q=0.9',
  'cookie' => 'uid=2; token=823d45c1-7550-4a42-8b84-e9e43435dd86; Hm_lvt_f8d0a8c400404989e195270b0bbf060a=1534084210,1534174584; Hm_lvt_fb9cd9dcdda23cee0c7357db9be24acb=1535555566; __gads=ID=187858b611d2f16e:T=1535555563:S=ALNI_MZENzWjVYMsVIZM4bstTQXe9oGFmg',
)
[ info ] [ PARAM ] array (
)
[ info ] [ LOG ] INIT File
---------------------------------------------------------------
[ 2018-09-02T23:55:38+08:00 ] 127.0.0.1 GET /index/category/foodCategory/page/1/category/1
[ info ] www.meishiheavn.loc/index/category/foodCategory/page/1/category/1 [运行时间：0.184010s][吞吐率：5.43req/s] [内存消耗：3,881.70kb] [文件加载：87]
[ info ] [ BEHAVIOR ] Run Closure @app_init [ RunTime:0.001000s ]
[ info ] [ CACHE ] INIT File
[ info ] [ BEHAVIOR ] Run Closure @app_init [ RunTime:0.011001s ]
[ info ] [ LANG ] E:\wamp\www\ms\thinkphp\lang\zh-cn.php
[ info ] [ ROUTE ] array (
  'type' => 'module',
  'module' => 
  array (
    0 => 'index',
    1 => 'category',
    2 => 'foodCategory',
  ),
)
[ info ] [ HEADER ] array (
  'host' => 'www.meishiheavn.loc',
  'connection' => 'keep-alive',
  'cache-control' => 'max-age=0',
  'upgrade-insecure-requests' => '1',
  'user-agent' => 'Mozilla/5.0 (Windows NT 6.1; Win64; x64) AppleWebKit/537.36 (KHTML, like Gecko) Chrome/68.0.3440.106 Safari/537.36',
  'accept' => 'text/html,application/xhtml+xml,application/xml;q=0.9,image/webp,image/apng,*/*;q=0.8',
  'accept-encoding' => 'gzip, deflate',
  'accept-language' => 'zh-CN,zh;q=0.9',
  'cookie' => 'thinkphp_show_page_trace=0|0; uid=2; token=823d45c1-7550-4a42-8b84-e9e43435dd86; Hm_lvt_f8d0a8c400404989e195270b0bbf060a=1534084210,1534174584; Hm_lvt_fb9cd9dcdda23cee0c7357db9be24acb=1535555566; __gads=ID=187858b611d2f16e:T=1535555563:S=ALNI_MZENzWjVYMsVIZM4bstTQXe9oGFmg',
)
[ info ] [ PARAM ] array (
  'page' => '1',
  'category' => '1',
)
[ info ] [ LANG ] E:\wamp\www\ms\public/../application/index\lang\zh-cn.php
[ info ] [ BEHAVIOR ] Run app\common\behavior\Common @module_init [ RunTime:0.008000s ]
[ info ] [ RUN ] app\index\controller\Category->foodCategory[ E:\wamp\www\ms\application\index\controller\Category.php ]
[ info ] [ DB ] INIT mysql
[ info ] [ LOG ] INIT File
[ sql ] [ DB ] CONNECT:[ UseTime:0.003001s ] mysql:host=127.0.0.1;dbname=msheavn;charset=utf8
[ sql ] [ SQL ] SHOW COLUMNS FROM `ms_food_list` [ RunTime:0.004000s ]
[ error ] [10501]SQLSTATE[42S22]: Column not found: 1054 Unknown column 'a.status' in 'on clause'[E:\wamp\www\ms\thinkphp\library\think\db\Connection.php:390]
---------------------------------------------------------------
[ 2018-09-02T23:55:43+08:00 ] 127.0.0.1 GET /index/category/foodCategory/page/1/category/1
[ info ] www.meishiheavn.loc/index/category/foodCategory/page/1/category/1 [运行时间：0.151009s][吞吐率：6.62req/s] [内存消耗：3,881.70kb] [文件加载：87]
[ info ] [ BEHAVIOR ] Run Closure @app_init [ RunTime:0.000000s ]
[ info ] [ CACHE ] INIT File
[ info ] [ BEHAVIOR ] Run Closure @app_init [ RunTime:0.008001s ]
[ info ] [ LANG ] E:\wamp\www\ms\thinkphp\lang\zh-cn.php
[ info ] [ ROUTE ] array (
  'type' => 'module',
  'module' => 
  array (
    0 => 'index',
    1 => 'category',
    2 => 'foodCategory',
  ),
)
[ info ] [ HEADER ] array (
  'host' => 'www.meishiheavn.loc',
  'connection' => 'keep-alive',
  'cache-control' => 'max-age=0',
  'upgrade-insecure-requests' => '1',
  'user-agent' => 'Mozilla/5.0 (Windows NT 6.1; Win64; x64) AppleWebKit/537.36 (KHTML, like Gecko) Chrome/68.0.3440.106 Safari/537.36',
  'accept' => 'text/html,application/xhtml+xml,application/xml;q=0.9,image/webp,image/apng,*/*;q=0.8',
  'accept-encoding' => 'gzip, deflate',
  'accept-language' => 'zh-CN,zh;q=0.9',
  'cookie' => 'thinkphp_show_page_trace=0|0; uid=2; token=823d45c1-7550-4a42-8b84-e9e43435dd86; Hm_lvt_f8d0a8c400404989e195270b0bbf060a=1534084210,1534174584; Hm_lvt_fb9cd9dcdda23cee0c7357db9be24acb=1535555566; __gads=ID=187858b611d2f16e:T=1535555563:S=ALNI_MZENzWjVYMsVIZM4bstTQXe9oGFmg',
)
[ info ] [ PARAM ] array (
  'page' => '1',
  'category' => '1',
)
[ info ] [ LANG ] E:\wamp\www\ms\public/../application/index\lang\zh-cn.php
[ info ] [ BEHAVIOR ] Run app\common\behavior\Common @module_init [ RunTime:0.006001s ]
[ info ] [ RUN ] app\index\controller\Category->foodCategory[ E:\wamp\www\ms\application\index\controller\Category.php ]
[ info ] [ DB ] INIT mysql
[ info ] [ LOG ] INIT File
[ sql ] [ DB ] CONNECT:[ UseTime:0.002000s ] mysql:host=127.0.0.1;dbname=msheavn;charset=utf8
[ sql ] [ SQL ] SHOW COLUMNS FROM `ms_food_list` [ RunTime:0.005001s ]
[ error ] [10501]SQLSTATE[42S22]: Column not found: 1054 Unknown column 'a.status' in 'on clause'[E:\wamp\www\ms\thinkphp\library\think\db\Connection.php:390]
---------------------------------------------------------------
[ 2018-09-02T23:56:29+08:00 ] 127.0.0.1 GET /index/category/foodCategory/page/1/category/1
[ info ] www.meishiheavn.loc/index/category/foodCategory/page/1/category/1 [运行时间：0.173010s][吞吐率：5.78req/s] [内存消耗：3,881.70kb] [文件加载：87]
[ info ] [ BEHAVIOR ] Run Closure @app_init [ RunTime:0.000000s ]
[ info ] [ CACHE ] INIT File
[ info ] [ BEHAVIOR ] Run Closure @app_init [ RunTime:0.008001s ]
[ info ] [ LANG ] E:\wamp\www\ms\thinkphp\lang\zh-cn.php
[ info ] [ ROUTE ] array (
  'type' => 'module',
  'module' => 
  array (
    0 => 'index',
    1 => 'category',
    2 => 'foodCategory',
  ),
)
[ info ] [ HEADER ] array (
  'host' => 'www.meishiheavn.loc',
  'connection' => 'keep-alive',
  'cache-control' => 'max-age=0',
  'upgrade-insecure-requests' => '1',
  'user-agent' => 'Mozilla/5.0 (Windows NT 6.1; Win64; x64) AppleWebKit/537.36 (KHTML, like Gecko) Chrome/68.0.3440.106 Safari/537.36',
  'accept' => 'text/html,application/xhtml+xml,application/xml;q=0.9,image/webp,image/apng,*/*;q=0.8',
  'accept-encoding' => 'gzip, deflate',
  'accept-language' => 'zh-CN,zh;q=0.9',
  'cookie' => 'thinkphp_show_page_trace=0|0; uid=2; token=823d45c1-7550-4a42-8b84-e9e43435dd86; Hm_lvt_f8d0a8c400404989e195270b0bbf060a=1534084210,1534174584; Hm_lvt_fb9cd9dcdda23cee0c7357db9be24acb=1535555566; __gads=ID=187858b611d2f16e:T=1535555563:S=ALNI_MZENzWjVYMsVIZM4bstTQXe9oGFmg',
)
[ info ] [ PARAM ] array (
  'page' => '1',
  'category' => '1',
)
[ info ] [ LANG ] E:\wamp\www\ms\public/../application/index\lang\zh-cn.php
[ info ] [ BEHAVIOR ] Run app\common\behavior\Common @module_init [ RunTime:0.005001s ]
[ info ] [ RUN ] app\index\controller\Category->foodCategory[ E:\wamp\www\ms\application\index\controller\Category.php ]
[ info ] [ DB ] INIT mysql
[ info ] [ LOG ] INIT File
[ sql ] [ DB ] CONNECT:[ UseTime:0.011001s ] mysql:host=127.0.0.1;dbname=msheavn;charset=utf8
[ sql ] [ SQL ] SHOW COLUMNS FROM `ms_food_list` [ RunTime:0.008000s ]
[ error ] [10501]SQLSTATE[42S22]: Column not found: 1054 Unknown column 'a.status' in 'on clause'[E:\wamp\www\ms\thinkphp\library\think\db\Connection.php:390]
---------------------------------------------------------------
[ 2018-09-02T23:57:21+08:00 ] 127.0.0.1 GET /index/category/foodCategory/page/1/category/1
[ info ] www.meishiheavn.loc/index/category/foodCategory/page/1/category/1 [运行时间：0.193011s][吞吐率：5.18req/s] [内存消耗：3,927.55kb] [文件加载：82]
[ info ] [ BEHAVIOR ] Run Closure @app_init [ RunTime:0.000000s ]
[ info ] [ CACHE ] INIT File
[ info ] [ BEHAVIOR ] Run Closure @app_init [ RunTime:0.008000s ]
[ info ] [ LANG ] E:\wamp\www\ms\thinkphp\lang\zh-cn.php
[ info ] [ ROUTE ] array (
  'type' => 'module',
  'module' => 
  array (
    0 => 'index',
    1 => 'category',
    2 => 'foodCategory',
  ),
)
[ info ] [ HEADER ] array (
  'host' => 'www.meishiheavn.loc',
  'connection' => 'keep-alive',
  'cache-control' => 'max-age=0',
  'upgrade-insecure-requests' => '1',
  'user-agent' => 'Mozilla/5.0 (Windows NT 6.1; Win64; x64) AppleWebKit/537.36 (KHTML, like Gecko) Chrome/68.0.3440.106 Safari/537.36',
  'accept' => 'text/html,application/xhtml+xml,application/xml;q=0.9,image/webp,image/apng,*/*;q=0.8',
  'accept-encoding' => 'gzip, deflate',
  'accept-language' => 'zh-CN,zh;q=0.9',
  'cookie' => 'thinkphp_show_page_trace=0|0; uid=2; token=823d45c1-7550-4a42-8b84-e9e43435dd86; Hm_lvt_f8d0a8c400404989e195270b0bbf060a=1534084210,1534174584; Hm_lvt_fb9cd9dcdda23cee0c7357db9be24acb=1535555566; __gads=ID=187858b611d2f16e:T=1535555563:S=ALNI_MZENzWjVYMsVIZM4bstTQXe9oGFmg',
)
[ info ] [ PARAM ] array (
  'page' => '1',
  'category' => '1',
)
[ info ] [ LANG ] E:\wamp\www\ms\public/../application/index\lang\zh-cn.php
[ info ] [ BEHAVIOR ] Run app\common\behavior\Common @module_init [ RunTime:0.006001s ]
[ info ] [ RUN ] app\index\controller\Category->foodCategory[ E:\wamp\www\ms\application\index\controller\Category.php ]
[ info ] [ DB ] INIT mysql
[ info ] [ LOG ] INIT File
[ sql ] [ DB ] CONNECT:[ UseTime:0.011001s ] mysql:host=127.0.0.1;dbname=msheavn;charset=utf8
[ sql ] [ SQL ] SHOW COLUMNS FROM `ms_food_list` [ RunTime:0.008001s ]
[ sql ] [ SQL ] SELECT * FROM `ms_food_list` `a` INNER JOIN `ms_food_category_relation` `b` ON `a`.`food_id`=b.food_id and a.status = 1 WHERE  (  b.food_category_id =1 ) LIMIT 0,10 [ RunTime:0.029001s ]
---------------------------------------------------------------
[ 2018-09-02T23:57:35+08:00 ] 127.0.0.1 GET /index/category/foodCategory/page/1/category/2
[ info ] www.meishiheavn.loc/index/category/foodCategory/page/1/category/2 [运行时间：0.184010s][吞吐率：5.43req/s] [内存消耗：3,927.02kb] [文件加载：82]
[ info ] [ BEHAVIOR ] Run Closure @app_init [ RunTime:0.000000s ]
[ info ] [ CACHE ] INIT File
[ info ] [ BEHAVIOR ] Run Closure @app_init [ RunTime:0.011001s ]
[ info ] [ LANG ] E:\wamp\www\ms\thinkphp\lang\zh-cn.php
[ info ] [ ROUTE ] array (
  'type' => 'module',
  'module' => 
  array (
    0 => 'index',
    1 => 'category',
    2 => 'foodCategory',
  ),
)
[ info ] [ HEADER ] array (
  'host' => 'www.meishiheavn.loc',
  'connection' => 'keep-alive',
  'upgrade-insecure-requests' => '1',
  'user-agent' => 'Mozilla/5.0 (Windows NT 6.1; Win64; x64) AppleWebKit/537.36 (KHTML, like Gecko) Chrome/68.0.3440.106 Safari/537.36',
  'accept' => 'text/html,application/xhtml+xml,application/xml;q=0.9,image/webp,image/apng,*/*;q=0.8',
  'accept-encoding' => 'gzip, deflate',
  'accept-language' => 'zh-CN,zh;q=0.9',
  'cookie' => 'thinkphp_show_page_trace=0|0; uid=2; token=823d45c1-7550-4a42-8b84-e9e43435dd86; Hm_lvt_f8d0a8c400404989e195270b0bbf060a=1534084210,1534174584; Hm_lvt_fb9cd9dcdda23cee0c7357db9be24acb=1535555566; __gads=ID=187858b611d2f16e:T=1535555563:S=ALNI_MZENzWjVYMsVIZM4bstTQXe9oGFmg',
)
[ info ] [ PARAM ] array (
  'page' => '1',
  'category' => '2',
)
[ info ] [ LANG ] E:\wamp\www\ms\public/../application/index\lang\zh-cn.php
[ info ] [ BEHAVIOR ] Run app\common\behavior\Common @module_init [ RunTime:0.005001s ]
[ info ] [ RUN ] app\index\controller\Category->foodCategory[ E:\wamp\www\ms\application\index\controller\Category.php ]
[ info ] [ DB ] INIT mysql
[ info ] [ LOG ] INIT File
[ sql ] [ DB ] CONNECT:[ UseTime:0.012001s ] mysql:host=127.0.0.1;dbname=msheavn;charset=utf8
[ sql ] [ SQL ] SHOW COLUMNS FROM `ms_food_list` [ RunTime:0.008000s ]
[ sql ] [ SQL ] SELECT * FROM `ms_food_list` `a` INNER JOIN `ms_food_category_relation` `b` ON `a`.`food_id`=b.food_id and a.status = 1 WHERE  (  b.food_category_id =2 ) LIMIT 0,10 [ RunTime:0.006000s ]
