---------------------------------------------------------------
[ 2018-09-05T00:24:04+08:00 ] 114.240.134.47 GET /
[ info ] test.meishiheavn.com/ [运行时间：0.037656s][吞吐率：26.56req/s] [内存消耗：3,362.35kb] [文件加载：84]
[ info ] [ BEHAVIOR ] Run Closure @app_init [ RunTime:0.000019s ]
[ info ] [ CACHE ] INIT File
[ info ] [ BEHAVIOR ] Run Closure @app_init [ RunTime:0.001027s ]
[ info ] [ LANG ] /home/wwwroot/ms/thinkphp/lang/zh-cn.php
[ info ] [ ROUTE ] array (
  'type' => 'module',
  'module' => 
  array (
    0 => '',
    1 => NULL,
    2 => NULL,
  ),
)
[ info ] [ HEADER ] array (
  'cookie' => 'Hm_lvt_f8d0a8c400404989e195270b0bbf060a=1535732424,1535810134,1535984338',
  'accept-language' => 'zh-CN,zh;q=0.9',
  'accept-encoding' => 'gzip, deflate',
  'accept' => 'text/html,application/xhtml+xml,application/xml;q=0.9,image/webp,image/apng,*/*;q=0.8',
  'user-agent' => 'Mozilla/5.0 (Windows NT 6.1; Win64; x64) AppleWebKit/537.36 (KHTML, like Gecko) Chrome/68.0.3440.106 Safari/537.36',
  'upgrade-insecure-requests' => '1',
  'connection' => 'keep-alive',
  'host' => 'test.meishiheavn.com',
  'content-type' => '',
  'content-length' => '',
)
[ info ] [ PARAM ] array (
)
[ info ] [ LANG ] /home/wwwroot/ms/public/../application/index/lang/zh-cn.php
[ info ] [ BEHAVIOR ] Run app\common\behavior\Common @module_init [ RunTime:0.001334s ]
[ info ] [ LANG ] /home/wwwroot/ms/public/../application/index/lang/zh-cn/index.php
[ info ] [ RUN ] app\index\controller\Index->index[ /home/wwwroot/ms/application/index/controller/Index.php ]
[ info ] [ VIEW ] /home/wwwroot/ms/public/../application/index/view/index/index.html [ array (
  0 => 'user',
  1 => 'site',
  2 => 'config',
) ]
[ info ] [ LOG ] INIT File
---------------------------------------------------------------
[ 2018-09-05T00:24:08+08:00 ] 114.240.134.47 GET /admin.php/index/login?url=%2Fadmin.php
[ info ] test.meishiheavn.com/admin.php/index/login?url=%2Fadmin.php [运行时间：0.037091s][吞吐率：26.96req/s] [内存消耗：3,566.98kb] [文件加载：88]
[ info ] [ BEHAVIOR ] Run Closure @app_init [ RunTime:0.000017s ]
[ info ] [ CACHE ] INIT File
[ info ] [ BEHAVIOR ] Run Closure @app_init [ RunTime:0.001010s ]
[ info ] [ LANG ] /home/wwwroot/ms/thinkphp/lang/zh-cn.php
[ info ] [ ROUTE ] array (
  'type' => 'module',
  'module' => 
  array (
    0 => 'admin',
    1 => 'index',
    2 => 'login',
  ),
)
[ info ] [ HEADER ] array (
  'cookie' => 'Hm_lvt_f8d0a8c400404989e195270b0bbf060a=1535732424,1535810134,1535984338',
  'accept-language' => 'zh-CN,zh;q=0.9',
  'accept-encoding' => 'gzip, deflate',
  'accept' => 'text/html,application/xhtml+xml,application/xml;q=0.9,image/webp,image/apng,*/*;q=0.8',
  'user-agent' => 'Mozilla/5.0 (Windows NT 6.1; Win64; x64) AppleWebKit/537.36 (KHTML, like Gecko) Chrome/68.0.3440.106 Safari/537.36',
  'upgrade-insecure-requests' => '1',
  'connection' => 'keep-alive',
  'host' => 'test.meishiheavn.com',
  'content-type' => '',
  'content-length' => '',
)
[ info ] [ PARAM ] array (
  'url' => '/admin.php',
)
[ info ] [ LANG ] /home/wwwroot/ms/public/../application/admin/lang/zh-cn.php
[ info ] [ BEHAVIOR ] Run app\common\behavior\Common @module_init [ RunTime:0.001329s ]
[ info ] [ SESSION ] INIT array (
  'id' => '',
  'var_session_id' => '',
  'prefix' => 'think',
  'type' => '',
  'auto_start' => true,
)
[ info ] [ LANG ] /home/wwwroot/ms/public/../application/admin/lang/zh-cn/index.php
[ info ] [ RUN ] app\admin\controller\Index->login[ /home/wwwroot/ms/application/admin/controller/Index.php ]
[ info ] [ VIEW ] /home/wwwroot/ms/public/../application/admin/view/index/login.html [ array (
  0 => 'breadcrumb',
  1 => 'site',
  2 => 'config',
  3 => 'auth',
  4 => 'admin',
  5 => 'background',
  6 => 'title',
) ]
[ info ] [ BEHAVIOR ] Run app\admin\behavior\AdminLog @app_end [ RunTime:0.000114s ]
[ info ] [ LOG ] INIT File
---------------------------------------------------------------
[ 2018-09-05T00:24:09+08:00 ] 114.240.134.47 GET /admin.php/ajax/lang?callback=define&controllername=index&v=1536078248
[ info ] test.meishiheavn.com/admin.php/ajax/lang?callback=define&controllername=index&v=1536078248 [运行时间：0.033481s][吞吐率：29.87req/s] [内存消耗：3,543.68kb] [文件加载：86]
[ info ] [ BEHAVIOR ] Run Closure @app_init [ RunTime:0.000022s ]
[ info ] [ CACHE ] INIT File
[ info ] [ BEHAVIOR ] Run Closure @app_init [ RunTime:0.001105s ]
[ info ] [ LANG ] /home/wwwroot/ms/thinkphp/lang/zh-cn.php
[ info ] [ ROUTE ] array (
  'type' => 'module',
  'module' => 
  array (
    0 => 'admin',
    1 => 'ajax',
    2 => 'lang',
  ),
)
[ info ] [ HEADER ] array (
  'cookie' => 'Hm_lvt_f8d0a8c400404989e195270b0bbf060a=1535732424,1535810134,1535984338; PHPSESSID=41oug04ess3kdlufulo5lmaaol',
  'accept-language' => 'zh-CN,zh;q=0.9',
  'accept-encoding' => 'gzip, deflate',
  'referer' => 'http://test.meishiheavn.com/admin.php/index/login?url=%2Fadmin.php',
  'accept' => '*/*',
  'user-agent' => 'Mozilla/5.0 (Windows NT 6.1; Win64; x64) AppleWebKit/537.36 (KHTML, like Gecko) Chrome/68.0.3440.106 Safari/537.36',
  'connection' => 'keep-alive',
  'host' => 'test.meishiheavn.com',
  'content-type' => '',
  'content-length' => '',
)
[ info ] [ PARAM ] array (
  'callback' => 'define',
  'controllername' => 'index',
  'v' => '1536078248',
)
[ info ] [ LANG ] /home/wwwroot/ms/public/../application/admin/lang/zh-cn.php
[ info ] [ BEHAVIOR ] Run app\common\behavior\Common @module_init [ RunTime:0.001223s ]
[ info ] [ SESSION ] INIT array (
  'id' => '',
  'var_session_id' => '',
  'prefix' => 'think',
  'type' => '',
  'auto_start' => true,
)
[ info ] [ LANG ] /home/wwwroot/ms/public/../application/admin/lang/zh-cn/ajax.php
[ info ] [ RUN ] app\admin\controller\Ajax->lang[ /home/wwwroot/ms/application/admin/controller/Ajax.php ]
[ info ] [ LANG ] /home/wwwroot/ms/public/../application/admin/lang/zh-cn/index.php
[ info ] [ BEHAVIOR ] Run app\admin\behavior\AdminLog @app_end [ RunTime:0.000101s ]
[ info ] [ LOG ] INIT File
---------------------------------------------------------------
[ 2018-09-05T00:24:13+08:00 ] 114.240.134.47 POST /admin.php/index/login?url=%2Fadmin.php
[ info ] test.meishiheavn.com/admin.php/index/login?url=%2Fadmin.php [运行时间：0.084914s][吞吐率：11.78req/s] [内存消耗：4,248.24kb] [文件加载：93]
[ info ] [ BEHAVIOR ] Run Closure @app_init [ RunTime:0.000025s ]
[ info ] [ CACHE ] INIT File
[ info ] [ BEHAVIOR ] Run Closure @app_init [ RunTime:0.000999s ]
[ info ] [ LANG ] /home/wwwroot/ms/thinkphp/lang/zh-cn.php
[ info ] [ ROUTE ] array (
  'type' => 'module',
  'module' => 
  array (
    0 => 'admin',
    1 => 'index',
    2 => 'login',
  ),
)
[ info ] [ HEADER ] array (
  'cookie' => 'thinkphp_show_page_trace=0|0; Hm_lvt_f8d0a8c400404989e195270b0bbf060a=1535732424,1535810134,1535984338; PHPSESSID=41oug04ess3kdlufulo5lmaaol',
  'accept-language' => 'zh-CN,zh;q=0.9',
  'accept-encoding' => 'gzip, deflate',
  'referer' => 'http://test.meishiheavn.com/admin.php/index/login?url=%2Fadmin.php',
  'content-type' => 'application/x-www-form-urlencoded; charset=UTF-8',
  'user-agent' => 'Mozilla/5.0 (Windows NT 6.1; Win64; x64) AppleWebKit/537.36 (KHTML, like Gecko) Chrome/68.0.3440.106 Safari/537.36',
  'x-requested-with' => 'XMLHttpRequest',
  'origin' => 'http://test.meishiheavn.com',
  'accept' => 'application/json, text/javascript, */*; q=0.01',
  'content-length' => '75',
  'connection' => 'keep-alive',
  'host' => 'test.meishiheavn.com',
)
[ info ] [ PARAM ] array (
  'url' => '/admin.php',
  '__token__' => '641b207867bd922e0fec15118b25a1ec',
  'username' => 'admin',
  'password' => 'abcd1234',
)
[ info ] [ LANG ] /home/wwwroot/ms/public/../application/admin/lang/zh-cn.php
[ info ] [ BEHAVIOR ] Run app\common\behavior\Common @module_init [ RunTime:0.001281s ]
[ info ] [ SESSION ] INIT array (
  'id' => '',
  'var_session_id' => '',
  'prefix' => 'think',
  'type' => '',
  'auto_start' => true,
)
[ info ] [ LANG ] /home/wwwroot/ms/public/../application/admin/lang/zh-cn/index.php
[ info ] [ RUN ] app\admin\controller\Index->login[ /home/wwwroot/ms/application/admin/controller/Index.php ]
[ info ] [ DB ] INIT mysql
[ info ] [ BEHAVIOR ] Run app\admin\behavior\AdminLog @app_end [ RunTime:0.014077s ]
[ info ] [ LOG ] INIT File
[ sql ] [ DB ] CONNECT:[ UseTime:0.000287s ] mysql:host=127.0.0.1;dbname=msheavn;charset=utf8
[ sql ] [ SQL ] SHOW COLUMNS FROM `ms_admin` [ RunTime:0.000603s ]
[ sql ] [ SQL ] SELECT * FROM `ms_admin` WHERE  `username` = 'admin' LIMIT 1 [ RunTime:0.000338s ]
[ sql ] [ SQL ] UPDATE `ms_admin`  SET `loginfailure`=2,`updatetime`=1536078253  WHERE  `id` = 1 [ RunTime:0.029288s ]
[ sql ] [ SQL ] SHOW COLUMNS FROM `ms_admin_log` [ RunTime:0.000870s ]
[ sql ] [ SQL ] INSERT INTO `ms_admin_log` (`title` , `content` , `url` , `admin_id` , `username` , `useragent` , `ip` , `createtime`) VALUES ('登录' , '{\"url\":\"\\/admin.php\",\"__token__\":\"641b207867bd922e0fec15118b25a1ec\",\"username\":\"admin\"}' , '/admin.php/index/login?url=%2Fadmin.php' , 0 , 'Unknown' , 'Mozilla/5.0 (Windows NT 6.1; Win64; x64) AppleWebKit/537.36 (KHTML, like Gecko) Chrome/68.0.3440.106 Safari/537.36' , '114.240.134.47' , 1536078253) [ RunTime:0.012549s ]
---------------------------------------------------------------
[ 2018-09-05T00:25:21+08:00 ] 114.240.134.47 POST /admin.php/index/login?url=%2Fadmin.php
[ info ] test.meishiheavn.com/admin.php/index/login?url=%2Fadmin.php [运行时间：0.054615s][吞吐率：18.31req/s] [内存消耗：4,248.24kb] [文件加载：93]
[ info ] [ BEHAVIOR ] Run Closure @app_init [ RunTime:0.000017s ]
[ info ] [ CACHE ] INIT File
[ info ] [ BEHAVIOR ] Run Closure @app_init [ RunTime:0.000968s ]
[ info ] [ LANG ] /home/wwwroot/ms/thinkphp/lang/zh-cn.php
[ info ] [ ROUTE ] array (
  'type' => 'module',
  'module' => 
  array (
    0 => 'admin',
    1 => 'index',
    2 => 'login',
  ),
)
[ info ] [ HEADER ] array (
  'cookie' => 'thinkphp_show_page_trace=0|0; Hm_lvt_f8d0a8c400404989e195270b0bbf060a=1535732424,1535810134,1535984338; PHPSESSID=41oug04ess3kdlufulo5lmaaol',
  'accept-language' => 'zh-CN,zh;q=0.9',
  'accept-encoding' => 'gzip, deflate',
  'referer' => 'http://test.meishiheavn.com/admin.php/index/login?url=%2Fadmin.php',
  'content-type' => 'application/x-www-form-urlencoded; charset=UTF-8',
  'user-agent' => 'Mozilla/5.0 (Windows NT 6.1; Win64; x64) AppleWebKit/537.36 (KHTML, like Gecko) Chrome/68.0.3440.106 Safari/537.36',
  'x-requested-with' => 'XMLHttpRequest',
  'origin' => 'http://test.meishiheavn.com',
  'accept' => 'application/json, text/javascript, */*; q=0.01',
  'content-length' => '75',
  'connection' => 'keep-alive',
  'host' => 'test.meishiheavn.com',
)
[ info ] [ PARAM ] array (
  'url' => '/admin.php',
  '__token__' => '78fba3deee0ae9ec77489399a1f2d7d3',
  'username' => 'admin',
  'password' => 'abcd1234',
)
[ info ] [ LANG ] /home/wwwroot/ms/public/../application/admin/lang/zh-cn.php
[ info ] [ BEHAVIOR ] Run app\common\behavior\Common @module_init [ RunTime:0.001296s ]
[ info ] [ SESSION ] INIT array (
  'id' => '',
  'var_session_id' => '',
  'prefix' => 'think',
  'type' => '',
  'auto_start' => true,
)
[ info ] [ LANG ] /home/wwwroot/ms/public/../application/admin/lang/zh-cn/index.php
[ info ] [ RUN ] app\admin\controller\Index->login[ /home/wwwroot/ms/application/admin/controller/Index.php ]
[ info ] [ DB ] INIT mysql
[ info ] [ BEHAVIOR ] Run app\admin\behavior\AdminLog @app_end [ RunTime:0.004756s ]
[ info ] [ LOG ] INIT File
[ sql ] [ DB ] CONNECT:[ UseTime:0.000252s ] mysql:host=127.0.0.1;dbname=msheavn;charset=utf8
[ sql ] [ SQL ] SHOW COLUMNS FROM `ms_admin` [ RunTime:0.000597s ]
[ sql ] [ SQL ] SELECT * FROM `ms_admin` WHERE  `username` = 'admin' LIMIT 1 [ RunTime:0.000307s ]
[ sql ] [ SQL ] UPDATE `ms_admin`  SET `loginfailure`=3,`updatetime`=1536078321  WHERE  `id` = 1 [ RunTime:0.010649s ]
[ sql ] [ SQL ] SHOW COLUMNS FROM `ms_admin_log` [ RunTime:0.000520s ]
[ sql ] [ SQL ] INSERT INTO `ms_admin_log` (`title` , `content` , `url` , `admin_id` , `username` , `useragent` , `ip` , `createtime`) VALUES ('登录' , '{\"url\":\"\\/admin.php\",\"__token__\":\"78fba3deee0ae9ec77489399a1f2d7d3\",\"username\":\"admin\"}' , '/admin.php/index/login?url=%2Fadmin.php' , 0 , 'Unknown' , 'Mozilla/5.0 (Windows NT 6.1; Win64; x64) AppleWebKit/537.36 (KHTML, like Gecko) Chrome/68.0.3440.106 Safari/537.36' , '114.240.134.47' , 1536078321) [ RunTime:0.003802s ]
---------------------------------------------------------------
[ 2018-09-05T00:26:05+08:00 ] 114.240.134.47 POST /admin.php/index/login?url=%2Fadmin.php
[ info ] test.meishiheavn.com/admin.php/index/login?url=%2Fadmin.php [运行时间：0.058590s][吞吐率：17.07req/s] [内存消耗：4,248.24kb] [文件加载：93]
[ info ] [ BEHAVIOR ] Run Closure @app_init [ RunTime:0.000018s ]
[ info ] [ CACHE ] INIT File
[ info ] [ BEHAVIOR ] Run Closure @app_init [ RunTime:0.000965s ]
[ info ] [ LANG ] /home/wwwroot/ms/thinkphp/lang/zh-cn.php
[ info ] [ ROUTE ] array (
  'type' => 'module',
  'module' => 
  array (
    0 => 'admin',
    1 => 'index',
    2 => 'login',
  ),
)
[ info ] [ HEADER ] array (
  'cookie' => 'thinkphp_show_page_trace=0|0; Hm_lvt_f8d0a8c400404989e195270b0bbf060a=1535732424,1535810134,1535984338; PHPSESSID=41oug04ess3kdlufulo5lmaaol',
  'accept-language' => 'zh-CN,zh;q=0.9',
  'accept-encoding' => 'gzip, deflate',
  'referer' => 'http://test.meishiheavn.com/admin.php/index/login?url=%2Fadmin.php',
  'content-type' => 'application/x-www-form-urlencoded; charset=UTF-8',
  'user-agent' => 'Mozilla/5.0 (Windows NT 6.1; Win64; x64) AppleWebKit/537.36 (KHTML, like Gecko) Chrome/68.0.3440.106 Safari/537.36',
  'x-requested-with' => 'XMLHttpRequest',
  'origin' => 'http://test.meishiheavn.com',
  'accept' => 'application/json, text/javascript, */*; q=0.01',
  'content-length' => '75',
  'connection' => 'keep-alive',
  'host' => 'test.meishiheavn.com',
)
[ info ] [ PARAM ] array (
  'url' => '/admin.php',
  '__token__' => 'c3cad516cd794a594103194a39f85b39',
  'username' => 'admin',
  'password' => 'abcd1234',
)
[ info ] [ LANG ] /home/wwwroot/ms/public/../application/admin/lang/zh-cn.php
[ info ] [ BEHAVIOR ] Run app\common\behavior\Common @module_init [ RunTime:0.001296s ]
[ info ] [ SESSION ] INIT array (
  'id' => '',
  'var_session_id' => '',
  'prefix' => 'think',
  'type' => '',
  'auto_start' => true,
)
[ info ] [ LANG ] /home/wwwroot/ms/public/../application/admin/lang/zh-cn/index.php
[ info ] [ RUN ] app\admin\controller\Index->login[ /home/wwwroot/ms/application/admin/controller/Index.php ]
[ info ] [ DB ] INIT mysql
[ info ] [ BEHAVIOR ] Run app\admin\behavior\AdminLog @app_end [ RunTime:0.005260s ]
[ info ] [ LOG ] INIT File
[ sql ] [ DB ] CONNECT:[ UseTime:0.000240s ] mysql:host=127.0.0.1;dbname=msheavn;charset=utf8
[ sql ] [ SQL ] SHOW COLUMNS FROM `ms_admin` [ RunTime:0.000621s ]
[ sql ] [ SQL ] SELECT * FROM `ms_admin` WHERE  `username` = 'admin' LIMIT 1 [ RunTime:0.000289s ]
[ sql ] [ SQL ] UPDATE `ms_admin`  SET `loginfailure`=4,`updatetime`=1536078365  WHERE  `id` = 1 [ RunTime:0.011961s ]
[ sql ] [ SQL ] SHOW COLUMNS FROM `ms_admin_log` [ RunTime:0.000598s ]
[ sql ] [ SQL ] INSERT INTO `ms_admin_log` (`title` , `content` , `url` , `admin_id` , `username` , `useragent` , `ip` , `createtime`) VALUES ('登录' , '{\"url\":\"\\/admin.php\",\"__token__\":\"c3cad516cd794a594103194a39f85b39\",\"username\":\"admin\"}' , '/admin.php/index/login?url=%2Fadmin.php' , 0 , 'Unknown' , 'Mozilla/5.0 (Windows NT 6.1; Win64; x64) AppleWebKit/537.36 (KHTML, like Gecko) Chrome/68.0.3440.106 Safari/537.36' , '114.240.134.47' , 1536078365) [ RunTime:0.004148s ]
---------------------------------------------------------------
[ 2018-09-05T00:26:59+08:00 ] 114.240.134.47 GET /admin.php/index/login?url=%2Fadmin.php
[ info ] test.meishiheavn.com/admin.php/index/login?url=%2Fadmin.php [运行时间：0.037971s][吞吐率：26.34req/s] [内存消耗：3,567.54kb] [文件加载：88]
[ info ] [ BEHAVIOR ] Run Closure @app_init [ RunTime:0.000015s ]
[ info ] [ CACHE ] INIT File
[ info ] [ BEHAVIOR ] Run Closure @app_init [ RunTime:0.000956s ]
[ info ] [ LANG ] /home/wwwroot/ms/thinkphp/lang/zh-cn.php
[ info ] [ ROUTE ] array (
  'type' => 'module',
  'module' => 
  array (
    0 => 'admin',
    1 => 'index',
    2 => 'login',
  ),
)
[ info ] [ HEADER ] array (
  'cookie' => 'thinkphp_show_page_trace=0|0; Hm_lvt_f8d0a8c400404989e195270b0bbf060a=1535732424,1535810134,1535984338; PHPSESSID=41oug04ess3kdlufulo5lmaaol',
  'accept-language' => 'zh-CN,zh;q=0.9',
  'accept-encoding' => 'gzip, deflate',
  'accept' => 'text/html,application/xhtml+xml,application/xml;q=0.9,image/webp,image/apng,*/*;q=0.8',
  'user-agent' => 'Mozilla/5.0 (Windows NT 6.1; Win64; x64) AppleWebKit/537.36 (KHTML, like Gecko) Chrome/68.0.3440.106 Safari/537.36',
  'upgrade-insecure-requests' => '1',
  'cache-control' => 'max-age=0',
  'connection' => 'keep-alive',
  'host' => 'test.meishiheavn.com',
  'content-type' => '',
  'content-length' => '',
)
[ info ] [ PARAM ] array (
  'url' => '/admin.php',
)
[ info ] [ LANG ] /home/wwwroot/ms/public/../application/admin/lang/zh-cn.php
[ info ] [ BEHAVIOR ] Run app\common\behavior\Common @module_init [ RunTime:0.001271s ]
[ info ] [ SESSION ] INIT array (
  'id' => '',
  'var_session_id' => '',
  'prefix' => 'think',
  'type' => '',
  'auto_start' => true,
)
[ info ] [ LANG ] /home/wwwroot/ms/public/../application/admin/lang/zh-cn/index.php
[ info ] [ RUN ] app\admin\controller\Index->login[ /home/wwwroot/ms/application/admin/controller/Index.php ]
[ info ] [ VIEW ] /home/wwwroot/ms/public/../application/admin/view/index/login.html [ array (
  0 => 'breadcrumb',
  1 => 'site',
  2 => 'config',
  3 => 'auth',
  4 => 'admin',
  5 => 'background',
  6 => 'title',
) ]
[ info ] [ BEHAVIOR ] Run app\admin\behavior\AdminLog @app_end [ RunTime:0.000119s ]
[ info ] [ LOG ] INIT File
---------------------------------------------------------------
[ 2018-09-05T00:27:00+08:00 ] 114.240.134.47 GET /admin.php/ajax/lang?callback=define&controllername=index&v=1536078419
[ info ] test.meishiheavn.com/admin.php/ajax/lang?callback=define&controllername=index&v=1536078419 [运行时间：0.031772s][吞吐率：31.47req/s] [内存消耗：3,543.68kb] [文件加载：86]
[ info ] [ BEHAVIOR ] Run Closure @app_init [ RunTime:0.000018s ]
[ info ] [ CACHE ] INIT File
[ info ] [ BEHAVIOR ] Run Closure @app_init [ RunTime:0.000943s ]
[ info ] [ LANG ] /home/wwwroot/ms/thinkphp/lang/zh-cn.php
[ info ] [ ROUTE ] array (
  'type' => 'module',
  'module' => 
  array (
    0 => 'admin',
    1 => 'ajax',
    2 => 'lang',
  ),
)
[ info ] [ HEADER ] array (
  'cookie' => 'Hm_lvt_f8d0a8c400404989e195270b0bbf060a=1535732424,1535810134,1535984338; PHPSESSID=41oug04ess3kdlufulo5lmaaol',
  'accept-language' => 'zh-CN,zh;q=0.9',
  'accept-encoding' => 'gzip, deflate',
  'referer' => 'http://test.meishiheavn.com/admin.php/index/login?url=%2Fadmin.php',
  'accept' => '*/*',
  'user-agent' => 'Mozilla/5.0 (Windows NT 6.1; Win64; x64) AppleWebKit/537.36 (KHTML, like Gecko) Chrome/68.0.3440.106 Safari/537.36',
  'connection' => 'keep-alive',
  'host' => 'test.meishiheavn.com',
  'content-type' => '',
  'content-length' => '',
)
[ info ] [ PARAM ] array (
  'callback' => 'define',
  'controllername' => 'index',
  'v' => '1536078419',
)
[ info ] [ LANG ] /home/wwwroot/ms/public/../application/admin/lang/zh-cn.php
[ info ] [ BEHAVIOR ] Run app\common\behavior\Common @module_init [ RunTime:0.001254s ]
[ info ] [ SESSION ] INIT array (
  'id' => '',
  'var_session_id' => '',
  'prefix' => 'think',
  'type' => '',
  'auto_start' => true,
)
[ info ] [ LANG ] /home/wwwroot/ms/public/../application/admin/lang/zh-cn/ajax.php
[ info ] [ RUN ] app\admin\controller\Ajax->lang[ /home/wwwroot/ms/application/admin/controller/Ajax.php ]
[ info ] [ LANG ] /home/wwwroot/ms/public/../application/admin/lang/zh-cn/index.php
[ info ] [ BEHAVIOR ] Run app\admin\behavior\AdminLog @app_end [ RunTime:0.000102s ]
[ info ] [ LOG ] INIT File
---------------------------------------------------------------
[ 2018-09-05T00:27:04+08:00 ] 114.240.134.47 POST /admin.php/index/login?url=%2Fadmin.php
[ info ] test.meishiheavn.com/admin.php/index/login?url=%2Fadmin.php [运行时间：0.089631s][吞吐率：11.16req/s] [内存消耗：4,267.02kb] [文件加载：94]
[ info ] [ BEHAVIOR ] Run Closure @app_init [ RunTime:0.000028s ]
[ info ] [ CACHE ] INIT File
[ info ] [ BEHAVIOR ] Run Closure @app_init [ RunTime:0.001301s ]
[ info ] [ LANG ] /home/wwwroot/ms/thinkphp/lang/zh-cn.php
[ info ] [ ROUTE ] array (
  'type' => 'module',
  'module' => 
  array (
    0 => 'admin',
    1 => 'index',
    2 => 'login',
  ),
)
[ info ] [ HEADER ] array (
  'cookie' => 'thinkphp_show_page_trace=0|0; Hm_lvt_f8d0a8c400404989e195270b0bbf060a=1535732424,1535810134,1535984338; PHPSESSID=41oug04ess3kdlufulo5lmaaol',
  'accept-language' => 'zh-CN,zh;q=0.9',
  'accept-encoding' => 'gzip, deflate',
  'referer' => 'http://test.meishiheavn.com/admin.php/index/login?url=%2Fadmin.php',
  'content-type' => 'application/x-www-form-urlencoded; charset=UTF-8',
  'user-agent' => 'Mozilla/5.0 (Windows NT 6.1; Win64; x64) AppleWebKit/537.36 (KHTML, like Gecko) Chrome/68.0.3440.106 Safari/537.36',
  'x-requested-with' => 'XMLHttpRequest',
  'origin' => 'http://test.meishiheavn.com',
  'accept' => 'application/json, text/javascript, */*; q=0.01',
  'content-length' => '75',
  'connection' => 'keep-alive',
  'host' => 'test.meishiheavn.com',
)
[ info ] [ PARAM ] array (
  'url' => '/admin.php',
  '__token__' => '76fd5a0b5e4d7efbba4293d241814e04',
  'username' => 'admin',
  'password' => 'abcd1234',
)
[ info ] [ LANG ] /home/wwwroot/ms/public/../application/admin/lang/zh-cn.php
[ info ] [ BEHAVIOR ] Run app\common\behavior\Common @module_init [ RunTime:0.001263s ]
[ info ] [ SESSION ] INIT array (
  'id' => '',
  'var_session_id' => '',
  'prefix' => 'think',
  'type' => '',
  'auto_start' => true,
)
[ info ] [ LANG ] /home/wwwroot/ms/public/../application/admin/lang/zh-cn/index.php
[ info ] [ RUN ] app\admin\controller\Index->login[ /home/wwwroot/ms/application/admin/controller/Index.php ]
[ info ] [ DB ] INIT mysql
[ info ] [ BEHAVIOR ] Run app\admin\behavior\AdminLog @app_end [ RunTime:0.016068s ]
[ info ] [ LOG ] INIT File
[ sql ] [ DB ] CONNECT:[ UseTime:0.000257s ] mysql:host=127.0.0.1;dbname=msheavn;charset=utf8
[ sql ] [ SQL ] SHOW COLUMNS FROM `ms_admin` [ RunTime:0.000586s ]
[ sql ] [ SQL ] SELECT * FROM `ms_admin` WHERE  `username` = 'admin' LIMIT 1 [ RunTime:0.000278s ]
[ sql ] [ SQL ] UPDATE `ms_admin`  SET `loginfailure`=0,`logintime`=1536078424,`token`='401dc3f6-38f1-4979-b892-1c16c047a3f5',`updatetime`=1536078424  WHERE  `id` = 1 [ RunTime:0.012726s ]
[ sql ] [ SQL ] SHOW COLUMNS FROM `ms_admin_log` [ RunTime:0.000628s ]
[ sql ] [ SQL ] INSERT INTO `ms_admin_log` (`title` , `content` , `url` , `admin_id` , `username` , `useragent` , `ip` , `createtime`) VALUES ('登录' , '{\"url\":\"\\/admin.php\",\"__token__\":\"76fd5a0b5e4d7efbba4293d241814e04\",\"username\":\"admin\"}' , '/admin.php/index/login?url=%2Fadmin.php' , 1 , 'admin' , 'Mozilla/5.0 (Windows NT 6.1; Win64; x64) AppleWebKit/537.36 (KHTML, like Gecko) Chrome/68.0.3440.106 Safari/537.36' , '114.240.134.47' , 1536078424) [ RunTime:0.014960s ]
---------------------------------------------------------------
[ 2018-09-05T00:27:05+08:00 ] 114.240.134.47 GET /admin.php
[ info ] test.meishiheavn.com/admin.php [运行时间：0.315505s][吞吐率：3.17req/s] [内存消耗：4,738.00kb] [文件加载：108]
[ info ] [ BEHAVIOR ] Run Closure @app_init [ RunTime:0.000024s ]
[ info ] [ CACHE ] INIT File
[ info ] [ BEHAVIOR ] Run Closure @app_init [ RunTime:0.000970s ]
[ info ] [ LANG ] /home/wwwroot/ms/thinkphp/lang/zh-cn.php
[ info ] [ ROUTE ] array (
  'type' => 'module',
  'module' => 
  array (
    0 => 'admin',
    1 => NULL,
    2 => NULL,
  ),
)
[ info ] [ HEADER ] array (
  'cookie' => 'Hm_lvt_f8d0a8c400404989e195270b0bbf060a=1535732424,1535810134,1535984338; PHPSESSID=41oug04ess3kdlufulo5lmaaol',
  'accept-language' => 'zh-CN,zh;q=0.9',
  'accept-encoding' => 'gzip, deflate',
  'referer' => 'http://test.meishiheavn.com/admin.php/index/login?url=%2Fadmin.php',
  'accept' => 'text/html,application/xhtml+xml,application/xml;q=0.9,image/webp,image/apng,*/*;q=0.8',
  'user-agent' => 'Mozilla/5.0 (Windows NT 6.1; Win64; x64) AppleWebKit/537.36 (KHTML, like Gecko) Chrome/68.0.3440.106 Safari/537.36',
  'upgrade-insecure-requests' => '1',
  'connection' => 'keep-alive',
  'host' => 'test.meishiheavn.com',
  'content-type' => '',
  'content-length' => '',
)
[ info ] [ PARAM ] array (
)
[ info ] [ LANG ] /home/wwwroot/ms/public/../application/admin/lang/zh-cn.php
[ info ] [ BEHAVIOR ] Run app\common\behavior\Common @module_init [ RunTime:0.001363s ]
[ info ] [ SESSION ] INIT array (
  'id' => '',
  'var_session_id' => '',
  'prefix' => 'think',
  'type' => '',
  'auto_start' => true,
)
[ info ] [ LANG ] /home/wwwroot/ms/public/../application/admin/lang/zh-cn/index.php
[ info ] [ RUN ] app\admin\controller\Index->index[ /home/wwwroot/ms/application/admin/controller/Index.php ]
[ info ] [ DB ] INIT mysql
[ info ] [ VIEW ] /home/wwwroot/ms/public/../application/admin/view/index/index.html [ array (
  0 => 'breadcrumb',
  1 => 'site',
  2 => 'config',
  3 => 'auth',
  4 => 'admin',
  5 => 'menulist',
  6 => 'navlist',
  7 => 'fixedmenu',
  8 => 'referermenu',
  9 => 'title',
) ]
[ info ] [ BEHAVIOR ] Run app\admin\behavior\AdminLog @app_end [ RunTime:0.000182s ]
[ info ] [ LOG ] INIT File
[ sql ] [ DB ] CONNECT:[ UseTime:0.000252s ] mysql:host=127.0.0.1;dbname=msheavn;charset=utf8
[ sql ] [ SQL ] SHOW COLUMNS FROM `ms_auth_group_access` [ RunTime:0.000557s ]
[ sql ] [ SQL ] SELECT `aga`.`uid`,`aga`.`group_id`,`ag`.`id`,`ag`.`pid`,`ag`.`name`,`ag`.`rules` FROM `ms_auth_group_access` `aga` LEFT JOIN `ms_auth_group` `ag` ON `aga`.`group_id`=`ag`.`id` WHERE  (  aga.uid='1' and ag.status='normal' ) [ RunTime:0.009364s ]
[ sql ] [ SQL ] SHOW COLUMNS FROM `ms_auth_rule` [ RunTime:0.000630s ]
[ sql ] [ SQL ] SELECT `id`,`pid`,`condition`,`icon`,`name`,`title`,`ismenu` FROM `ms_auth_rule` WHERE  `status` = 'normal' [ RunTime:0.000339s ]
[ sql ] [ SQL ] SELECT * FROM `ms_auth_rule` WHERE  `status` = 'normal'  AND `ismenu` = 1 ORDER BY `weigh` DESC [ RunTime:0.000510s ]
---------------------------------------------------------------
[ 2018-09-05T00:27:05+08:00 ] 114.240.134.47 GET /admin.php/dashboard?addtabs=1
[ info ] test.meishiheavn.com/admin.php/dashboard?addtabs=1 [运行时间：0.122879s][吞吐率：8.14req/s] [内存消耗：4,638.91kb] [文件加载：98]
[ info ] [ BEHAVIOR ] Run Closure @app_init [ RunTime:0.000017s ]
[ info ] [ CACHE ] INIT File
[ info ] [ BEHAVIOR ] Run Closure @app_init [ RunTime:0.000995s ]
[ info ] [ LANG ] /home/wwwroot/ms/thinkphp/lang/zh-cn.php
[ info ] [ ROUTE ] array (
  'type' => 'module',
  'module' => 
  array (
    0 => 'admin',
    1 => 'dashboard',
    2 => NULL,
  ),
)
[ info ] [ HEADER ] array (
  'cookie' => 'Hm_lvt_f8d0a8c400404989e195270b0bbf060a=1535732424,1535810134,1535984338; PHPSESSID=41oug04ess3kdlufulo5lmaaol',
  'accept-language' => 'zh-CN,zh;q=0.9',
  'accept-encoding' => 'gzip, deflate',
  'referer' => 'http://test.meishiheavn.com/admin.php',
  'accept' => 'text/html,application/xhtml+xml,application/xml;q=0.9,image/webp,image/apng,*/*;q=0.8',
  'user-agent' => 'Mozilla/5.0 (Windows NT 6.1; Win64; x64) AppleWebKit/537.36 (KHTML, like Gecko) Chrome/68.0.3440.106 Safari/537.36',
  'upgrade-insecure-requests' => '1',
  'connection' => 'keep-alive',
  'host' => 'test.meishiheavn.com',
  'content-type' => '',
  'content-length' => '',
)
[ info ] [ PARAM ] array (
  'addtabs' => '1',
)
[ info ] [ LANG ] /home/wwwroot/ms/public/../application/admin/lang/zh-cn.php
[ info ] [ BEHAVIOR ] Run app\common\behavior\Common @module_init [ RunTime:0.001384s ]
[ info ] [ SESSION ] INIT array (
  'id' => '',
  'var_session_id' => '',
  'prefix' => 'think',
  'type' => '',
  'auto_start' => true,
)
[ info ] [ DB ] INIT mysql
[ info ] [ LANG ] /home/wwwroot/ms/public/../application/admin/lang/zh-cn/dashboard.php
[ info ] [ RUN ] app\admin\controller\Dashboard->index[ /home/wwwroot/ms/application/admin/controller/Dashboard.php ]
[ info ] [ VIEW ] /home/wwwroot/ms/public/../application/admin/view/dashboard/index.html [ array (
  0 => 'breadcrumb',
  1 => 'site',
  2 => 'config',
  3 => 'auth',
  4 => 'admin',
  5 => 'totaluser',
  6 => 'totalviews',
  7 => 'totalorder',
  8 => 'totalorderamount',
  9 => 'todayuserlogin',
  10 => 'todayusersignup',
  11 => 'todayorder',
  12 => 'unsettleorder',
  13 => 'sevendnu',
  14 => 'sevendau',
  15 => 'paylist',
  16 => 'createlist',
  17 => 'addonversion',
  18 => 'uploadmode',
) ]
[ info ] [ BEHAVIOR ] Run app\admin\behavior\AdminLog @app_end [ RunTime:0.000138s ]
[ info ] [ LOG ] INIT File
[ sql ] [ DB ] CONNECT:[ UseTime:0.000320s ] mysql:host=127.0.0.1;dbname=msheavn;charset=utf8
[ sql ] [ SQL ] SHOW COLUMNS FROM `ms_auth_group_access` [ RunTime:0.000773s ]
[ sql ] [ SQL ] SELECT `aga`.`uid`,`aga`.`group_id`,`ag`.`id`,`ag`.`pid`,`ag`.`name`,`ag`.`rules` FROM `ms_auth_group_access` `aga` LEFT JOIN `ms_auth_group` `ag` ON `aga`.`group_id`=`ag`.`id` WHERE  (  aga.uid='1' and ag.status='normal' ) [ RunTime:0.000279s ]
[ sql ] [ SQL ] SHOW COLUMNS FROM `ms_auth_rule` [ RunTime:0.000676s ]
[ sql ] [ SQL ] SELECT `id`,`pid`,`condition`,`icon`,`name`,`title`,`ismenu` FROM `ms_auth_rule` WHERE  `status` = 'normal' [ RunTime:0.000211s ]
[ sql ] [ SQL ] SELECT `title`,`remark` FROM `ms_auth_rule` WHERE  `name` = 'dashboard' LIMIT 1 [ RunTime:0.000361s ]
---------------------------------------------------------------
[ 2018-09-05T00:27:05+08:00 ] 114.240.134.47 GET /admin.php/ajax/lang?callback=define&controllername=index&v=1536078425
[ info ] test.meishiheavn.com/admin.php/ajax/lang?callback=define&controllername=index&v=1536078425 [运行时间：0.062797s][吞吐率：15.92req/s] [内存消耗：3,546.18kb] [文件加载：86]
[ info ] [ BEHAVIOR ] Run Closure @app_init [ RunTime:0.000018s ]
[ info ] [ CACHE ] INIT File
[ info ] [ BEHAVIOR ] Run Closure @app_init [ RunTime:0.000980s ]
[ info ] [ LANG ] /home/wwwroot/ms/thinkphp/lang/zh-cn.php
[ info ] [ ROUTE ] array (
  'type' => 'module',
  'module' => 
  array (
    0 => 'admin',
    1 => 'ajax',
    2 => 'lang',
  ),
)
[ info ] [ HEADER ] array (
  'cookie' => 'thinkphp_show_page_trace=0|0; Hm_lvt_f8d0a8c400404989e195270b0bbf060a=1535732424,1535810134,1535984338; PHPSESSID=41oug04ess3kdlufulo5lmaaol; thinkphp_show_page_trace=0|0',
  'accept-language' => 'zh-CN,zh;q=0.9',
  'accept-encoding' => 'gzip, deflate',
  'referer' => 'http://test.meishiheavn.com/admin.php',
  'accept' => '*/*',
  'user-agent' => 'Mozilla/5.0 (Windows NT 6.1; Win64; x64) AppleWebKit/537.36 (KHTML, like Gecko) Chrome/68.0.3440.106 Safari/537.36',
  'connection' => 'keep-alive',
  'host' => 'test.meishiheavn.com',
  'content-type' => '',
  'content-length' => '',
)
[ info ] [ PARAM ] array (
  'callback' => 'define',
  'controllername' => 'index',
  'v' => '1536078425',
)
[ info ] [ LANG ] /home/wwwroot/ms/public/../application/admin/lang/zh-cn.php
[ info ] [ BEHAVIOR ] Run app\common\behavior\Common @module_init [ RunTime:0.001331s ]
[ info ] [ SESSION ] INIT array (
  'id' => '',
  'var_session_id' => '',
  'prefix' => 'think',
  'type' => '',
  'auto_start' => true,
)
[ info ] [ LANG ] /home/wwwroot/ms/public/../application/admin/lang/zh-cn/ajax.php
[ info ] [ RUN ] app\admin\controller\Ajax->lang[ /home/wwwroot/ms/application/admin/controller/Ajax.php ]
[ info ] [ LANG ] /home/wwwroot/ms/public/../application/admin/lang/zh-cn/index.php
[ info ] [ BEHAVIOR ] Run app\admin\behavior\AdminLog @app_end [ RunTime:0.000104s ]
[ info ] [ LOG ] INIT File
---------------------------------------------------------------
[ 2018-09-05T00:27:05+08:00 ] 114.240.134.47 GET /admin.php/ajax/lang?callback=define&controllername=dashboard&v=1536078425
[ info ] test.meishiheavn.com/admin.php/ajax/lang?callback=define&controllername=dashboard&v=1536078425 [运行时间：0.061309s][吞吐率：16.31req/s] [内存消耗：3,544.52kb] [文件加载：86]
[ info ] [ BEHAVIOR ] Run Closure @app_init [ RunTime:0.000015s ]
[ info ] [ CACHE ] INIT File
[ info ] [ BEHAVIOR ] Run Closure @app_init [ RunTime:0.000919s ]
[ info ] [ LANG ] /home/wwwroot/ms/thinkphp/lang/zh-cn.php
[ info ] [ ROUTE ] array (
  'type' => 'module',
  'module' => 
  array (
    0 => 'admin',
    1 => 'ajax',
    2 => 'lang',
  ),
)
[ info ] [ HEADER ] array (
  'cookie' => 'thinkphp_show_page_trace=0|0; Hm_lvt_f8d0a8c400404989e195270b0bbf060a=1535732424,1535810134,1535984338; PHPSESSID=41oug04ess3kdlufulo5lmaaol; thinkphp_show_page_trace=0|0',
  'accept-language' => 'zh-CN,zh;q=0.9',
  'accept-encoding' => 'gzip, deflate',
  'referer' => 'http://test.meishiheavn.com/admin.php/dashboard?addtabs=1',
  'accept' => '*/*',
  'user-agent' => 'Mozilla/5.0 (Windows NT 6.1; Win64; x64) AppleWebKit/537.36 (KHTML, like Gecko) Chrome/68.0.3440.106 Safari/537.36',
  'connection' => 'keep-alive',
  'host' => 'test.meishiheavn.com',
  'content-type' => '',
  'content-length' => '',
)
[ info ] [ PARAM ] array (
  'callback' => 'define',
  'controllername' => 'dashboard',
  'v' => '1536078425',
)
[ info ] [ LANG ] /home/wwwroot/ms/public/../application/admin/lang/zh-cn.php
[ info ] [ BEHAVIOR ] Run app\common\behavior\Common @module_init [ RunTime:0.001500s ]
[ info ] [ SESSION ] INIT array (
  'id' => '',
  'var_session_id' => '',
  'prefix' => 'think',
  'type' => '',
  'auto_start' => true,
)
[ info ] [ LANG ] /home/wwwroot/ms/public/../application/admin/lang/zh-cn/ajax.php
[ info ] [ RUN ] app\admin\controller\Ajax->lang[ /home/wwwroot/ms/application/admin/controller/Ajax.php ]
[ info ] [ LANG ] /home/wwwroot/ms/public/../application/admin/lang/zh-cn/dashboard.php
[ info ] [ BEHAVIOR ] Run app\admin\behavior\AdminLog @app_end [ RunTime:0.000150s ]
[ info ] [ LOG ] INIT File
---------------------------------------------------------------
[ 2018-09-05T01:38:23+08:00 ] 101.199.108.120 GET /
[ info ] test.meishiheavn.com/ [运行时间：0.033187s][吞吐率：30.13req/s] [内存消耗：3,361.56kb] [文件加载：84]
[ info ] [ BEHAVIOR ] Run Closure @app_init [ RunTime:0.000017s ]
[ info ] [ CACHE ] INIT File
[ info ] [ BEHAVIOR ] Run Closure @app_init [ RunTime:0.000973s ]
[ info ] [ LANG ] /home/wwwroot/ms/thinkphp/lang/zh-cn.php
[ info ] [ ROUTE ] array (
  'type' => 'module',
  'module' => 
  array (
    0 => '',
    1 => NULL,
    2 => NULL,
  ),
)
[ info ] [ HEADER ] array (
  'accept-charset' => 'iso-8859-1,*,utf-8',
  'accept-encoding' => 'gzip,deflate',
  'accept' => 'text/html,application/xhtml+xml,application/xml;q=0.9,*/*;q=0.8',
  'user-agent' => 'Mozilla/5.0 (Linux; U; Android 5.0.2; zh-CN; Redmi Note 3 Build/LRX22G) AppleWebKit/537.36 (KHTML, like Gecko) Version/4.0 OPR/11.2.3.102637 Mobile Safari/537.36',
  'accept-language' => 'zh-CN,zh;q=0.8',
  'connection' => 'keep-alive',
  'host' => 'test.meishiheavn.com',
  'content-type' => '',
  'content-length' => '',
)
[ info ] [ PARAM ] array (
)
[ info ] [ LANG ] /home/wwwroot/ms/public/../application/index/lang/zh-cn.php
[ info ] [ BEHAVIOR ] Run app\common\behavior\Common @module_init [ RunTime:0.001300s ]
[ info ] [ LANG ] /home/wwwroot/ms/public/../application/index/lang/zh-cn/index.php
[ info ] [ RUN ] app\index\controller\Index->index[ /home/wwwroot/ms/application/index/controller/Index.php ]
[ info ] [ VIEW ] /home/wwwroot/ms/public/../application/index/view/index/index.html [ array (
  0 => 'user',
  1 => 'site',
  2 => 'config',
) ]
[ info ] [ LOG ] INIT File
---------------------------------------------------------------
[ 2018-09-05T02:10:59+08:00 ] 101.199.120.145 GET /
[ info ] test.meishiheavn.com/ [运行时间：0.033975s][吞吐率：29.43req/s] [内存消耗：3,359.60kb] [文件加载：84]
[ info ] [ BEHAVIOR ] Run Closure @app_init [ RunTime:0.000019s ]
[ info ] [ CACHE ] INIT File
[ info ] [ BEHAVIOR ] Run Closure @app_init [ RunTime:0.000967s ]
[ info ] [ LANG ] /home/wwwroot/ms/thinkphp/lang/zh-cn.php
[ info ] [ ROUTE ] array (
  'type' => 'module',
  'module' => 
  array (
    0 => '',
    1 => NULL,
    2 => NULL,
  ),
)
[ info ] [ HEADER ] array (
  'accept-encoding' => 'gzip, deflate',
  'accept' => 'text/html,application/xhtml+xml,application/xml;q=0.9,image/webp,image/apng,*/*;q=0.8',
  'user-agent' => 'Mozilla/5.0 (X11; Linux x86_64) AppleWebKit/537.36 (KHTML, like Gecko) HeadlessChrome/64.0.3282.119 Safari/537.36',
  'upgrade-insecure-requests' => '1',
  'connection' => 'keep-alive',
  'host' => 'test.meishiheavn.com',
  'content-type' => '',
  'content-length' => '',
)
[ info ] [ PARAM ] array (
)
[ info ] [ LANG ] /home/wwwroot/ms/public/../application/index/lang/zh-cn.php
[ info ] [ BEHAVIOR ] Run app\common\behavior\Common @module_init [ RunTime:0.001284s ]
[ info ] [ LANG ] /home/wwwroot/ms/public/../application/index/lang/zh-cn/index.php
[ info ] [ RUN ] app\index\controller\Index->index[ /home/wwwroot/ms/application/index/controller/Index.php ]
[ info ] [ VIEW ] /home/wwwroot/ms/public/../application/index/view/index/index.html [ array (
  0 => 'user',
  1 => 'site',
  2 => 'config',
) ]
[ info ] [ LOG ] INIT File
---------------------------------------------------------------
[ 2018-09-05T09:21:05+08:00 ] 42.236.10.106 GET /
[ info ] test.meishiheavn.com/ [运行时间：0.690935s][吞吐率：1.45req/s] [内存消耗：3,359.54kb] [文件加载：84]
[ info ] [ BEHAVIOR ] Run Closure @app_init [ RunTime:0.000026s ]
[ info ] [ CACHE ] INIT File
[ info ] [ BEHAVIOR ] Run Closure @app_init [ RunTime:0.003886s ]
[ info ] [ LANG ] /home/wwwroot/ms/thinkphp/lang/zh-cn.php
[ info ] [ ROUTE ] array (
  'type' => 'module',
  'module' => 
  array (
    0 => '',
    1 => NULL,
    2 => NULL,
  ),
)
[ info ] [ HEADER ] array (
  'accept-encoding' => 'gzip, deflate',
  'accept' => 'text/html,application/xhtml+xml,application/xml;q=0.9,image/webp,image/apng,*/*;q=0.8',
  'user-agent' => 'Mozilla/5.0 (Windows NT 6.1) AppleWebKit/537.36 (KHTML, like Gecko) Chrome/36.0.1985.125 Safari/537.36',
  'upgrade-insecure-requests' => '1',
  'connection' => 'keep-alive',
  'host' => 'test.meishiheavn.com',
  'content-type' => '',
  'content-length' => '',
)
[ info ] [ PARAM ] array (
)
[ info ] [ LANG ] /home/wwwroot/ms/public/../application/index/lang/zh-cn.php
[ info ] [ BEHAVIOR ] Run app\common\behavior\Common @module_init [ RunTime:0.022763s ]
[ info ] [ LANG ] /home/wwwroot/ms/public/../application/index/lang/zh-cn/index.php
[ info ] [ RUN ] app\index\controller\Index->index[ /home/wwwroot/ms/application/index/controller/Index.php ]
[ info ] [ VIEW ] /home/wwwroot/ms/public/../application/index/view/index/index.html [ array (
  0 => 'user',
  1 => 'site',
  2 => 'config',
) ]
[ info ] [ LOG ] INIT File
---------------------------------------------------------------
[ 2018-09-05T09:21:12+08:00 ] 180.163.220.60 GET /
[ info ] test.meishiheavn.com/ [运行时间：0.039672s][吞吐率：25.21req/s] [内存消耗：3,326.56kb] [文件加载：82]
[ info ] [ BEHAVIOR ] Run Closure @app_init [ RunTime:0.000024s ]
[ info ] [ CACHE ] INIT File
[ info ] [ BEHAVIOR ] Run Closure @app_init [ RunTime:0.001017s ]
[ info ] [ ROUTE ] array (
  'type' => 'module',
  'module' => 
  array (
    0 => '',
    1 => NULL,
    2 => NULL,
  ),
)
[ info ] [ HEADER ] array (
  'host' => 'test.meishiheavn.com',
  'accept-language' => 'en,*',
  'accept-encoding' => 'gzip, deflate',
  'connection' => 'Keep-Alive',
  'user-agent' => 'Mozilla/5.0 (Windows NT 6.1; WOW64) AppleWebKit/537.36 (KHTML, like Gecko) Chrome/50.0.2661.102 Safari/537.36',
  'accept' => 'text/html,application/xhtml+xml,application/xml;q=0.9,*/*;q=0.8',
  'content-type' => '',
  'content-length' => '',
)
[ info ] [ PARAM ] array (
)
[ info ] [ BEHAVIOR ] Run app\common\behavior\Common @module_init [ RunTime:0.001404s ]
[ info ] [ LANG ] /home/wwwroot/ms/public/../application/index/lang/en/index.php
[ info ] [ RUN ] app\index\controller\Index->index[ /home/wwwroot/ms/application/index/controller/Index.php ]
[ info ] [ VIEW ] /home/wwwroot/ms/public/../application/index/view/index/index.html [ array (
  0 => 'user',
  1 => 'site',
  2 => 'config',
) ]
[ info ] [ LOG ] INIT File
---------------------------------------------------------------
[ 2018-09-05T10:01:02+08:00 ] 202.108.219.74 GET /admin.php
[ info ] test.meishiheavn.com/admin.php [运行时间：0.217890s][吞吐率：4.59req/s] [内存消耗：3,354.45kb] [文件加载：87]
[ info ] [ BEHAVIOR ] Run Closure @app_init [ RunTime:0.000019s ]
[ info ] [ CACHE ] INIT File
[ info ] [ BEHAVIOR ] Run Closure @app_init [ RunTime:0.000940s ]
[ info ] [ LANG ] /home/wwwroot/ms/thinkphp/lang/zh-cn.php
[ info ] [ ROUTE ] array (
  'type' => 'module',
  'module' => 
  array (
    0 => 'admin',
    1 => NULL,
    2 => NULL,
  ),
)
[ info ] [ HEADER ] array (
  'cookie' => 'thinkphp_show_page_trace=0|0; Hm_lvt_f8d0a8c400404989e195270b0bbf060a=1536045985,1536054222; PHPSESSID=3dbkbl2khgthqk75nj5nht1djp; Hm_lpvt_f8d0a8c400404989e195270b0bbf060a=1536056985',
  'accept-language' => 'zh-CN,zh;q=0.9',
  'accept-encoding' => 'gzip, deflate',
  'accept' => 'text/html,application/xhtml+xml,application/xml;q=0.9,image/webp,image/apng,*/*;q=0.8',
  'user-agent' => 'Mozilla/5.0 (Windows NT 6.1; WOW64) AppleWebKit/537.36 (KHTML, like Gecko) Chrome/68.0.3440.106 Safari/537.36',
  'upgrade-insecure-requests' => '1',
  'connection' => 'keep-alive',
  'host' => 'test.meishiheavn.com',
  'content-type' => '',
  'content-length' => '',
)
[ info ] [ PARAM ] array (
)
[ info ] [ LANG ] /home/wwwroot/ms/public/../application/admin/lang/zh-cn.php
[ info ] [ BEHAVIOR ] Run app\common\behavior\Common @module_init [ RunTime:0.001746s ]
[ info ] [ SESSION ] INIT array (
  'id' => '',
  'var_session_id' => '',
  'prefix' => 'think',
  'type' => '',
  'auto_start' => true,
)
[ info ] [ VIEW ] /home/wwwroot/ms/public/../application/common/view/tpl/dispatch_jump.tpl [ array (
  0 => 'code',
  1 => 'msg',
  2 => 'data',
  3 => 'url',
  4 => 'wait',
) ]
[ info ] [ BEHAVIOR ] Run app\admin\behavior\AdminLog @app_end [ RunTime:0.016665s ]
[ info ] [ LOG ] INIT File
---------------------------------------------------------------
[ 2018-09-05T10:01:05+08:00 ] 202.108.219.74 GET /admin.php/index/login?url=%2Fadmin.php
[ info ] test.meishiheavn.com/admin.php/index/login?url=%2Fadmin.php [运行时间：0.045422s][吞吐率：22.02req/s] [内存消耗：3,568.45kb] [文件加载：88]
[ info ] [ BEHAVIOR ] Run Closure @app_init [ RunTime:0.000020s ]
[ info ] [ CACHE ] INIT File
[ info ] [ BEHAVIOR ] Run Closure @app_init [ RunTime:0.000981s ]
[ info ] [ LANG ] /home/wwwroot/ms/thinkphp/lang/zh-cn.php
[ info ] [ ROUTE ] array (
  'type' => 'module',
  'module' => 
  array (
    0 => 'admin',
    1 => 'index',
    2 => 'login',
  ),
)
[ info ] [ HEADER ] array (
  'cookie' => 'thinkphp_show_page_trace=0|0; Hm_lvt_f8d0a8c400404989e195270b0bbf060a=1536045985,1536054222; PHPSESSID=3dbkbl2khgthqk75nj5nht1djp; Hm_lpvt_f8d0a8c400404989e195270b0bbf060a=1536056985',
  'accept-language' => 'zh-CN,zh;q=0.9',
  'accept-encoding' => 'gzip, deflate',
  'referer' => 'http://test.meishiheavn.com/admin.php',
  'accept' => 'text/html,application/xhtml+xml,application/xml;q=0.9,image/webp,image/apng,*/*;q=0.8',
  'user-agent' => 'Mozilla/5.0 (Windows NT 6.1; WOW64) AppleWebKit/537.36 (KHTML, like Gecko) Chrome/68.0.3440.106 Safari/537.36',
  'upgrade-insecure-requests' => '1',
  'connection' => 'keep-alive',
  'host' => 'test.meishiheavn.com',
  'content-type' => '',
  'content-length' => '',
)
[ info ] [ PARAM ] array (
  'url' => '/admin.php',
)
[ info ] [ LANG ] /home/wwwroot/ms/public/../application/admin/lang/zh-cn.php
[ info ] [ BEHAVIOR ] Run app\common\behavior\Common @module_init [ RunTime:0.001277s ]
[ info ] [ SESSION ] INIT array (
  'id' => '',
  'var_session_id' => '',
  'prefix' => 'think',
  'type' => '',
  'auto_start' => true,
)
[ info ] [ LANG ] /home/wwwroot/ms/public/../application/admin/lang/zh-cn/index.php
[ info ] [ RUN ] app\admin\controller\Index->login[ /home/wwwroot/ms/application/admin/controller/Index.php ]
[ info ] [ VIEW ] /home/wwwroot/ms/public/../application/admin/view/index/login.html [ array (
  0 => 'breadcrumb',
  1 => 'site',
  2 => 'config',
  3 => 'auth',
  4 => 'admin',
  5 => 'background',
  6 => 'title',
) ]
[ info ] [ BEHAVIOR ] Run app\admin\behavior\AdminLog @app_end [ RunTime:0.000112s ]
[ info ] [ LOG ] INIT File
---------------------------------------------------------------
[ 2018-09-05T10:01:05+08:00 ] 202.108.219.74 GET /admin.php/ajax/lang?callback=define&controllername=index&v=1536112865
[ info ] test.meishiheavn.com/admin.php/ajax/lang?callback=define&controllername=index&v=1536112865 [运行时间：0.076848s][吞吐率：13.01req/s] [内存消耗：3,545.13kb] [文件加载：86]
[ info ] [ BEHAVIOR ] Run Closure @app_init [ RunTime:0.000023s ]
[ info ] [ CACHE ] INIT File
[ info ] [ BEHAVIOR ] Run Closure @app_init [ RunTime:0.000964s ]
[ info ] [ LANG ] /home/wwwroot/ms/thinkphp/lang/zh-cn.php
[ info ] [ ROUTE ] array (
  'type' => 'module',
  'module' => 
  array (
    0 => 'admin',
    1 => 'ajax',
    2 => 'lang',
  ),
)
[ info ] [ HEADER ] array (
  'cookie' => 'thinkphp_show_page_trace=0|0; Hm_lvt_f8d0a8c400404989e195270b0bbf060a=1536045985,1536054222; PHPSESSID=3dbkbl2khgthqk75nj5nht1djp; Hm_lpvt_f8d0a8c400404989e195270b0bbf060a=1536056985',
  'accept-language' => 'zh-CN,zh;q=0.9',
  'accept-encoding' => 'gzip, deflate',
  'referer' => 'http://test.meishiheavn.com/admin.php/index/login?url=%2Fadmin.php',
  'accept' => '*/*',
  'user-agent' => 'Mozilla/5.0 (Windows NT 6.1; WOW64) AppleWebKit/537.36 (KHTML, like Gecko) Chrome/68.0.3440.106 Safari/537.36',
  'connection' => 'keep-alive',
  'host' => 'test.meishiheavn.com',
  'content-type' => '',
  'content-length' => '',
)
[ info ] [ PARAM ] array (
  'callback' => 'define',
  'controllername' => 'index',
  'v' => '1536112865',
)
[ info ] [ LANG ] /home/wwwroot/ms/public/../application/admin/lang/zh-cn.php
[ info ] [ BEHAVIOR ] Run app\common\behavior\Common @module_init [ RunTime:0.001211s ]
[ info ] [ SESSION ] INIT array (
  'id' => '',
  'var_session_id' => '',
  'prefix' => 'think',
  'type' => '',
  'auto_start' => true,
)
[ info ] [ LANG ] /home/wwwroot/ms/public/../application/admin/lang/zh-cn/ajax.php
[ info ] [ RUN ] app\admin\controller\Ajax->lang[ /home/wwwroot/ms/application/admin/controller/Ajax.php ]
[ info ] [ LANG ] /home/wwwroot/ms/public/../application/admin/lang/zh-cn/index.php
[ info ] [ BEHAVIOR ] Run app\admin\behavior\AdminLog @app_end [ RunTime:0.000155s ]
[ info ] [ LOG ] INIT File
---------------------------------------------------------------
[ 2018-09-05T10:01:10+08:00 ] 202.108.219.74 POST /admin.php/index/login?url=%2Fadmin.php
[ info ] test.meishiheavn.com/admin.php/index/login?url=%2Fadmin.php [运行时间：0.602750s][吞吐率：1.66req/s] [内存消耗：4,267.55kb] [文件加载：94]
[ info ] [ BEHAVIOR ] Run Closure @app_init [ RunTime:0.000019s ]
[ info ] [ CACHE ] INIT File
[ info ] [ BEHAVIOR ] Run Closure @app_init [ RunTime:0.001025s ]
[ info ] [ LANG ] /home/wwwroot/ms/thinkphp/lang/zh-cn.php
[ info ] [ ROUTE ] array (
  'type' => 'module',
  'module' => 
  array (
    0 => 'admin',
    1 => 'index',
    2 => 'login',
  ),
)
[ info ] [ HEADER ] array (
  'cookie' => 'thinkphp_show_page_trace=0|0; thinkphp_show_page_trace=0|0; Hm_lvt_f8d0a8c400404989e195270b0bbf060a=1536045985,1536054222; PHPSESSID=3dbkbl2khgthqk75nj5nht1djp; Hm_lpvt_f8d0a8c400404989e195270b0bbf060a=1536056985',
  'accept-language' => 'zh-CN,zh;q=0.9',
  'accept-encoding' => 'gzip, deflate',
  'referer' => 'http://test.meishiheavn.com/admin.php/index/login?url=%2Fadmin.php',
  'content-type' => 'application/x-www-form-urlencoded; charset=UTF-8',
  'user-agent' => 'Mozilla/5.0 (Windows NT 6.1; WOW64) AppleWebKit/537.36 (KHTML, like Gecko) Chrome/68.0.3440.106 Safari/537.36',
  'x-requested-with' => 'XMLHttpRequest',
  'origin' => 'http://test.meishiheavn.com',
  'accept' => 'application/json, text/javascript, */*; q=0.01',
  'content-length' => '75',
  'connection' => 'keep-alive',
  'host' => 'test.meishiheavn.com',
)
[ info ] [ PARAM ] array (
  'url' => '/admin.php',
  '__token__' => '4d22a476022f837d456f1665cd9411ca',
  'username' => 'admin',
  'password' => 'abcd1234',
)
[ info ] [ LANG ] /home/wwwroot/ms/public/../application/admin/lang/zh-cn.php
[ info ] [ BEHAVIOR ] Run app\common\behavior\Common @module_init [ RunTime:0.001327s ]
[ info ] [ SESSION ] INIT array (
  'id' => '',
  'var_session_id' => '',
  'prefix' => 'think',
  'type' => '',
  'auto_start' => true,
)
[ info ] [ LANG ] /home/wwwroot/ms/public/../application/admin/lang/zh-cn/index.php
[ info ] [ RUN ] app\admin\controller\Index->login[ /home/wwwroot/ms/application/admin/controller/Index.php ]
[ info ] [ DB ] INIT mysql
[ info ] [ BEHAVIOR ] Run app\admin\behavior\AdminLog @app_end [ RunTime:0.022597s ]
[ info ] [ LOG ] INIT File
[ sql ] [ DB ] CONNECT:[ UseTime:0.000344s ] mysql:host=127.0.0.1;dbname=msheavn;charset=utf8
[ sql ] [ SQL ] SHOW COLUMNS FROM `ms_admin` [ RunTime:0.007034s ]
[ sql ] [ SQL ] SELECT * FROM `ms_admin` WHERE  `username` = 'admin' LIMIT 1 [ RunTime:0.000341s ]
[ sql ] [ SQL ] UPDATE `ms_admin`  SET `logintime`=1536112870,`token`='6aea046f-3b4f-438f-9a5c-27f0be865cd0',`updatetime`=1536112870  WHERE  `id` = 1 [ RunTime:0.010083s ]
[ sql ] [ SQL ] SHOW COLUMNS FROM `ms_admin_log` [ RunTime:0.000562s ]
[ sql ] [ SQL ] INSERT INTO `ms_admin_log` (`title` , `content` , `url` , `admin_id` , `username` , `useragent` , `ip` , `createtime`) VALUES ('登录' , '{\"url\":\"\\/admin.php\",\"__token__\":\"4d22a476022f837d456f1665cd9411ca\",\"username\":\"admin\"}' , '/admin.php/index/login?url=%2Fadmin.php' , 1 , 'admin' , 'Mozilla/5.0 (Windows NT 6.1; WOW64) AppleWebKit/537.36 (KHTML, like Gecko) Chrome/68.0.3440.106 Safari/537.36' , '202.108.219.74' , 1536112870) [ RunTime:0.021519s ]
---------------------------------------------------------------
[ 2018-09-05T10:01:10+08:00 ] 202.108.219.74 GET /admin.php
[ info ] test.meishiheavn.com/admin.php [运行时间：0.348671s][吞吐率：2.87req/s] [内存消耗：4,583.55kb] [文件加载：106]
[ info ] [ BEHAVIOR ] Run Closure @app_init [ RunTime:0.000017s ]
[ info ] [ CACHE ] INIT File
[ info ] [ BEHAVIOR ] Run Closure @app_init [ RunTime:0.001010s ]
[ info ] [ LANG ] /home/wwwroot/ms/thinkphp/lang/zh-cn.php
[ info ] [ ROUTE ] array (
  'type' => 'module',
  'module' => 
  array (
    0 => 'admin',
    1 => NULL,
    2 => NULL,
  ),
)
[ info ] [ HEADER ] array (
  'cookie' => 'thinkphp_show_page_trace=0|0; Hm_lvt_f8d0a8c400404989e195270b0bbf060a=1536045985,1536054222; PHPSESSID=3dbkbl2khgthqk75nj5nht1djp; Hm_lpvt_f8d0a8c400404989e195270b0bbf060a=1536056985',
  'accept-language' => 'zh-CN,zh;q=0.9',
  'accept-encoding' => 'gzip, deflate',
  'referer' => 'http://test.meishiheavn.com/admin.php/index/login?url=%2Fadmin.php',
  'accept' => 'text/html,application/xhtml+xml,application/xml;q=0.9,image/webp,image/apng,*/*;q=0.8',
  'user-agent' => 'Mozilla/5.0 (Windows NT 6.1; WOW64) AppleWebKit/537.36 (KHTML, like Gecko) Chrome/68.0.3440.106 Safari/537.36',
  'upgrade-insecure-requests' => '1',
  'connection' => 'keep-alive',
  'host' => 'test.meishiheavn.com',
  'content-type' => '',
  'content-length' => '',
)
[ info ] [ PARAM ] array (
)
[ info ] [ LANG ] /home/wwwroot/ms/public/../application/admin/lang/zh-cn.php
[ info ] [ BEHAVIOR ] Run app\common\behavior\Common @module_init [ RunTime:0.001313s ]
[ info ] [ SESSION ] INIT array (
  'id' => '',
  'var_session_id' => '',
  'prefix' => 'think',
  'type' => '',
  'auto_start' => true,
)
[ info ] [ LANG ] /home/wwwroot/ms/public/../application/admin/lang/zh-cn/index.php
[ info ] [ RUN ] app\admin\controller\Index->index[ /home/wwwroot/ms/application/admin/controller/Index.php ]
[ info ] [ DB ] INIT mysql
[ info ] [ VIEW ] /home/wwwroot/ms/public/../application/admin/view/index/index.html [ array (
  0 => 'breadcrumb',
  1 => 'site',
  2 => 'config',
  3 => 'auth',
  4 => 'admin',
  5 => 'menulist',
  6 => 'navlist',
  7 => 'fixedmenu',
  8 => 'referermenu',
  9 => 'title',
) ]
[ info ] [ BEHAVIOR ] Run app\admin\behavior\AdminLog @app_end [ RunTime:0.000124s ]
[ info ] [ LOG ] INIT File
[ sql ] [ DB ] CONNECT:[ UseTime:0.000297s ] mysql:host=127.0.0.1;dbname=msheavn;charset=utf8
[ sql ] [ SQL ] SHOW COLUMNS FROM `ms_auth_group_access` [ RunTime:0.000650s ]
[ sql ] [ SQL ] SELECT `aga`.`uid`,`aga`.`group_id`,`ag`.`id`,`ag`.`pid`,`ag`.`name`,`ag`.`rules` FROM `ms_auth_group_access` `aga` LEFT JOIN `ms_auth_group` `ag` ON `aga`.`group_id`=`ag`.`id` WHERE  (  aga.uid='1' and ag.status='normal' ) [ RunTime:0.000264s ]
[ sql ] [ SQL ] SHOW COLUMNS FROM `ms_auth_rule` [ RunTime:0.000584s ]
[ sql ] [ SQL ] SELECT `id`,`pid`,`condition`,`icon`,`name`,`title`,`ismenu` FROM `ms_auth_rule` WHERE  `status` = 'normal' [ RunTime:0.000224s ]
---------------------------------------------------------------
[ 2018-09-05T10:01:10+08:00 ] 202.108.219.74 GET /admin.php/dashboard?addtabs=1
[ info ] test.meishiheavn.com/admin.php/dashboard?addtabs=1 [运行时间：0.088235s][吞吐率：11.33req/s] [内存消耗：4,457.73kb] [文件加载：96]
[ info ] [ BEHAVIOR ] Run Closure @app_init [ RunTime:0.000023s ]
[ info ] [ CACHE ] INIT File
[ info ] [ BEHAVIOR ] Run Closure @app_init [ RunTime:0.000947s ]
[ info ] [ LANG ] /home/wwwroot/ms/thinkphp/lang/zh-cn.php
[ info ] [ ROUTE ] array (
  'type' => 'module',
  'module' => 
  array (
    0 => 'admin',
    1 => 'dashboard',
    2 => NULL,
  ),
)
[ info ] [ HEADER ] array (
  'cookie' => 'thinkphp_show_page_trace=0|0; Hm_lvt_f8d0a8c400404989e195270b0bbf060a=1536045985,1536054222; PHPSESSID=3dbkbl2khgthqk75nj5nht1djp; Hm_lpvt_f8d0a8c400404989e195270b0bbf060a=1536056985',
  'accept-language' => 'zh-CN,zh;q=0.9',
  'accept-encoding' => 'gzip, deflate',
  'referer' => 'http://test.meishiheavn.com/admin.php',
  'accept' => 'text/html,application/xhtml+xml,application/xml;q=0.9,image/webp,image/apng,*/*;q=0.8',
  'user-agent' => 'Mozilla/5.0 (Windows NT 6.1; WOW64) AppleWebKit/537.36 (KHTML, like Gecko) Chrome/68.0.3440.106 Safari/537.36',
  'upgrade-insecure-requests' => '1',
  'connection' => 'keep-alive',
  'host' => 'test.meishiheavn.com',
  'content-type' => '',
  'content-length' => '',
)
[ info ] [ PARAM ] array (
  'addtabs' => '1',
)
[ info ] [ LANG ] /home/wwwroot/ms/public/../application/admin/lang/zh-cn.php
[ info ] [ BEHAVIOR ] Run app\common\behavior\Common @module_init [ RunTime:0.001304s ]
[ info ] [ SESSION ] INIT array (
  'id' => '',
  'var_session_id' => '',
  'prefix' => 'think',
  'type' => '',
  'auto_start' => true,
)
[ info ] [ DB ] INIT mysql
[ info ] [ LANG ] /home/wwwroot/ms/public/../application/admin/lang/zh-cn/dashboard.php
[ info ] [ RUN ] app\admin\controller\Dashboard->index[ /home/wwwroot/ms/application/admin/controller/Dashboard.php ]
[ info ] [ VIEW ] /home/wwwroot/ms/public/../application/admin/view/dashboard/index.html [ array (
  0 => 'breadcrumb',
  1 => 'site',
  2 => 'config',
  3 => 'auth',
  4 => 'admin',
  5 => 'totaluser',
  6 => 'totalviews',
  7 => 'totalorder',
  8 => 'totalorderamount',
  9 => 'todayuserlogin',
  10 => 'todayusersignup',
  11 => 'todayorder',
  12 => 'unsettleorder',
  13 => 'sevendnu',
  14 => 'sevendau',
  15 => 'paylist',
  16 => 'createlist',
  17 => 'addonversion',
  18 => 'uploadmode',
) ]
[ info ] [ BEHAVIOR ] Run app\admin\behavior\AdminLog @app_end [ RunTime:0.000140s ]
[ info ] [ LOG ] INIT File
[ sql ] [ DB ] CONNECT:[ UseTime:0.000232s ] mysql:host=127.0.0.1;dbname=msheavn;charset=utf8
[ sql ] [ SQL ] SHOW COLUMNS FROM `ms_auth_group_access` [ RunTime:0.000623s ]
[ sql ] [ SQL ] SELECT `aga`.`uid`,`aga`.`group_id`,`ag`.`id`,`ag`.`pid`,`ag`.`name`,`ag`.`rules` FROM `ms_auth_group_access` `aga` LEFT JOIN `ms_auth_group` `ag` ON `aga`.`group_id`=`ag`.`id` WHERE  (  aga.uid='1' and ag.status='normal' ) [ RunTime:0.000193s ]
[ sql ] [ SQL ] SHOW COLUMNS FROM `ms_auth_rule` [ RunTime:0.000577s ]
[ sql ] [ SQL ] SELECT `id`,`pid`,`condition`,`icon`,`name`,`title`,`ismenu` FROM `ms_auth_rule` WHERE  `status` = 'normal' [ RunTime:0.000235s ]
[ sql ] [ SQL ] SELECT `title`,`remark` FROM `ms_auth_rule` WHERE  `name` = 'dashboard' LIMIT 1 [ RunTime:0.000288s ]
---------------------------------------------------------------
[ 2018-09-05T10:01:11+08:00 ] 202.108.219.74 GET /admin.php/ajax/lang?callback=define&controllername=dashboard&v=1536112870
[ info ] test.meishiheavn.com/admin.php/ajax/lang?callback=define&controllername=dashboard&v=1536112870 [运行时间：0.034043s][吞吐率：29.37req/s] [内存消耗：3,545.27kb] [文件加载：86]
[ info ] [ BEHAVIOR ] Run Closure @app_init [ RunTime:0.000024s ]
[ info ] [ CACHE ] INIT File
[ info ] [ BEHAVIOR ] Run Closure @app_init [ RunTime:0.001023s ]
[ info ] [ LANG ] /home/wwwroot/ms/thinkphp/lang/zh-cn.php
[ info ] [ ROUTE ] array (
  'type' => 'module',
  'module' => 
  array (
    0 => 'admin',
    1 => 'ajax',
    2 => 'lang',
  ),
)
[ info ] [ HEADER ] array (
  'cookie' => 'thinkphp_show_page_trace=0|0; thinkphp_show_page_trace=0|0; Hm_lvt_f8d0a8c400404989e195270b0bbf060a=1536045985,1536054222; PHPSESSID=3dbkbl2khgthqk75nj5nht1djp; Hm_lpvt_f8d0a8c400404989e195270b0bbf060a=1536056985',
  'accept-language' => 'zh-CN,zh;q=0.9',
  'accept-encoding' => 'gzip, deflate',
  'referer' => 'http://test.meishiheavn.com/admin.php/dashboard?addtabs=1',
  'accept' => '*/*',
  'user-agent' => 'Mozilla/5.0 (Windows NT 6.1; WOW64) AppleWebKit/537.36 (KHTML, like Gecko) Chrome/68.0.3440.106 Safari/537.36',
  'connection' => 'keep-alive',
  'host' => 'test.meishiheavn.com',
  'content-type' => '',
  'content-length' => '',
)
[ info ] [ PARAM ] array (
  'callback' => 'define',
  'controllername' => 'dashboard',
  'v' => '1536112870',
)
[ info ] [ LANG ] /home/wwwroot/ms/public/../application/admin/lang/zh-cn.php
[ info ] [ BEHAVIOR ] Run app\common\behavior\Common @module_init [ RunTime:0.001316s ]
[ info ] [ SESSION ] INIT array (
  'id' => '',
  'var_session_id' => '',
  'prefix' => 'think',
  'type' => '',
  'auto_start' => true,
)
[ info ] [ LANG ] /home/wwwroot/ms/public/../application/admin/lang/zh-cn/ajax.php
[ info ] [ RUN ] app\admin\controller\Ajax->lang[ /home/wwwroot/ms/application/admin/controller/Ajax.php ]
[ info ] [ LANG ] /home/wwwroot/ms/public/../application/admin/lang/zh-cn/dashboard.php
[ info ] [ BEHAVIOR ] Run app\admin\behavior\AdminLog @app_end [ RunTime:0.000114s ]
[ info ] [ LOG ] INIT File
---------------------------------------------------------------
[ 2018-09-05T10:01:11+08:00 ] 202.108.219.74 GET /admin.php/ajax/lang?callback=define&controllername=index&v=1536112870
[ info ] test.meishiheavn.com/admin.php/ajax/lang?callback=define&controllername=index&v=1536112870 [运行时间：0.033136s][吞吐率：30.18req/s] [内存消耗：3,546.94kb] [文件加载：86]
[ info ] [ BEHAVIOR ] Run Closure @app_init [ RunTime:0.000019s ]
[ info ] [ CACHE ] INIT File
[ info ] [ BEHAVIOR ] Run Closure @app_init [ RunTime:0.000975s ]
[ info ] [ LANG ] /home/wwwroot/ms/thinkphp/lang/zh-cn.php
[ info ] [ ROUTE ] array (
  'type' => 'module',
  'module' => 
  array (
    0 => 'admin',
    1 => 'ajax',
    2 => 'lang',
  ),
)
[ info ] [ HEADER ] array (
  'cookie' => 'thinkphp_show_page_trace=0|0; thinkphp_show_page_trace=0|0; Hm_lvt_f8d0a8c400404989e195270b0bbf060a=1536045985,1536054222; PHPSESSID=3dbkbl2khgthqk75nj5nht1djp; Hm_lpvt_f8d0a8c400404989e195270b0bbf060a=1536056985',
  'accept-language' => 'zh-CN,zh;q=0.9',
  'accept-encoding' => 'gzip, deflate',
  'referer' => 'http://test.meishiheavn.com/admin.php',
  'accept' => '*/*',
  'user-agent' => 'Mozilla/5.0 (Windows NT 6.1; WOW64) AppleWebKit/537.36 (KHTML, like Gecko) Chrome/68.0.3440.106 Safari/537.36',
  'connection' => 'keep-alive',
  'host' => 'test.meishiheavn.com',
  'content-type' => '',
  'content-length' => '',
)
[ info ] [ PARAM ] array (
  'callback' => 'define',
  'controllername' => 'index',
  'v' => '1536112870',
)
[ info ] [ LANG ] /home/wwwroot/ms/public/../application/admin/lang/zh-cn.php
[ info ] [ BEHAVIOR ] Run app\common\behavior\Common @module_init [ RunTime:0.001361s ]
[ info ] [ SESSION ] INIT array (
  'id' => '',
  'var_session_id' => '',
  'prefix' => 'think',
  'type' => '',
  'auto_start' => true,
)
[ info ] [ LANG ] /home/wwwroot/ms/public/../application/admin/lang/zh-cn/ajax.php
[ info ] [ RUN ] app\admin\controller\Ajax->lang[ /home/wwwroot/ms/application/admin/controller/Ajax.php ]
[ info ] [ LANG ] /home/wwwroot/ms/public/../application/admin/lang/zh-cn/index.php
[ info ] [ BEHAVIOR ] Run app\admin\behavior\AdminLog @app_end [ RunTime:0.000113s ]
[ info ] [ LOG ] INIT File
---------------------------------------------------------------
[ 2018-09-05T14:32:47+08:00 ] 202.108.219.74 GET /admin.php/dashboard?ref=addtabs
[ info ] test.meishiheavn.com/admin.php/dashboard?ref=addtabs [运行时间：0.050307s][吞吐率：19.88req/s] [内存消耗：4,003.45kb] [文件加载：90]
[ info ] [ BEHAVIOR ] Run Closure @app_init [ RunTime:0.000018s ]
[ info ] [ CACHE ] INIT File
[ info ] [ BEHAVIOR ] Run Closure @app_init [ RunTime:0.000939s ]
[ info ] [ LANG ] /home/wwwroot/ms/thinkphp/lang/zh-cn.php
[ info ] [ ROUTE ] array (
  'type' => 'module',
  'module' => 
  array (
    0 => 'admin',
    1 => 'dashboard',
    2 => NULL,
  ),
)
[ info ] [ HEADER ] array (
  'cookie' => 'thinkphp_show_page_trace=0|0; thinkphp_show_page_trace=0|0; Hm_lvt_f8d0a8c400404989e195270b0bbf060a=1536045985,1536054222; PHPSESSID=3dbkbl2khgthqk75nj5nht1djp; Hm_lpvt_f8d0a8c400404989e195270b0bbf060a=1536056985',
  'accept-language' => 'zh-CN,zh;q=0.9',
  'accept-encoding' => 'gzip, deflate',
  'referer' => 'http://test.meishiheavn.com/admin.php',
  'accept' => 'text/html,application/xhtml+xml,application/xml;q=0.9,image/webp,image/apng,*/*;q=0.8',
  'user-agent' => 'Mozilla/5.0 (Windows NT 6.1; WOW64) AppleWebKit/537.36 (KHTML, like Gecko) Chrome/68.0.3440.106 Safari/537.36',
  'upgrade-insecure-requests' => '1',
  'cache-control' => 'max-age=0',
  'connection' => 'keep-alive',
  'host' => 'test.meishiheavn.com',
  'content-type' => '',
  'content-length' => '',
)
[ info ] [ PARAM ] array (
  'ref' => 'addtabs',
)
[ info ] [ LANG ] /home/wwwroot/ms/public/../application/admin/lang/zh-cn.php
[ info ] [ BEHAVIOR ] Run app\common\behavior\Common @module_init [ RunTime:0.001317s ]
[ info ] [ SESSION ] INIT array (
  'id' => '',
  'var_session_id' => '',
  'prefix' => 'think',
  'type' => '',
  'auto_start' => true,
)
[ info ] [ DB ] INIT mysql
[ info ] [ BEHAVIOR ] Run app\admin\behavior\AdminLog @app_end [ RunTime:0.000121s ]
[ info ] [ LOG ] INIT File
[ sql ] [ DB ] CONNECT:[ UseTime:0.000259s ] mysql:host=127.0.0.1;dbname=msheavn;charset=utf8
[ sql ] [ SQL ] SHOW COLUMNS FROM `ms_auth_group_access` [ RunTime:0.000601s ]
[ sql ] [ SQL ] SELECT `aga`.`uid`,`aga`.`group_id`,`ag`.`id`,`ag`.`pid`,`ag`.`name`,`ag`.`rules` FROM `ms_auth_group_access` `aga` LEFT JOIN `ms_auth_group` `ag` ON `aga`.`group_id`=`ag`.`id` WHERE  (  aga.uid='1' and ag.status='normal' ) [ RunTime:0.000190s ]
[ sql ] [ SQL ] SHOW COLUMNS FROM `ms_auth_rule` [ RunTime:0.000479s ]
[ sql ] [ SQL ] SELECT `id`,`pid`,`condition`,`icon`,`name`,`title`,`ismenu` FROM `ms_auth_rule` WHERE  `status` = 'normal' [ RunTime:0.000199s ]
---------------------------------------------------------------
[ 2018-09-05T14:32:47+08:00 ] 202.108.219.74 GET /admin.php/index/index
[ info ] test.meishiheavn.com/admin.php/index/index [运行时间：0.085200s][吞吐率：11.74req/s] [内存消耗：4,584.34kb] [文件加载：106]
[ info ] [ BEHAVIOR ] Run Closure @app_init [ RunTime:0.000017s ]
[ info ] [ CACHE ] INIT File
[ info ] [ BEHAVIOR ] Run Closure @app_init [ RunTime:0.000983s ]
[ info ] [ LANG ] /home/wwwroot/ms/thinkphp/lang/zh-cn.php
[ info ] [ ROUTE ] array (
  'type' => 'module',
  'module' => 
  array (
    0 => 'admin',
    1 => 'index',
    2 => 'index',
  ),
)
[ info ] [ HEADER ] array (
  'cookie' => 'thinkphp_show_page_trace=0|0; thinkphp_show_page_trace=0|0; thinkphp_show_page_trace=0|0; Hm_lvt_f8d0a8c400404989e195270b0bbf060a=1536045985,1536054222; PHPSESSID=3dbkbl2khgthqk75nj5nht1djp; Hm_lpvt_f8d0a8c400404989e195270b0bbf060a=1536056985',
  'accept-language' => 'zh-CN,zh;q=0.9',
  'accept-encoding' => 'gzip, deflate',
  'referer' => 'http://test.meishiheavn.com/admin.php',
  'accept' => 'text/html,application/xhtml+xml,application/xml;q=0.9,image/webp,image/apng,*/*;q=0.8',
  'user-agent' => 'Mozilla/5.0 (Windows NT 6.1; WOW64) AppleWebKit/537.36 (KHTML, like Gecko) Chrome/68.0.3440.106 Safari/537.36',
  'upgrade-insecure-requests' => '1',
  'cache-control' => 'max-age=0',
  'connection' => 'keep-alive',
  'host' => 'test.meishiheavn.com',
  'content-type' => '',
  'content-length' => '',
)
[ info ] [ PARAM ] array (
)
[ info ] [ LANG ] /home/wwwroot/ms/public/../application/admin/lang/zh-cn.php
[ info ] [ BEHAVIOR ] Run app\common\behavior\Common @module_init [ RunTime:0.001389s ]
[ info ] [ SESSION ] INIT array (
  'id' => '',
  'var_session_id' => '',
  'prefix' => 'think',
  'type' => '',
  'auto_start' => true,
)
[ info ] [ LANG ] /home/wwwroot/ms/public/../application/admin/lang/zh-cn/index.php
[ info ] [ RUN ] app\admin\controller\Index->index[ /home/wwwroot/ms/application/admin/controller/Index.php ]
[ info ] [ DB ] INIT mysql
[ info ] [ VIEW ] /home/wwwroot/ms/public/../application/admin/view/index/index.html [ array (
  0 => 'breadcrumb',
  1 => 'site',
  2 => 'config',
  3 => 'auth',
  4 => 'admin',
  5 => 'menulist',
  6 => 'navlist',
  7 => 'fixedmenu',
  8 => 'referermenu',
  9 => 'title',
) ]
[ info ] [ BEHAVIOR ] Run app\admin\behavior\AdminLog @app_end [ RunTime:0.000122s ]
[ info ] [ LOG ] INIT File
[ sql ] [ DB ] CONNECT:[ UseTime:0.000245s ] mysql:host=127.0.0.1;dbname=msheavn;charset=utf8
[ sql ] [ SQL ] SHOW COLUMNS FROM `ms_auth_group_access` [ RunTime:0.000559s ]
[ sql ] [ SQL ] SELECT `aga`.`uid`,`aga`.`group_id`,`ag`.`id`,`ag`.`pid`,`ag`.`name`,`ag`.`rules` FROM `ms_auth_group_access` `aga` LEFT JOIN `ms_auth_group` `ag` ON `aga`.`group_id`=`ag`.`id` WHERE  (  aga.uid='1' and ag.status='normal' ) [ RunTime:0.000183s ]
[ sql ] [ SQL ] SHOW COLUMNS FROM `ms_auth_rule` [ RunTime:0.000446s ]
[ sql ] [ SQL ] SELECT `id`,`pid`,`condition`,`icon`,`name`,`title`,`ismenu` FROM `ms_auth_rule` WHERE  `status` = 'normal' [ RunTime:0.000209s ]
---------------------------------------------------------------
[ 2018-09-05T14:32:47+08:00 ] 202.108.219.74 GET /admin.php/dashboard?addtabs=1
[ info ] test.meishiheavn.com/admin.php/dashboard?addtabs=1 [运行时间：0.047733s][吞吐率：20.95req/s] [内存消耗：4,457.91kb] [文件加载：96]
[ info ] [ BEHAVIOR ] Run Closure @app_init [ RunTime:0.000025s ]
[ info ] [ CACHE ] INIT File
[ info ] [ BEHAVIOR ] Run Closure @app_init [ RunTime:0.001060s ]
[ info ] [ LANG ] /home/wwwroot/ms/thinkphp/lang/zh-cn.php
[ info ] [ ROUTE ] array (
  'type' => 'module',
  'module' => 
  array (
    0 => 'admin',
    1 => 'dashboard',
    2 => NULL,
  ),
)
[ info ] [ HEADER ] array (
  'cookie' => 'thinkphp_show_page_trace=0|0; thinkphp_show_page_trace=0|0; Hm_lvt_f8d0a8c400404989e195270b0bbf060a=1536045985,1536054222; PHPSESSID=3dbkbl2khgthqk75nj5nht1djp; Hm_lpvt_f8d0a8c400404989e195270b0bbf060a=1536056985',
  'accept-language' => 'zh-CN,zh;q=0.9',
  'accept-encoding' => 'gzip, deflate',
  'referer' => 'http://test.meishiheavn.com/admin.php/index/index',
  'accept' => 'text/html,application/xhtml+xml,application/xml;q=0.9,image/webp,image/apng,*/*;q=0.8',
  'user-agent' => 'Mozilla/5.0 (Windows NT 6.1; WOW64) AppleWebKit/537.36 (KHTML, like Gecko) Chrome/68.0.3440.106 Safari/537.36',
  'upgrade-insecure-requests' => '1',
  'connection' => 'keep-alive',
  'host' => 'test.meishiheavn.com',
  'content-type' => '',
  'content-length' => '',
)
[ info ] [ PARAM ] array (
  'addtabs' => '1',
)
[ info ] [ LANG ] /home/wwwroot/ms/public/../application/admin/lang/zh-cn.php
[ info ] [ BEHAVIOR ] Run app\common\behavior\Common @module_init [ RunTime:0.001316s ]
[ info ] [ SESSION ] INIT array (
  'id' => '',
  'var_session_id' => '',
  'prefix' => 'think',
  'type' => '',
  'auto_start' => true,
)
[ info ] [ DB ] INIT mysql
[ info ] [ LANG ] /home/wwwroot/ms/public/../application/admin/lang/zh-cn/dashboard.php
[ info ] [ RUN ] app\admin\controller\Dashboard->index[ /home/wwwroot/ms/application/admin/controller/Dashboard.php ]
[ info ] [ VIEW ] /home/wwwroot/ms/public/../application/admin/view/dashboard/index.html [ array (
  0 => 'breadcrumb',
  1 => 'site',
  2 => 'config',
  3 => 'auth',
  4 => 'admin',
  5 => 'totaluser',
  6 => 'totalviews',
  7 => 'totalorder',
  8 => 'totalorderamount',
  9 => 'todayuserlogin',
  10 => 'todayusersignup',
  11 => 'todayorder',
  12 => 'unsettleorder',
  13 => 'sevendnu',
  14 => 'sevendau',
  15 => 'paylist',
  16 => 'createlist',
  17 => 'addonversion',
  18 => 'uploadmode',
) ]
[ info ] [ BEHAVIOR ] Run app\admin\behavior\AdminLog @app_end [ RunTime:0.000109s ]
[ info ] [ LOG ] INIT File
[ sql ] [ DB ] CONNECT:[ UseTime:0.000235s ] mysql:host=127.0.0.1;dbname=msheavn;charset=utf8
[ sql ] [ SQL ] SHOW COLUMNS FROM `ms_auth_group_access` [ RunTime:0.000560s ]
[ sql ] [ SQL ] SELECT `aga`.`uid`,`aga`.`group_id`,`ag`.`id`,`ag`.`pid`,`ag`.`name`,`ag`.`rules` FROM `ms_auth_group_access` `aga` LEFT JOIN `ms_auth_group` `ag` ON `aga`.`group_id`=`ag`.`id` WHERE  (  aga.uid='1' and ag.status='normal' ) [ RunTime:0.000198s ]
[ sql ] [ SQL ] SHOW COLUMNS FROM `ms_auth_rule` [ RunTime:0.000499s ]
[ sql ] [ SQL ] SELECT `id`,`pid`,`condition`,`icon`,`name`,`title`,`ismenu` FROM `ms_auth_rule` WHERE  `status` = 'normal' [ RunTime:0.000234s ]
[ sql ] [ SQL ] SELECT `title`,`remark` FROM `ms_auth_rule` WHERE  `name` = 'dashboard' LIMIT 1 [ RunTime:0.000203s ]
---------------------------------------------------------------
[ 2018-09-05T14:32:47+08:00 ] 202.108.219.74 GET /admin.php/ajax/lang?callback=define&controllername=index&v=1536129167
[ info ] test.meishiheavn.com/admin.php/ajax/lang?callback=define&controllername=index&v=1536129167 [运行时间：0.061479s][吞吐率：16.27req/s] [内存消耗：3,547.06kb] [文件加载：86]
[ info ] [ BEHAVIOR ] Run Closure @app_init [ RunTime:0.000020s ]
[ info ] [ CACHE ] INIT File
[ info ] [ BEHAVIOR ] Run Closure @app_init [ RunTime:0.000995s ]
[ info ] [ LANG ] /home/wwwroot/ms/thinkphp/lang/zh-cn.php
[ info ] [ ROUTE ] array (
  'type' => 'module',
  'module' => 
  array (
    0 => 'admin',
    1 => 'ajax',
    2 => 'lang',
  ),
)
[ info ] [ HEADER ] array (
  'cookie' => 'thinkphp_show_page_trace=0|0; thinkphp_show_page_trace=0|0; Hm_lvt_f8d0a8c400404989e195270b0bbf060a=1536045985,1536054222; PHPSESSID=3dbkbl2khgthqk75nj5nht1djp; Hm_lpvt_f8d0a8c400404989e195270b0bbf060a=1536056985',
  'accept-language' => 'zh-CN,zh;q=0.9',
  'accept-encoding' => 'gzip, deflate',
  'referer' => 'http://test.meishiheavn.com/admin.php/index/index',
  'accept' => '*/*',
  'user-agent' => 'Mozilla/5.0 (Windows NT 6.1; WOW64) AppleWebKit/537.36 (KHTML, like Gecko) Chrome/68.0.3440.106 Safari/537.36',
  'connection' => 'keep-alive',
  'host' => 'test.meishiheavn.com',
  'content-type' => '',
  'content-length' => '',
)
[ info ] [ PARAM ] array (
  'callback' => 'define',
  'controllername' => 'index',
  'v' => '1536129167',
)
[ info ] [ LANG ] /home/wwwroot/ms/public/../application/admin/lang/zh-cn.php
[ info ] [ BEHAVIOR ] Run app\common\behavior\Common @module_init [ RunTime:0.005340s ]
[ info ] [ SESSION ] INIT array (
  'id' => '',
  'var_session_id' => '',
  'prefix' => 'think',
  'type' => '',
  'auto_start' => true,
)
[ info ] [ LANG ] /home/wwwroot/ms/public/../application/admin/lang/zh-cn/ajax.php
[ info ] [ RUN ] app\admin\controller\Ajax->lang[ /home/wwwroot/ms/application/admin/controller/Ajax.php ]
[ info ] [ LANG ] /home/wwwroot/ms/public/../application/admin/lang/zh-cn/index.php
[ info ] [ BEHAVIOR ] Run app\admin\behavior\AdminLog @app_end [ RunTime:0.000106s ]
[ info ] [ LOG ] INIT File
---------------------------------------------------------------
[ 2018-09-05T14:32:47+08:00 ] 202.108.219.74 GET /admin.php/ajax/lang?callback=define&controllername=dashboard&v=1536129167
[ info ] test.meishiheavn.com/admin.php/ajax/lang?callback=define&controllername=dashboard&v=1536129167 [运行时间：0.059305s][吞吐率：16.86req/s] [内存消耗：3,545.37kb] [文件加载：86]
[ info ] [ BEHAVIOR ] Run Closure @app_init [ RunTime:0.000017s ]
[ info ] [ CACHE ] INIT File
[ info ] [ BEHAVIOR ] Run Closure @app_init [ RunTime:0.000969s ]
[ info ] [ LANG ] /home/wwwroot/ms/thinkphp/lang/zh-cn.php
[ info ] [ ROUTE ] array (
  'type' => 'module',
  'module' => 
  array (
    0 => 'admin',
    1 => 'ajax',
    2 => 'lang',
  ),
)
[ info ] [ HEADER ] array (
  'cookie' => 'thinkphp_show_page_trace=0|0; thinkphp_show_page_trace=0|0; Hm_lvt_f8d0a8c400404989e195270b0bbf060a=1536045985,1536054222; PHPSESSID=3dbkbl2khgthqk75nj5nht1djp; Hm_lpvt_f8d0a8c400404989e195270b0bbf060a=1536056985',
  'accept-language' => 'zh-CN,zh;q=0.9',
  'accept-encoding' => 'gzip, deflate',
  'referer' => 'http://test.meishiheavn.com/admin.php/dashboard?addtabs=1',
  'accept' => '*/*',
  'user-agent' => 'Mozilla/5.0 (Windows NT 6.1; WOW64) AppleWebKit/537.36 (KHTML, like Gecko) Chrome/68.0.3440.106 Safari/537.36',
  'connection' => 'keep-alive',
  'host' => 'test.meishiheavn.com',
  'content-type' => '',
  'content-length' => '',
)
[ info ] [ PARAM ] array (
  'callback' => 'define',
  'controllername' => 'dashboard',
  'v' => '1536129167',
)
[ info ] [ LANG ] /home/wwwroot/ms/public/../application/admin/lang/zh-cn.php
[ info ] [ BEHAVIOR ] Run app\common\behavior\Common @module_init [ RunTime:0.001283s ]
[ info ] [ SESSION ] INIT array (
  'id' => '',
  'var_session_id' => '',
  'prefix' => 'think',
  'type' => '',
  'auto_start' => true,
)
[ info ] [ LANG ] /home/wwwroot/ms/public/../application/admin/lang/zh-cn/ajax.php
[ info ] [ RUN ] app\admin\controller\Ajax->lang[ /home/wwwroot/ms/application/admin/controller/Ajax.php ]
[ info ] [ LANG ] /home/wwwroot/ms/public/../application/admin/lang/zh-cn/dashboard.php
[ info ] [ BEHAVIOR ] Run app\admin\behavior\AdminLog @app_end [ RunTime:0.000105s ]
[ info ] [ LOG ] INIT File
---------------------------------------------------------------
[ 2018-09-05T14:32:51+08:00 ] 202.108.219.74 GET /admin.php/category?addtabs=1
[ info ] test.meishiheavn.com/admin.php/category?addtabs=1 [运行时间：0.096936s][吞吐率：10.32req/s] [内存消耗：4,635.34kb] [文件加载：99]
[ info ] [ BEHAVIOR ] Run Closure @app_init [ RunTime:0.000019s ]
[ info ] [ CACHE ] INIT File
[ info ] [ BEHAVIOR ] Run Closure @app_init [ RunTime:0.001015s ]
[ info ] [ LANG ] /home/wwwroot/ms/thinkphp/lang/zh-cn.php
[ info ] [ ROUTE ] array (
  'type' => 'module',
  'module' => 
  array (
    0 => 'admin',
    1 => 'category',
    2 => NULL,
  ),
)
[ info ] [ HEADER ] array (
  'cookie' => 'thinkphp_show_page_trace=0|0; thinkphp_show_page_trace=0|0; Hm_lvt_f8d0a8c400404989e195270b0bbf060a=1536045985,1536054222; PHPSESSID=3dbkbl2khgthqk75nj5nht1djp; Hm_lpvt_f8d0a8c400404989e195270b0bbf060a=1536056985',
  'accept-language' => 'zh-CN,zh;q=0.9',
  'accept-encoding' => 'gzip, deflate',
  'referer' => 'http://test.meishiheavn.com/admin.php/category?ref=addtabs',
  'accept' => 'text/html,application/xhtml+xml,application/xml;q=0.9,image/webp,image/apng,*/*;q=0.8',
  'user-agent' => 'Mozilla/5.0 (Windows NT 6.1; WOW64) AppleWebKit/537.36 (KHTML, like Gecko) Chrome/68.0.3440.106 Safari/537.36',
  'upgrade-insecure-requests' => '1',
  'connection' => 'keep-alive',
  'host' => 'test.meishiheavn.com',
  'content-type' => '',
  'content-length' => '',
)
[ info ] [ PARAM ] array (
  'addtabs' => '1',
)
[ info ] [ LANG ] /home/wwwroot/ms/public/../application/admin/lang/zh-cn.php
[ info ] [ BEHAVIOR ] Run app\common\behavior\Common @module_init [ RunTime:0.001360s ]
[ info ] [ SESSION ] INIT array (
  'id' => '',
  'var_session_id' => '',
  'prefix' => 'think',
  'type' => '',
  'auto_start' => true,
)
[ info ] [ DB ] INIT mysql
[ info ] [ LANG ] /home/wwwroot/ms/public/../application/admin/lang/zh-cn/category.php
[ info ] [ RUN ] app\admin\controller\Category->index[ /home/wwwroot/ms/application/admin/controller/Category.php ]
[ info ] [ VIEW ] /home/wwwroot/ms/public/../application/admin/view/category/index.html [ array (
  0 => 'breadcrumb',
  1 => 'site',
  2 => 'config',
  3 => 'auth',
  4 => 'admin',
  5 => 'flagList',
  6 => 'typeList',
  7 => 'parentList',
) ]
[ info ] [ BEHAVIOR ] Run app\admin\behavior\AdminLog @app_end [ RunTime:0.000108s ]
[ info ] [ LOG ] INIT File
[ sql ] [ DB ] CONNECT:[ UseTime:0.000249s ] mysql:host=127.0.0.1;dbname=msheavn;charset=utf8
[ sql ] [ SQL ] SHOW COLUMNS FROM `ms_auth_group_access` [ RunTime:0.000602s ]
[ sql ] [ SQL ] SELECT `aga`.`uid`,`aga`.`group_id`,`ag`.`id`,`ag`.`pid`,`ag`.`name`,`ag`.`rules` FROM `ms_auth_group_access` `aga` LEFT JOIN `ms_auth_group` `ag` ON `aga`.`group_id`=`ag`.`id` WHERE  (  aga.uid='1' and ag.status='normal' ) [ RunTime:0.000186s ]
[ sql ] [ SQL ] SHOW COLUMNS FROM `ms_auth_rule` [ RunTime:0.000492s ]
[ sql ] [ SQL ] SELECT `id`,`pid`,`condition`,`icon`,`name`,`title`,`ismenu` FROM `ms_auth_rule` WHERE  `status` = 'normal' [ RunTime:0.000236s ]
[ sql ] [ SQL ] SHOW COLUMNS FROM `ms_category` [ RunTime:0.000640s ]
[ sql ] [ SQL ] SELECT * FROM `ms_category` ORDER BY `weigh` DESC,`id` DESC [ RunTime:0.000322s ]
[ sql ] [ SQL ] SELECT `title`,`remark` FROM `ms_auth_rule` WHERE  `name` = 'category' LIMIT 1 [ RunTime:0.000370s ]
---------------------------------------------------------------
[ 2018-09-05T14:32:52+08:00 ] 202.108.219.74 GET /admin.php/ajax/lang?callback=define&controllername=category&v=1536129171
[ info ] test.meishiheavn.com/admin.php/ajax/lang?callback=define&controllername=category&v=1536129171 [运行时间：0.033519s][吞吐率：29.83req/s] [内存消耗：3,542.77kb] [文件加载：86]
[ info ] [ BEHAVIOR ] Run Closure @app_init [ RunTime:0.000018s ]
[ info ] [ CACHE ] INIT File
[ info ] [ BEHAVIOR ] Run Closure @app_init [ RunTime:0.001067s ]
[ info ] [ LANG ] /home/wwwroot/ms/thinkphp/lang/zh-cn.php
[ info ] [ ROUTE ] array (
  'type' => 'module',
  'module' => 
  array (
    0 => 'admin',
    1 => 'ajax',
    2 => 'lang',
  ),
)
[ info ] [ HEADER ] array (
  'cookie' => 'thinkphp_show_page_trace=0|0; thinkphp_show_page_trace=0|0; Hm_lvt_f8d0a8c400404989e195270b0bbf060a=1536045985,1536054222; PHPSESSID=3dbkbl2khgthqk75nj5nht1djp; Hm_lpvt_f8d0a8c400404989e195270b0bbf060a=1536056985',
  'accept-language' => 'zh-CN,zh;q=0.9',
  'accept-encoding' => 'gzip, deflate',
  'referer' => 'http://test.meishiheavn.com/admin.php/category?addtabs=1',
  'accept' => '*/*',
  'user-agent' => 'Mozilla/5.0 (Windows NT 6.1; WOW64) AppleWebKit/537.36 (KHTML, like Gecko) Chrome/68.0.3440.106 Safari/537.36',
  'connection' => 'keep-alive',
  'host' => 'test.meishiheavn.com',
  'content-type' => '',
  'content-length' => '',
)
[ info ] [ PARAM ] array (
  'callback' => 'define',
  'controllername' => 'category',
  'v' => '1536129171',
)
[ info ] [ LANG ] /home/wwwroot/ms/public/../application/admin/lang/zh-cn.php
[ info ] [ BEHAVIOR ] Run app\common\behavior\Common @module_init [ RunTime:0.001263s ]
[ info ] [ SESSION ] INIT array (
  'id' => '',
  'var_session_id' => '',
  'prefix' => 'think',
  'type' => '',
  'auto_start' => true,
)
[ info ] [ LANG ] /home/wwwroot/ms/public/../application/admin/lang/zh-cn/ajax.php
[ info ] [ RUN ] app\admin\controller\Ajax->lang[ /home/wwwroot/ms/application/admin/controller/Ajax.php ]
[ info ] [ LANG ] /home/wwwroot/ms/public/../application/admin/lang/zh-cn/category.php
[ info ] [ BEHAVIOR ] Run app\admin\behavior\AdminLog @app_end [ RunTime:0.000104s ]
[ info ] [ LOG ] INIT File
---------------------------------------------------------------
[ 2018-09-05T14:32:52+08:00 ] 202.108.219.74 GET /admin.php/category/index?sort=weigh&order=desc&_=1536128971469
[ info ] test.meishiheavn.com/admin.php/category/index?sort=weigh&order=desc&_=1536128971469 [运行时间：0.042893s][吞吐率：23.31req/s] [内存消耗：4,463.47kb] [文件加载：95]
[ info ] [ BEHAVIOR ] Run Closure @app_init [ RunTime:0.000018s ]
[ info ] [ CACHE ] INIT File
[ info ] [ BEHAVIOR ] Run Closure @app_init [ RunTime:0.000944s ]
[ info ] [ LANG ] /home/wwwroot/ms/thinkphp/lang/zh-cn.php
[ info ] [ ROUTE ] array (
  'type' => 'module',
  'module' => 
  array (
    0 => 'admin',
    1 => 'category',
    2 => 'index',
  ),
)
[ info ] [ HEADER ] array (
  'cookie' => 'thinkphp_show_page_trace=0|0; thinkphp_show_page_trace=0|0; Hm_lvt_f8d0a8c400404989e195270b0bbf060a=1536045985,1536054222; PHPSESSID=3dbkbl2khgthqk75nj5nht1djp; Hm_lpvt_f8d0a8c400404989e195270b0bbf060a=1536056985',
  'accept-language' => 'zh-CN,zh;q=0.9',
  'accept-encoding' => 'gzip, deflate',
  'referer' => 'http://test.meishiheavn.com/admin.php/category?addtabs=1',
  'content-type' => 'application/json',
  'user-agent' => 'Mozilla/5.0 (Windows NT 6.1; WOW64) AppleWebKit/537.36 (KHTML, like Gecko) Chrome/68.0.3440.106 Safari/537.36',
  'x-requested-with' => 'XMLHttpRequest',
  'accept' => 'application/json, text/javascript, */*; q=0.01',
  'connection' => 'keep-alive',
  'host' => 'test.meishiheavn.com',
  'content-length' => '',
)
[ info ] [ PARAM ] array (
  'sort' => 'weigh',
  'order' => 'desc',
  '_' => '1536128971469',
)
[ info ] [ LANG ] /home/wwwroot/ms/public/../application/admin/lang/zh-cn.php
[ info ] [ BEHAVIOR ] Run app\common\behavior\Common @module_init [ RunTime:0.001367s ]
[ info ] [ SESSION ] INIT array (
  'id' => '',
  'var_session_id' => '',
  'prefix' => 'think',
  'type' => '',
  'auto_start' => true,
)
[ info ] [ DB ] INIT mysql
[ info ] [ LANG ] /home/wwwroot/ms/public/../application/admin/lang/zh-cn/category.php
[ info ] [ RUN ] app\admin\controller\Category->index[ /home/wwwroot/ms/application/admin/controller/Category.php ]
[ info ] [ BEHAVIOR ] Run app\admin\behavior\AdminLog @app_end [ RunTime:0.000104s ]
[ info ] [ LOG ] INIT File
[ sql ] [ DB ] CONNECT:[ UseTime:0.000247s ] mysql:host=127.0.0.1;dbname=msheavn;charset=utf8
[ sql ] [ SQL ] SHOW COLUMNS FROM `ms_auth_group_access` [ RunTime:0.000536s ]
[ sql ] [ SQL ] SELECT `aga`.`uid`,`aga`.`group_id`,`ag`.`id`,`ag`.`pid`,`ag`.`name`,`ag`.`rules` FROM `ms_auth_group_access` `aga` LEFT JOIN `ms_auth_group` `ag` ON `aga`.`group_id`=`ag`.`id` WHERE  (  aga.uid='1' and ag.status='normal' ) [ RunTime:0.000203s ]
[ sql ] [ SQL ] SHOW COLUMNS FROM `ms_auth_rule` [ RunTime:0.000465s ]
[ sql ] [ SQL ] SELECT `id`,`pid`,`condition`,`icon`,`name`,`title`,`ismenu` FROM `ms_auth_rule` WHERE  `status` = 'normal' [ RunTime:0.000197s ]
[ sql ] [ SQL ] SHOW COLUMNS FROM `ms_category` [ RunTime:0.000488s ]
[ sql ] [ SQL ] SELECT * FROM `ms_category` ORDER BY `weigh` DESC,`id` DESC [ RunTime:0.000165s ]
---------------------------------------------------------------
[ 2018-09-05T14:32:55+08:00 ] 202.108.219.74 GET /admin.php/addon?addtabs=1
[ info ] test.meishiheavn.com/admin.php/addon?addtabs=1 [运行时间：0.104988s][吞吐率：9.52req/s] [内存消耗：4,621.44kb] [文件加载：96]
[ info ] [ BEHAVIOR ] Run Closure @app_init [ RunTime:0.000028s ]
[ info ] [ CACHE ] INIT File
[ info ] [ BEHAVIOR ] Run Closure @app_init [ RunTime:0.001033s ]
[ info ] [ LANG ] /home/wwwroot/ms/thinkphp/lang/zh-cn.php
[ info ] [ ROUTE ] array (
  'type' => 'module',
  'module' => 
  array (
    0 => 'admin',
    1 => 'addon',
    2 => NULL,
  ),
)
[ info ] [ HEADER ] array (
  'cookie' => 'thinkphp_show_page_trace=0|0; thinkphp_show_page_trace=0|0; Hm_lvt_f8d0a8c400404989e195270b0bbf060a=1536045985,1536054222; PHPSESSID=3dbkbl2khgthqk75nj5nht1djp; Hm_lpvt_f8d0a8c400404989e195270b0bbf060a=1536056985',
  'accept-language' => 'zh-CN,zh;q=0.9',
  'accept-encoding' => 'gzip, deflate',
  'referer' => 'http://test.meishiheavn.com/admin.php/addon?ref=addtabs',
  'accept' => 'text/html,application/xhtml+xml,application/xml;q=0.9,image/webp,image/apng,*/*;q=0.8',
  'user-agent' => 'Mozilla/5.0 (Windows NT 6.1; WOW64) AppleWebKit/537.36 (KHTML, like Gecko) Chrome/68.0.3440.106 Safari/537.36',
  'upgrade-insecure-requests' => '1',
  'connection' => 'keep-alive',
  'host' => 'test.meishiheavn.com',
  'content-type' => '',
  'content-length' => '',
)
[ info ] [ PARAM ] array (
  'addtabs' => '1',
)
[ info ] [ LANG ] /home/wwwroot/ms/public/../application/admin/lang/zh-cn.php
[ info ] [ BEHAVIOR ] Run app\common\behavior\Common @module_init [ RunTime:0.001355s ]
[ info ] [ SESSION ] INIT array (
  'id' => '',
  'var_session_id' => '',
  'prefix' => 'think',
  'type' => '',
  'auto_start' => true,
)
[ info ] [ DB ] INIT mysql
[ info ] [ LANG ] /home/wwwroot/ms/public/../application/admin/lang/zh-cn/addon.php
[ info ] [ RUN ] app\admin\controller\Addon->index[ /home/wwwroot/ms/application/admin/controller/Addon.php ]
[ info ] [ VIEW ] /home/wwwroot/ms/public/../application/admin/view/addon/index.html [ array (
  0 => 'breadcrumb',
  1 => 'site',
  2 => 'config',
  3 => 'auth',
  4 => 'admin',
) ]
[ info ] [ BEHAVIOR ] Run app\admin\behavior\AdminLog @app_end [ RunTime:0.000109s ]
[ info ] [ LOG ] INIT File
[ sql ] [ DB ] CONNECT:[ UseTime:0.000325s ] mysql:host=127.0.0.1;dbname=msheavn;charset=utf8
[ sql ] [ SQL ] SHOW COLUMNS FROM `ms_auth_group_access` [ RunTime:0.000559s ]
[ sql ] [ SQL ] SELECT `aga`.`uid`,`aga`.`group_id`,`ag`.`id`,`ag`.`pid`,`ag`.`name`,`ag`.`rules` FROM `ms_auth_group_access` `aga` LEFT JOIN `ms_auth_group` `ag` ON `aga`.`group_id`=`ag`.`id` WHERE  (  aga.uid='1' and ag.status='normal' ) [ RunTime:0.000248s ]
[ sql ] [ SQL ] SHOW COLUMNS FROM `ms_auth_rule` [ RunTime:0.000482s ]
[ sql ] [ SQL ] SELECT `id`,`pid`,`condition`,`icon`,`name`,`title`,`ismenu` FROM `ms_auth_rule` WHERE  `status` = 'normal' [ RunTime:0.000220s ]
[ sql ] [ SQL ] SELECT `title`,`remark` FROM `ms_auth_rule` WHERE  `name` = 'addon' LIMIT 1 [ RunTime:0.000378s ]
---------------------------------------------------------------
[ 2018-09-05T14:32:55+08:00 ] 202.108.219.74 GET /admin.php/ajax/lang?callback=define&controllername=addon&v=1536129175
[ info ] test.meishiheavn.com/admin.php/ajax/lang?callback=define&controllername=addon&v=1536129175 [运行时间：0.032770s][吞吐率：30.52req/s] [内存消耗：3,549.34kb] [文件加载：86]
[ info ] [ BEHAVIOR ] Run Closure @app_init [ RunTime:0.000017s ]
[ info ] [ CACHE ] INIT File
[ info ] [ BEHAVIOR ] Run Closure @app_init [ RunTime:0.000945s ]
[ info ] [ LANG ] /home/wwwroot/ms/thinkphp/lang/zh-cn.php
[ info ] [ ROUTE ] array (
  'type' => 'module',
  'module' => 
  array (
    0 => 'admin',
    1 => 'ajax',
    2 => 'lang',
  ),
)
[ info ] [ HEADER ] array (
  'cookie' => 'thinkphp_show_page_trace=0|0; thinkphp_show_page_trace=0|0; Hm_lvt_f8d0a8c400404989e195270b0bbf060a=1536045985,1536054222; PHPSESSID=3dbkbl2khgthqk75nj5nht1djp; Hm_lpvt_f8d0a8c400404989e195270b0bbf060a=1536056985',
  'accept-language' => 'zh-CN,zh;q=0.9',
  'accept-encoding' => 'gzip, deflate',
  'referer' => 'http://test.meishiheavn.com/admin.php/addon?addtabs=1',
  'accept' => '*/*',
  'user-agent' => 'Mozilla/5.0 (Windows NT 6.1; WOW64) AppleWebKit/537.36 (KHTML, like Gecko) Chrome/68.0.3440.106 Safari/537.36',
  'connection' => 'keep-alive',
  'host' => 'test.meishiheavn.com',
  'content-type' => '',
  'content-length' => '',
)
[ info ] [ PARAM ] array (
  'callback' => 'define',
  'controllername' => 'addon',
  'v' => '1536129175',
)
[ info ] [ LANG ] /home/wwwroot/ms/public/../application/admin/lang/zh-cn.php
[ info ] [ BEHAVIOR ] Run app\common\behavior\Common @module_init [ RunTime:0.001347s ]
[ info ] [ SESSION ] INIT array (
  'id' => '',
  'var_session_id' => '',
  'prefix' => 'think',
  'type' => '',
  'auto_start' => true,
)
[ info ] [ LANG ] /home/wwwroot/ms/public/../application/admin/lang/zh-cn/ajax.php
[ info ] [ RUN ] app\admin\controller\Ajax->lang[ /home/wwwroot/ms/application/admin/controller/Ajax.php ]
[ info ] [ LANG ] /home/wwwroot/ms/public/../application/admin/lang/zh-cn/addon.php
[ info ] [ BEHAVIOR ] Run app\admin\behavior\AdminLog @app_end [ RunTime:0.000105s ]
[ info ] [ LOG ] INIT File
---------------------------------------------------------------
[ 2018-09-05T14:33:07+08:00 ] 202.108.219.74 GET /admin.php/auth/rule?addtabs=1
[ info ] test.meishiheavn.com/admin.php/auth/rule?addtabs=1 [运行时间：0.070397s][吞吐率：14.21req/s] [内存消耗：4,694.79kb] [文件加载：99]
[ info ] [ BEHAVIOR ] Run Closure @app_init [ RunTime:0.000023s ]
[ info ] [ CACHE ] INIT File
[ info ] [ BEHAVIOR ] Run Closure @app_init [ RunTime:0.000969s ]
[ info ] [ LANG ] /home/wwwroot/ms/thinkphp/lang/zh-cn.php
[ info ] [ ROUTE ] array (
  'type' => 'module',
  'module' => 
  array (
    0 => 'admin',
    1 => 'auth.rule',
    2 => NULL,
  ),
)
[ info ] [ HEADER ] array (
  'cookie' => 'thinkphp_show_page_trace=0|0; thinkphp_show_page_trace=0|0; Hm_lvt_f8d0a8c400404989e195270b0bbf060a=1536045985,1536054222; PHPSESSID=3dbkbl2khgthqk75nj5nht1djp; Hm_lpvt_f8d0a8c400404989e195270b0bbf060a=1536056985',
  'accept-language' => 'zh-CN,zh;q=0.9',
  'accept-encoding' => 'gzip, deflate',
  'referer' => 'http://test.meishiheavn.com/admin.php/auth/rule?ref=addtabs',
  'accept' => 'text/html,application/xhtml+xml,application/xml;q=0.9,image/webp,image/apng,*/*;q=0.8',
  'user-agent' => 'Mozilla/5.0 (Windows NT 6.1; WOW64) AppleWebKit/537.36 (KHTML, like Gecko) Chrome/68.0.3440.106 Safari/537.36',
  'upgrade-insecure-requests' => '1',
  'connection' => 'keep-alive',
  'host' => 'test.meishiheavn.com',
  'content-type' => '',
  'content-length' => '',
)
[ info ] [ PARAM ] array (
  'addtabs' => '1',
)
[ info ] [ LANG ] /home/wwwroot/ms/public/../application/admin/lang/zh-cn.php
[ info ] [ BEHAVIOR ] Run app\common\behavior\Common @module_init [ RunTime:0.001306s ]
[ info ] [ SESSION ] INIT array (
  'id' => '',
  'var_session_id' => '',
  'prefix' => 'think',
  'type' => '',
  'auto_start' => true,
)
[ info ] [ DB ] INIT mysql
[ info ] [ LANG ] /home/wwwroot/ms/public/../application/admin/lang/zh-cn/auth/rule.php
[ info ] [ RUN ] app\admin\controller\auth\Rule->index[ /home/wwwroot/ms/application/admin/controller/auth/Rule.php ]
[ info ] [ VIEW ] /home/wwwroot/ms/public/../application/admin/view/auth/rule/index.html [ array (
  0 => 'breadcrumb',
  1 => 'site',
  2 => 'config',
  3 => 'auth',
  4 => 'admin',
  5 => 'ruledata',
) ]
[ info ] [ BEHAVIOR ] Run app\admin\behavior\AdminLog @app_end [ RunTime:0.000116s ]
[ info ] [ LOG ] INIT File
[ sql ] [ DB ] CONNECT:[ UseTime:0.000320s ] mysql:host=127.0.0.1;dbname=msheavn;charset=utf8
[ sql ] [ SQL ] SHOW COLUMNS FROM `ms_auth_group_access` [ RunTime:0.000543s ]
[ sql ] [ SQL ] SELECT `aga`.`uid`,`aga`.`group_id`,`ag`.`id`,`ag`.`pid`,`ag`.`name`,`ag`.`rules` FROM `ms_auth_group_access` `aga` LEFT JOIN `ms_auth_group` `ag` ON `aga`.`group_id`=`ag`.`id` WHERE  (  aga.uid='1' and ag.status='normal' ) [ RunTime:0.000194s ]
[ sql ] [ SQL ] SHOW COLUMNS FROM `ms_auth_rule` [ RunTime:0.000478s ]
[ sql ] [ SQL ] SELECT `id`,`pid`,`condition`,`icon`,`name`,`title`,`ismenu` FROM `ms_auth_rule` WHERE  `status` = 'normal' [ RunTime:0.000205s ]
[ sql ] [ SQL ] SELECT * FROM `ms_auth_rule` ORDER BY `weigh` DESC [ RunTime:0.000615s ]
[ sql ] [ SQL ] SELECT `title`,`remark` FROM `ms_auth_rule` WHERE  `name` = 'auth/rule' LIMIT 1 [ RunTime:0.000395s ]
---------------------------------------------------------------
[ 2018-09-05T14:33:07+08:00 ] 202.108.219.74 GET /admin.php/ajax/lang?callback=define&controllername=auth.rule&v=1536129187
[ info ] test.meishiheavn.com/admin.php/ajax/lang?callback=define&controllername=auth.rule&v=1536129187 [运行时间：0.032043s][吞吐率：31.21req/s] [内存消耗：3,543.57kb] [文件加载：86]
[ info ] [ BEHAVIOR ] Run Closure @app_init [ RunTime:0.000018s ]
[ info ] [ CACHE ] INIT File
[ info ] [ BEHAVIOR ] Run Closure @app_init [ RunTime:0.000973s ]
[ info ] [ LANG ] /home/wwwroot/ms/thinkphp/lang/zh-cn.php
[ info ] [ ROUTE ] array (
  'type' => 'module',
  'module' => 
  array (
    0 => 'admin',
    1 => 'ajax',
    2 => 'lang',
  ),
)
[ info ] [ HEADER ] array (
  'cookie' => 'thinkphp_show_page_trace=0|0; thinkphp_show_page_trace=0|0; Hm_lvt_f8d0a8c400404989e195270b0bbf060a=1536045985,1536054222; PHPSESSID=3dbkbl2khgthqk75nj5nht1djp; Hm_lpvt_f8d0a8c400404989e195270b0bbf060a=1536056985',
  'accept-language' => 'zh-CN,zh;q=0.9',
  'accept-encoding' => 'gzip, deflate',
  'referer' => 'http://test.meishiheavn.com/admin.php/auth/rule?addtabs=1',
  'accept' => '*/*',
  'user-agent' => 'Mozilla/5.0 (Windows NT 6.1; WOW64) AppleWebKit/537.36 (KHTML, like Gecko) Chrome/68.0.3440.106 Safari/537.36',
  'connection' => 'keep-alive',
  'host' => 'test.meishiheavn.com',
  'content-type' => '',
  'content-length' => '',
)
[ info ] [ PARAM ] array (
  'callback' => 'define',
  'controllername' => 'auth.rule',
  'v' => '1536129187',
)
[ info ] [ LANG ] /home/wwwroot/ms/public/../application/admin/lang/zh-cn.php
[ info ] [ BEHAVIOR ] Run app\common\behavior\Common @module_init [ RunTime:0.001286s ]
[ info ] [ SESSION ] INIT array (
  'id' => '',
  'var_session_id' => '',
  'prefix' => 'think',
  'type' => '',
  'auto_start' => true,
)
[ info ] [ LANG ] /home/wwwroot/ms/public/../application/admin/lang/zh-cn/ajax.php
[ info ] [ RUN ] app\admin\controller\Ajax->lang[ /home/wwwroot/ms/application/admin/controller/Ajax.php ]
[ info ] [ LANG ] /home/wwwroot/ms/public/../application/admin/lang/zh-cn/auth/rule.php
[ info ] [ BEHAVIOR ] Run app\admin\behavior\AdminLog @app_end [ RunTime:0.000104s ]
[ info ] [ LOG ] INIT File
---------------------------------------------------------------
[ 2018-09-05T14:33:08+08:00 ] 202.108.219.74 GET /admin.php/auth/rule/index?sort=weigh&order=desc&_=1536128987143
[ info ] test.meishiheavn.com/admin.php/auth/rule/index?sort=weigh&order=desc&_=1536128987143 [运行时间：0.045622s][吞吐率：21.92req/s] [内存消耗：4,541.29kb] [文件加载：95]
[ info ] [ BEHAVIOR ] Run Closure @app_init [ RunTime:0.000019s ]
[ info ] [ CACHE ] INIT File
[ info ] [ BEHAVIOR ] Run Closure @app_init [ RunTime:0.001013s ]
[ info ] [ LANG ] /home/wwwroot/ms/thinkphp/lang/zh-cn.php
[ info ] [ ROUTE ] array (
  'type' => 'module',
  'module' => 
  array (
    0 => 'admin',
    1 => 'auth.rule',
    2 => 'index',
  ),
)
[ info ] [ HEADER ] array (
  'cookie' => 'thinkphp_show_page_trace=0|0; thinkphp_show_page_trace=0|0; thinkphp_show_page_trace=0|0; Hm_lvt_f8d0a8c400404989e195270b0bbf060a=1536045985,1536054222; PHPSESSID=3dbkbl2khgthqk75nj5nht1djp; Hm_lpvt_f8d0a8c400404989e195270b0bbf060a=1536056985',
  'accept-language' => 'zh-CN,zh;q=0.9',
  'accept-encoding' => 'gzip, deflate',
  'referer' => 'http://test.meishiheavn.com/admin.php/auth/rule?addtabs=1',
  'content-type' => 'application/json',
  'user-agent' => 'Mozilla/5.0 (Windows NT 6.1; WOW64) AppleWebKit/537.36 (KHTML, like Gecko) Chrome/68.0.3440.106 Safari/537.36',
  'x-requested-with' => 'XMLHttpRequest',
  'accept' => 'application/json, text/javascript, */*; q=0.01',
  'connection' => 'keep-alive',
  'host' => 'test.meishiheavn.com',
  'content-length' => '',
)
[ info ] [ PARAM ] array (
  'sort' => 'weigh',
  'order' => 'desc',
  '_' => '1536128987143',
)
[ info ] [ LANG ] /home/wwwroot/ms/public/../application/admin/lang/zh-cn.php
[ info ] [ BEHAVIOR ] Run app\common\behavior\Common @module_init [ RunTime:0.001382s ]
[ info ] [ SESSION ] INIT array (
  'id' => '',
  'var_session_id' => '',
  'prefix' => 'think',
  'type' => '',
  'auto_start' => true,
)
[ info ] [ DB ] INIT mysql
[ info ] [ LANG ] /home/wwwroot/ms/public/../application/admin/lang/zh-cn/auth/rule.php
[ info ] [ RUN ] app\admin\controller\auth\Rule->index[ /home/wwwroot/ms/application/admin/controller/auth/Rule.php ]
[ info ] [ BEHAVIOR ] Run app\admin\behavior\AdminLog @app_end [ RunTime:0.000122s ]
[ info ] [ LOG ] INIT File
[ sql ] [ DB ] CONNECT:[ UseTime:0.000283s ] mysql:host=127.0.0.1;dbname=msheavn;charset=utf8
[ sql ] [ SQL ] SHOW COLUMNS FROM `ms_auth_group_access` [ RunTime:0.000563s ]
[ sql ] [ SQL ] SELECT `aga`.`uid`,`aga`.`group_id`,`ag`.`id`,`ag`.`pid`,`ag`.`name`,`ag`.`rules` FROM `ms_auth_group_access` `aga` LEFT JOIN `ms_auth_group` `ag` ON `aga`.`group_id`=`ag`.`id` WHERE  (  aga.uid='1' and ag.status='normal' ) [ RunTime:0.000191s ]
[ sql ] [ SQL ] SHOW COLUMNS FROM `ms_auth_rule` [ RunTime:0.000500s ]
[ sql ] [ SQL ] SELECT `id`,`pid`,`condition`,`icon`,`name`,`title`,`ismenu` FROM `ms_auth_rule` WHERE  `status` = 'normal' [ RunTime:0.000246s ]
[ sql ] [ SQL ] SELECT * FROM `ms_auth_rule` ORDER BY `weigh` DESC [ RunTime:0.000248s ]
---------------------------------------------------------------
[ 2018-09-05T19:25:52+08:00 ] 180.163.220.5 GET /
[ info ] test.meishiheavn.com/ [运行时间：0.036586s][吞吐率：27.33req/s] [内存消耗：3,359.79kb] [文件加载：84]
[ info ] [ BEHAVIOR ] Run Closure @app_init [ RunTime:0.000018s ]
[ info ] [ CACHE ] INIT File
[ info ] [ BEHAVIOR ] Run Closure @app_init [ RunTime:0.001125s ]
[ info ] [ LANG ] /home/wwwroot/ms/thinkphp/lang/zh-cn.php
[ info ] [ ROUTE ] array (
  'type' => 'module',
  'module' => 
  array (
    0 => '',
    1 => NULL,
    2 => NULL,
  ),
)
[ info ] [ HEADER ] array (
  'accept-encoding' => 'gzip, deflate',
  'accept' => 'text/html,application/xhtml+xml,application/xml;q=0.9,image/webp,image/apng,*/*;q=0.8',
  'user-agent' => 'Mozilla/5.0 (Linux; U; Android 5.0.2; zh-CN; Redmi Note 3 Build/LRX22G) AppleWebKit/537.36 (KHTML, like Gecko) Version/4.0 OPR/11.2.3.102637 Mobile Safari/537.36',
  'upgrade-insecure-requests' => '1',
  'connection' => 'keep-alive',
  'host' => 'test.meishiheavn.com',
  'content-type' => '',
  'content-length' => '',
)
[ info ] [ PARAM ] array (
)
[ info ] [ LANG ] /home/wwwroot/ms/public/../application/index/lang/zh-cn.php
[ info ] [ BEHAVIOR ] Run app\common\behavior\Common @module_init [ RunTime:0.001454s ]
[ info ] [ LANG ] /home/wwwroot/ms/public/../application/index/lang/zh-cn/index.php
[ info ] [ RUN ] app\index\controller\Index->index[ /home/wwwroot/ms/application/index/controller/Index.php ]
[ info ] [ VIEW ] /home/wwwroot/ms/public/../application/index/view/index/index.html [ array (
  0 => 'user',
  1 => 'site',
  2 => 'config',
) ]
[ info ] [ LOG ] INIT File
